--------------- Build Started: 06/12/2024 20:06:06 Project: D5-RADAR_Detection, Configuration: ARM GCC 5.4-2016-q2-update Debug ---------------
cydsfit.exe -.appdatapath "C:\Users\HP\AppData\Local\Cypress Semiconductor\PSoC Creator\4.4" -.fdsnotice -.fdswarpdepfile=warp_dependencies.txt -.fdselabdepfile=elab_dependencies.txt -.fdsbldfile=generated_files.txt -.fdsreffile=referenced_files.txt -p E:\HDA_Lectures\001_Repository\012_SDHD\012_SDHD_LabCodes\Lab\40_Implementation\20_SW\10_work\SDHD_WP1\D5-RADAR_Detection.cydsn\D5-RADAR_Detection.cyprj -d CY8C5888AXI-LP096 -s E:\HDA_Lectures\001_Repository\012_SDHD\012_SDHD_LabCodes\Lab\40_Implementation\20_SW\10_work\SDHD_WP1\D5-RADAR_Detection.cydsn\Generated_Source\PSoC5 -- -yv2 -q10 -ygs -o2 -v3 -.fftcfgtype=LE
Elaborating Design...
HDL Generation...
Synthesis...
Tech Mapping...
Analog Placement...
Info: apr.M0002: Analog signal "\ADC:Net_35\" is connected to one terminal only. (App=cydsfit)
Log: apr.M0058: The analog placement iterative improvement is 44% done. (App=cydsfit)
Analog Routing...
Analog Code Generation...
Digital Placement...
Digital Routing...
Bitstream Generation...
Bitstream Verification...
Static timing analysis...
API Generation...
Dependency Generation...
Cleanup...
--------------- Build Succeeded: 06/12/2024 20:06:14 ---------------
