--------------- Rebuild Started: 07/09/2024 14:16:56 Project: D5-RADAR_Detection, Configuration: ARM GCC 5.4-2016-q2-update Debug ---------------
Deleting file ".\CortexM3\ARM_GCC_541\Debug\main.o"
Deleting file ".\CortexM3\ARM_GCC_541\Debug\state_machine.o"
Deleting file ".\CortexM3\ARM_GCC_541\Debug\cfar.o"
Deleting file ".\CortexM3\ARM_GCC_541\Debug\hardware_init.o"
Deleting file ".\CortexM3\ARM_GCC_541\Debug\interrupt_handlers.o"
Deleting file ".\CortexM3\ARM_GCC_541\Debug\cyfitter_cfg.o"
Deleting file ".\CortexM3\ARM_GCC_541\Debug\cymetadata.o"
Deleting file ".\CortexM3\ARM_GCC_541\Debug\WaveDAC8.o"
Deleting file ".\CortexM3\ARM_GCC_541\Debug\WaveDAC8_PM.o"
Deleting file ".\CortexM3\ARM_GCC_541\Debug\ADC.o"
Deleting file ".\CortexM3\ARM_GCC_541\Debug\ADC_PM.o"
Deleting file ".\CortexM3\ARM_GCC_541\Debug\ADC_INT.o"
Deleting file ".\CortexM3\ARM_GCC_541\Debug\ADC_in.o"
Deleting file ".\CortexM3\ARM_GCC_541\Debug\DAC.o"
Deleting file ".\CortexM3\ARM_GCC_541\Debug\UART_LOG.o"
Deleting file ".\CortexM3\ARM_GCC_541\Debug\UART_LOG_PM.o"
Deleting file ".\CortexM3\ARM_GCC_541\Debug\UART_LOG_INT.o"
Deleting file ".\CortexM3\ARM_GCC_541\Debug\UART_LOG_BOOT.o"
Deleting file ".\CortexM3\ARM_GCC_541\Debug\ISR_UART.o"
Deleting file ".\CortexM3\ARM_GCC_541\Debug\Green_LED.o"
Deleting file ".\CortexM3\ARM_GCC_541\Debug\Yellow_LED.o"
Deleting file ".\CortexM3\ARM_GCC_541\Debug\Red_LED.o"
Deleting file ".\CortexM3\ARM_GCC_541\Debug\Push_button.o"
Deleting file ".\CortexM3\ARM_GCC_541\Debug\WaveDAC8_DacClk.o"
Deleting file ".\CortexM3\ARM_GCC_541\Debug\WaveDAC8_Wave1_DMA_dma.o"
Deleting file ".\CortexM3\ARM_GCC_541\Debug\WaveDAC8_Wave2_DMA_dma.o"
Deleting file ".\CortexM3\ARM_GCC_541\Debug\WaveDAC8_VDAC8.o"
Deleting file ".\CortexM3\ARM_GCC_541\Debug\WaveDAC8_VDAC8_PM.o"
Deleting file ".\CortexM3\ARM_GCC_541\Debug\ADC_AMux.o"
Deleting file ".\CortexM3\ARM_GCC_541\Debug\ADC_Ext_CP_Clk.o"
Deleting file ".\CortexM3\ARM_GCC_541\Debug\ADC_IRQ.o"
Deleting file ".\CortexM3\ARM_GCC_541\Debug\ADC_theACLK.o"
Deleting file ".\CortexM3\ARM_GCC_541\Debug\UART_LOG_IntClock.o"
Deleting file ".\CortexM3\ARM_GCC_541\Debug\Cm3Start.o"
Deleting file ".\CortexM3\ARM_GCC_541\Debug\CyBootAsmGnu.o"
Deleting file ".\CortexM3\ARM_GCC_541\Debug\CyDmac.o"
Deleting file ".\CortexM3\ARM_GCC_541\Debug\CyFlash.o"
Deleting file ".\CortexM3\ARM_GCC_541\Debug\CyLib.o"
Deleting file ".\CortexM3\ARM_GCC_541\Debug\cyPm.o"
Deleting file ".\CortexM3\ARM_GCC_541\Debug\CySpc.o"
Deleting file ".\CortexM3\ARM_GCC_541\Debug\cyutils.o"
Deleting file ".\CortexM3\ARM_GCC_541\Debug\cy_em_eeprom.o"
Deleting file ".\CortexM3\ARM_GCC_541\Debug\ISR_PB.o"
Deleting file ".\CortexM3\ARM_GCC_541\Debug\User_LED.o"
Deleting file ".\CortexM3\ARM_GCC_541\Debug\D5-RADAR_Detection.hex"
Deleting file ".\CortexM3\ARM_GCC_541\Debug\D5-RADAR_Detection.elf"
Deleting file ".\CortexM3\ARM_GCC_541\Debug\D5-RADAR_Detection.map"
Deleting file ".\D5-RADAR_Detection.cycdx"
Deleting file ".\D5-RADAR_Detection.svd"
Deleting file ".\D5-RADAR_Detection.rpt"
Deleting file ".\D5-RADAR_Detection_timing.html"
Deleting file ".\CortexM3\ARM_GCC_541\Debug\.deps\SOURCE_C__ARM_GCC_GENERIC.P"
Deleting file ".\CortexM3\ARM_GCC_541\Debug\.deps\SOURCE_ASM__ARM_GCC_GENERIC.P"
cydsfit.exe -.appdatapath "C:\Users\HP\AppData\Local\Cypress Semiconductor\PSoC Creator\4.4" -.fdsnotice -.fdswarpdepfile=warp_dependencies.txt -.fdselabdepfile=elab_dependencies.txt -.fdsbldfile=generated_files.txt -.fdsreffile=referenced_files.txt -p E:\HDA_Lectures\001_Repository\012_SDHD\012_SDHD_LabCodes\Lab\40_Implementation\20_SW\10_work\SDHD_WP1\D5-RADAR_Detection.cydsn\D5-RADAR_Detection.cyprj -d CY8C5888AXI-LP096 -s E:\HDA_Lectures\001_Repository\012_SDHD\012_SDHD_LabCodes\Lab\40_Implementation\20_SW\10_work\SDHD_WP1\D5-RADAR_Detection.cydsn\Generated_Source\PSoC5 -- -yv2 -q10 -ygs -o2 -v3 -.fftcfgtype=LE
Elaborating Design...
HDL Generation...
Synthesis...
Tech Mapping...
Analog Placement...
Info: apr.M0002: Analog signal "\ADC:Net_35\" is connected to one terminal only. (App=cydsfit)
Log: apr.M0058: The analog placement iterative improvement is 44% done. (App=cydsfit)
Analog Routing...
Analog Code Generation...
Digital Placement...
Digital Routing...
Bitstream Generation...
Bitstream Verification...
Static timing analysis...
API Generation...
Dependency Generation...
Cleanup...
arm-none-eabi-gcc.exe -mcpu=cortex-m3 -mthumb -I.\sources -I.\sources\asw -I.\sources\bsw -I.\sources\bsw\fft_application -I. -IGenerated_Source\PSoC5 -Wa,-alh=.\CortexM3\ARM_GCC_541\Debug/main.lst -g -D DEBUG -D CY_CORE_ID=0 -D ARM_MATH_CM3 -Wall -ffunction-sections -ffat-lto-objects -Og -c sources\asw\main.c -o .\CortexM3\ARM_GCC_541\Debug\main.o
arm-none-eabi-gcc.exe -mcpu=cortex-m3 -mthumb -I.\sources -I.\sources\asw -I.\sources\bsw -I.\sources\bsw\fft_application -I. -IGenerated_Source\PSoC5 -Wa,-alh=.\CortexM3\ARM_GCC_541\Debug/state_machine.lst -g -D DEBUG -D CY_CORE_ID=0 -D ARM_MATH_CM3 -Wall -ffunction-sections -ffat-lto-objects -Og -c sources\asw\state_machine.c -o .\CortexM3\ARM_GCC_541\Debug\state_machine.o
arm-none-eabi-gcc.exe -mcpu=cortex-m3 -mthumb -I.\sources -I.\sources\asw -I.\sources\bsw -I.\sources\bsw\fft_application -I. -IGenerated_Source\PSoC5 -Wa,-alh=.\CortexM3\ARM_GCC_541\Debug/cfar.lst -g -D DEBUG -D CY_CORE_ID=0 -D ARM_MATH_CM3 -Wall -ffunction-sections -ffat-lto-objects -Og -c sources\asw\cfar.c -o .\CortexM3\ARM_GCC_541\Debug\cfar.o
arm-none-eabi-gcc.exe -mcpu=cortex-m3 -mthumb -I.\sources -I.\sources\asw -I.\sources\bsw -I.\sources\bsw\fft_application -I. -IGenerated_Source\PSoC5 -Wa,-alh=.\CortexM3\ARM_GCC_541\Debug/hardware_init.lst -g -D DEBUG -D CY_CORE_ID=0 -D ARM_MATH_CM3 -Wall -ffunction-sections -ffat-lto-objects -Og -c sources\bsw\hardware_init.c -o .\CortexM3\ARM_GCC_541\Debug\hardware_init.o
arm-none-eabi-gcc.exe -mcpu=cortex-m3 -mthumb -I.\sources -I.\sources\asw -I.\sources\bsw -I.\sources\bsw\fft_application -I. -IGenerated_Source\PSoC5 -Wa,-alh=.\CortexM3\ARM_GCC_541\Debug/interrupt_handlers.lst -g -D DEBUG -D CY_CORE_ID=0 -D ARM_MATH_CM3 -Wall -ffunction-sections -ffat-lto-objects -Og -c sources\bsw\interrupt_handlers.c -o .\CortexM3\ARM_GCC_541\Debug\interrupt_handlers.o
arm-none-eabi-gcc.exe -mcpu=cortex-m3 -mthumb -I.\sources -I.\sources\asw -I.\sources\bsw -I.\sources\bsw\fft_application -I. -IGenerated_Source\PSoC5 -Wa,-alh=.\CortexM3\ARM_GCC_541\Debug/cyfitter_cfg.lst -g -D DEBUG -D CY_CORE_ID=0 -D ARM_MATH_CM3 -Wall -ffunction-sections -ffat-lto-objects -Og -c Generated_Source\PSoC5\cyfitter_cfg.c -o .\CortexM3\ARM_GCC_541\Debug\cyfitter_cfg.o
arm-none-eabi-gcc.exe -mcpu=cortex-m3 -mthumb -I.\sources -I.\sources\asw -I.\sources\bsw -I.\sources\bsw\fft_application -I. -IGenerated_Source\PSoC5 -Wa,-alh=.\CortexM3\ARM_GCC_541\Debug/cymetadata.lst -g -D DEBUG -D CY_CORE_ID=0 -D ARM_MATH_CM3 -Wall -ffunction-sections -ffat-lto-objects -Og -c Generated_Source\PSoC5\cymetadata.c -o .\CortexM3\ARM_GCC_541\Debug\cymetadata.o
arm-none-eabi-gcc.exe -mcpu=cortex-m3 -mthumb -I.\sources -I.\sources\asw -I.\sources\bsw -I.\sources\bsw\fft_application -I. -IGenerated_Source\PSoC5 -Wa,-alh=.\CortexM3\ARM_GCC_541\Debug/WaveDAC8.lst -g -D DEBUG -D CY_CORE_ID=0 -D ARM_MATH_CM3 -Wall -ffunction-sections -ffat-lto-objects -Og -c Generated_Source\PSoC5\WaveDAC8.c -o .\CortexM3\ARM_GCC_541\Debug\WaveDAC8.o
arm-none-eabi-gcc.exe -mcpu=cortex-m3 -mthumb -I.\sources -I.\sources\asw -I.\sources\bsw -I.\sources\bsw\fft_application -I. -IGenerated_Source\PSoC5 -Wa,-alh=.\CortexM3\ARM_GCC_541\Debug/WaveDAC8_PM.lst -g -D DEBUG -D CY_CORE_ID=0 -D ARM_MATH_CM3 -Wall -ffunction-sections -ffat-lto-objects -Og -c Generated_Source\PSoC5\WaveDAC8_PM.c -o .\CortexM3\ARM_GCC_541\Debug\WaveDAC8_PM.o
arm-none-eabi-gcc.exe -mcpu=cortex-m3 -mthumb -I.\sources -I.\sources\asw -I.\sources\bsw -I.\sources\bsw\fft_application -I. -IGenerated_Source\PSoC5 -Wa,-alh=.\CortexM3\ARM_GCC_541\Debug/ADC.lst -g -D DEBUG -D CY_CORE_ID=0 -D ARM_MATH_CM3 -Wall -ffunction-sections -ffat-lto-objects -Og -c Generated_Source\PSoC5\ADC.c -o .\CortexM3\ARM_GCC_541\Debug\ADC.o
arm-none-eabi-gcc.exe -mcpu=cortex-m3 -mthumb -I.\sources -I.\sources\asw -I.\sources\bsw -I.\sources\bsw\fft_application -I. -IGenerated_Source\PSoC5 -Wa,-alh=.\CortexM3\ARM_GCC_541\Debug/ADC_PM.lst -g -D DEBUG -D CY_CORE_ID=0 -D ARM_MATH_CM3 -Wall -ffunction-sections -ffat-lto-objects -Og -c Generated_Source\PSoC5\ADC_PM.c -o .\CortexM3\ARM_GCC_541\Debug\ADC_PM.o
arm-none-eabi-gcc.exe -mcpu=cortex-m3 -mthumb -I.\sources -I.\sources\asw -I.\sources\bsw -I.\sources\bsw\fft_application -I. -IGenerated_Source\PSoC5 -Wa,-alh=.\CortexM3\ARM_GCC_541\Debug/ADC_INT.lst -g -D DEBUG -D CY_CORE_ID=0 -D ARM_MATH_CM3 -Wall -ffunction-sections -ffat-lto-objects -Og -c Generated_Source\PSoC5\ADC_INT.c -o .\CortexM3\ARM_GCC_541\Debug\ADC_INT.o
arm-none-eabi-gcc.exe -mcpu=cortex-m3 -mthumb -I.\sources -I.\sources\asw -I.\sources\bsw -I.\sources\bsw\fft_application -I. -IGenerated_Source\PSoC5 -Wa,-alh=.\CortexM3\ARM_GCC_541\Debug/ADC_in.lst -g -D DEBUG -D CY_CORE_ID=0 -D ARM_MATH_CM3 -Wall -ffunction-sections -ffat-lto-objects -Og -c Generated_Source\PSoC5\ADC_in.c -o .\CortexM3\ARM_GCC_541\Debug\ADC_in.o
arm-none-eabi-gcc.exe -mcpu=cortex-m3 -mthumb -I.\sources -I.\sources\asw -I.\sources\bsw -I.\sources\bsw\fft_application -I. -IGenerated_Source\PSoC5 -Wa,-alh=.\CortexM3\ARM_GCC_541\Debug/DAC.lst -g -D DEBUG -D CY_CORE_ID=0 -D ARM_MATH_CM3 -Wall -ffunction-sections -ffat-lto-objects -Og -c Generated_Source\PSoC5\DAC.c -o .\CortexM3\ARM_GCC_541\Debug\DAC.o
arm-none-eabi-gcc.exe -mcpu=cortex-m3 -mthumb -I.\sources -I.\sources\asw -I.\sources\bsw -I.\sources\bsw\fft_application -I. -IGenerated_Source\PSoC5 -Wa,-alh=.\CortexM3\ARM_GCC_541\Debug/UART_LOG.lst -g -D DEBUG -D CY_CORE_ID=0 -D ARM_MATH_CM3 -Wall -ffunction-sections -ffat-lto-objects -Og -c Generated_Source\PSoC5\UART_LOG.c -o .\CortexM3\ARM_GCC_541\Debug\UART_LOG.o
arm-none-eabi-gcc.exe -mcpu=cortex-m3 -mthumb -I.\sources -I.\sources\asw -I.\sources\bsw -I.\sources\bsw\fft_application -I. -IGenerated_Source\PSoC5 -Wa,-alh=.\CortexM3\ARM_GCC_541\Debug/UART_LOG_PM.lst -g -D DEBUG -D CY_CORE_ID=0 -D ARM_MATH_CM3 -Wall -ffunction-sections -ffat-lto-objects -Og -c Generated_Source\PSoC5\UART_LOG_PM.c -o .\CortexM3\ARM_GCC_541\Debug\UART_LOG_PM.o
arm-none-eabi-gcc.exe -mcpu=cortex-m3 -mthumb -I.\sources -I.\sources\asw -I.\sources\bsw -I.\sources\bsw\fft_application -I. -IGenerated_Source\PSoC5 -Wa,-alh=.\CortexM3\ARM_GCC_541\Debug/UART_LOG_INT.lst -g -D DEBUG -D CY_CORE_ID=0 -D ARM_MATH_CM3 -Wall -ffunction-sections -ffat-lto-objects -Og -c Generated_Source\PSoC5\UART_LOG_INT.c -o .\CortexM3\ARM_GCC_541\Debug\UART_LOG_INT.o
arm-none-eabi-gcc.exe -mcpu=cortex-m3 -mthumb -I.\sources -I.\sources\asw -I.\sources\bsw -I.\sources\bsw\fft_application -I. -IGenerated_Source\PSoC5 -Wa,-alh=.\CortexM3\ARM_GCC_541\Debug/UART_LOG_BOOT.lst -g -D DEBUG -D CY_CORE_ID=0 -D ARM_MATH_CM3 -Wall -ffunction-sections -ffat-lto-objects -Og -c Generated_Source\PSoC5\UART_LOG_BOOT.c -o .\CortexM3\ARM_GCC_541\Debug\UART_LOG_BOOT.o
arm-none-eabi-gcc.exe -mcpu=cortex-m3 -mthumb -I.\sources -I.\sources\asw -I.\sources\bsw -I.\sources\bsw\fft_application -I. -IGenerated_Source\PSoC5 -Wa,-alh=.\CortexM3\ARM_GCC_541\Debug/ISR_UART.lst -g -D DEBUG -D CY_CORE_ID=0 -D ARM_MATH_CM3 -Wall -ffunction-sections -ffat-lto-objects -Og -c Generated_Source\PSoC5\ISR_UART.c -o .\CortexM3\ARM_GCC_541\Debug\ISR_UART.o
arm-none-eabi-gcc.exe -mcpu=cortex-m3 -mthumb -I.\sources -I.\sources\asw -I.\sources\bsw -I.\sources\bsw\fft_application -I. -IGenerated_Source\PSoC5 -Wa,-alh=.\CortexM3\ARM_GCC_541\Debug/Green_LED.lst -g -D DEBUG -D CY_CORE_ID=0 -D ARM_MATH_CM3 -Wall -ffunction-sections -ffat-lto-objects -Og -c Generated_Source\PSoC5\Green_LED.c -o .\CortexM3\ARM_GCC_541\Debug\Green_LED.o
arm-none-eabi-gcc.exe -mcpu=cortex-m3 -mthumb -I.\sources -I.\sources\asw -I.\sources\bsw -I.\sources\bsw\fft_application -I. -IGenerated_Source\PSoC5 -Wa,-alh=.\CortexM3\ARM_GCC_541\Debug/Yellow_LED.lst -g -D DEBUG -D CY_CORE_ID=0 -D ARM_MATH_CM3 -Wall -ffunction-sections -ffat-lto-objects -Og -c Generated_Source\PSoC5\Yellow_LED.c -o .\CortexM3\ARM_GCC_541\Debug\Yellow_LED.o
arm-none-eabi-gcc.exe -mcpu=cortex-m3 -mthumb -I.\sources -I.\sources\asw -I.\sources\bsw -I.\sources\bsw\fft_application -I. -IGenerated_Source\PSoC5 -Wa,-alh=.\CortexM3\ARM_GCC_541\Debug/Red_LED.lst -g -D DEBUG -D CY_CORE_ID=0 -D ARM_MATH_CM3 -Wall -ffunction-sections -ffat-lto-objects -Og -c Generated_Source\PSoC5\Red_LED.c -o .\CortexM3\ARM_GCC_541\Debug\Red_LED.o
arm-none-eabi-gcc.exe -mcpu=cortex-m3 -mthumb -I.\sources -I.\sources\asw -I.\sources\bsw -I.\sources\bsw\fft_application -I. -IGenerated_Source\PSoC5 -Wa,-alh=.\CortexM3\ARM_GCC_541\Debug/Push_button.lst -g -D DEBUG -D CY_CORE_ID=0 -D ARM_MATH_CM3 -Wall -ffunction-sections -ffat-lto-objects -Og -c Generated_Source\PSoC5\Push_button.c -o .\CortexM3\ARM_GCC_541\Debug\Push_button.o
arm-none-eabi-gcc.exe -mcpu=cortex-m3 -mthumb -I.\sources -I.\sources\asw -I.\sources\bsw -I.\sources\bsw\fft_application -I. -IGenerated_Source\PSoC5 -Wa,-alh=.\CortexM3\ARM_GCC_541\Debug/WaveDAC8_DacClk.lst -g -D DEBUG -D CY_CORE_ID=0 -D ARM_MATH_CM3 -Wall -ffunction-sections -ffat-lto-objects -Og -c Generated_Source\PSoC5\WaveDAC8_DacClk.c -o .\CortexM3\ARM_GCC_541\Debug\WaveDAC8_DacClk.o
arm-none-eabi-gcc.exe -mcpu=cortex-m3 -mthumb -I.\sources -I.\sources\asw -I.\sources\bsw -I.\sources\bsw\fft_application -I. -IGenerated_Source\PSoC5 -Wa,-alh=.\CortexM3\ARM_GCC_541\Debug/WaveDAC8_Wave1_DMA_dma.lst -g -D DEBUG -D CY_CORE_ID=0 -D ARM_MATH_CM3 -Wall -ffunction-sections -ffat-lto-objects -Og -c Generated_Source\PSoC5\WaveDAC8_Wave1_DMA_dma.c -o .\CortexM3\ARM_GCC_541\Debug\WaveDAC8_Wave1_DMA_dma.o
arm-none-eabi-gcc.exe -mcpu=cortex-m3 -mthumb -I.\sources -I.\sources\asw -I.\sources\bsw -I.\sources\bsw\fft_application -I. -IGenerated_Source\PSoC5 -Wa,-alh=.\CortexM3\ARM_GCC_541\Debug/WaveDAC8_Wave2_DMA_dma.lst -g -D DEBUG -D CY_CORE_ID=0 -D ARM_MATH_CM3 -Wall -ffunction-sections -ffat-lto-objects -Og -c Generated_Source\PSoC5\WaveDAC8_Wave2_DMA_dma.c -o .\CortexM3\ARM_GCC_541\Debug\WaveDAC8_Wave2_DMA_dma.o
arm-none-eabi-gcc.exe -mcpu=cortex-m3 -mthumb -I.\sources -I.\sources\asw -I.\sources\bsw -I.\sources\bsw\fft_application -I. -IGenerated_Source\PSoC5 -Wa,-alh=.\CortexM3\ARM_GCC_541\Debug/WaveDAC8_VDAC8.lst -g -D DEBUG -D CY_CORE_ID=0 -D ARM_MATH_CM3 -Wall -ffunction-sections -ffat-lto-objects -Og -c Generated_Source\PSoC5\WaveDAC8_VDAC8.c -o .\CortexM3\ARM_GCC_541\Debug\WaveDAC8_VDAC8.o
arm-none-eabi-gcc.exe -mcpu=cortex-m3 -mthumb -I.\sources -I.\sources\asw -I.\sources\bsw -I.\sources\bsw\fft_application -I. -IGenerated_Source\PSoC5 -Wa,-alh=.\CortexM3\ARM_GCC_541\Debug/WaveDAC8_VDAC8_PM.lst -g -D DEBUG -D CY_CORE_ID=0 -D ARM_MATH_CM3 -Wall -ffunction-sections -ffat-lto-objects -Og -c Generated_Source\PSoC5\WaveDAC8_VDAC8_PM.c -o .\CortexM3\ARM_GCC_541\Debug\WaveDAC8_VDAC8_PM.o
arm-none-eabi-gcc.exe -mcpu=cortex-m3 -mthumb -I.\sources -I.\sources\asw -I.\sources\bsw -I.\sources\bsw\fft_application -I. -IGenerated_Source\PSoC5 -Wa,-alh=.\CortexM3\ARM_GCC_541\Debug/ADC_AMux.lst -g -D DEBUG -D CY_CORE_ID=0 -D ARM_MATH_CM3 -Wall -ffunction-sections -ffat-lto-objects -Og -c Generated_Source\PSoC5\ADC_AMux.c -o .\CortexM3\ARM_GCC_541\Debug\ADC_AMux.o
arm-none-eabi-gcc.exe -mcpu=cortex-m3 -mthumb -I.\sources -I.\sources\asw -I.\sources\bsw -I.\sources\bsw\fft_application -I. -IGenerated_Source\PSoC5 -Wa,-alh=.\CortexM3\ARM_GCC_541\Debug/ADC_Ext_CP_Clk.lst -g -D DEBUG -D CY_CORE_ID=0 -D ARM_MATH_CM3 -Wall -ffunction-sections -ffat-lto-objects -Og -c Generated_Source\PSoC5\ADC_Ext_CP_Clk.c -o .\CortexM3\ARM_GCC_541\Debug\ADC_Ext_CP_Clk.o
arm-none-eabi-gcc.exe -mcpu=cortex-m3 -mthumb -I.\sources -I.\sources\asw -I.\sources\bsw -I.\sources\bsw\fft_application -I. -IGenerated_Source\PSoC5 -Wa,-alh=.\CortexM3\ARM_GCC_541\Debug/ADC_IRQ.lst -g -D DEBUG -D CY_CORE_ID=0 -D ARM_MATH_CM3 -Wall -ffunction-sections -ffat-lto-objects -Og -c Generated_Source\PSoC5\ADC_IRQ.c -o .\CortexM3\ARM_GCC_541\Debug\ADC_IRQ.o
arm-none-eabi-gcc.exe -mcpu=cortex-m3 -mthumb -I.\sources -I.\sources\asw -I.\sources\bsw -I.\sources\bsw\fft_application -I. -IGenerated_Source\PSoC5 -Wa,-alh=.\CortexM3\ARM_GCC_541\Debug/ADC_theACLK.lst -g -D DEBUG -D CY_CORE_ID=0 -D ARM_MATH_CM3 -Wall -ffunction-sections -ffat-lto-objects -Og -c Generated_Source\PSoC5\ADC_theACLK.c -o .\CortexM3\ARM_GCC_541\Debug\ADC_theACLK.o
arm-none-eabi-gcc.exe -mcpu=cortex-m3 -mthumb -I.\sources -I.\sources\asw -I.\sources\bsw -I.\sources\bsw\fft_application -I. -IGenerated_Source\PSoC5 -Wa,-alh=.\CortexM3\ARM_GCC_541\Debug/UART_LOG_IntClock.lst -g -D DEBUG -D CY_CORE_ID=0 -D ARM_MATH_CM3 -Wall -ffunction-sections -ffat-lto-objects -Og -c Generated_Source\PSoC5\UART_LOG_IntClock.c -o .\CortexM3\ARM_GCC_541\Debug\UART_LOG_IntClock.o
arm-none-eabi-gcc.exe -mcpu=cortex-m3 -mthumb -I.\sources -I.\sources\asw -I.\sources\bsw -I.\sources\bsw\fft_application -I. -IGenerated_Source\PSoC5 -Wa,-alh=.\CortexM3\ARM_GCC_541\Debug/Cm3Start.lst -g -D DEBUG -D CY_CORE_ID=0 -D ARM_MATH_CM3 -Wall -ffunction-sections -ffat-lto-objects -Og -c Generated_Source\PSoC5\Cm3Start.c -o .\CortexM3\ARM_GCC_541\Debug\Cm3Start.o
arm-none-eabi-gcc.exe -mcpu=cortex-m3 -mthumb -I.\sources -I.\sources\asw -I.\sources\bsw -I.\sources\bsw\fft_application -I. -IGenerated_Source\PSoC5 -Wa,-alh=.\CortexM3\ARM_GCC_541\Debug/CyDmac.lst -g -D DEBUG -D CY_CORE_ID=0 -D ARM_MATH_CM3 -Wall -ffunction-sections -ffat-lto-objects -Og -c Generated_Source\PSoC5\CyDmac.c -o .\CortexM3\ARM_GCC_541\Debug\CyDmac.o
arm-none-eabi-gcc.exe -mcpu=cortex-m3 -mthumb -I.\sources -I.\sources\asw -I.\sources\bsw -I.\sources\bsw\fft_application -I. -IGenerated_Source\PSoC5 -Wa,-alh=.\CortexM3\ARM_GCC_541\Debug/CyFlash.lst -g -D DEBUG -D CY_CORE_ID=0 -D ARM_MATH_CM3 -Wall -ffunction-sections -ffat-lto-objects -Og -c Generated_Source\PSoC5\CyFlash.c -o .\CortexM3\ARM_GCC_541\Debug\CyFlash.o
arm-none-eabi-gcc.exe -mcpu=cortex-m3 -mthumb -I.\sources -I.\sources\asw -I.\sources\bsw -I.\sources\bsw\fft_application -I. -IGenerated_Source\PSoC5 -Wa,-alh=.\CortexM3\ARM_GCC_541\Debug/CyLib.lst -g -D DEBUG -D CY_CORE_ID=0 -D ARM_MATH_CM3 -Wall -ffunction-sections -ffat-lto-objects -Og -c Generated_Source\PSoC5\CyLib.c -o .\CortexM3\ARM_GCC_541\Debug\CyLib.o
arm-none-eabi-gcc.exe -mcpu=cortex-m3 -mthumb -I.\sources -I.\sources\asw -I.\sources\bsw -I.\sources\bsw\fft_application -I. -IGenerated_Source\PSoC5 -Wa,-alh=.\CortexM3\ARM_GCC_541\Debug/cyPm.lst -g -D DEBUG -D CY_CORE_ID=0 -D ARM_MATH_CM3 -Wall -ffunction-sections -ffat-lto-objects -Og -c Generated_Source\PSoC5\cyPm.c -o .\CortexM3\ARM_GCC_541\Debug\cyPm.o
arm-none-eabi-gcc.exe -mcpu=cortex-m3 -mthumb -I.\sources -I.\sources\asw -I.\sources\bsw -I.\sources\bsw\fft_application -I. -IGenerated_Source\PSoC5 -Wa,-alh=.\CortexM3\ARM_GCC_541\Debug/CySpc.lst -g -D DEBUG -D CY_CORE_ID=0 -D ARM_MATH_CM3 -Wall -ffunction-sections -ffat-lto-objects -Og -c Generated_Source\PSoC5\CySpc.c -o .\CortexM3\ARM_GCC_541\Debug\CySpc.o
arm-none-eabi-gcc.exe -mcpu=cortex-m3 -mthumb -I.\sources -I.\sources\asw -I.\sources\bsw -I.\sources\bsw\fft_application -I. -IGenerated_Source\PSoC5 -Wa,-alh=.\CortexM3\ARM_GCC_541\Debug/cyutils.lst -g -D DEBUG -D CY_CORE_ID=0 -D ARM_MATH_CM3 -Wall -ffunction-sections -ffat-lto-objects -Og -c Generated_Source\PSoC5\cyutils.c -o .\CortexM3\ARM_GCC_541\Debug\cyutils.o
arm-none-eabi-gcc.exe -mcpu=cortex-m3 -mthumb -I.\sources -I.\sources\asw -I.\sources\bsw -I.\sources\bsw\fft_application -I. -IGenerated_Source\PSoC5 -Wa,-alh=.\CortexM3\ARM_GCC_541\Debug/cy_em_eeprom.lst -g -D DEBUG -D CY_CORE_ID=0 -D ARM_MATH_CM3 -Wall -ffunction-sections -ffat-lto-objects -Og -c Generated_Source\PSoC5\cy_em_eeprom.c -o .\CortexM3\ARM_GCC_541\Debug\cy_em_eeprom.o
arm-none-eabi-gcc.exe -mcpu=cortex-m3 -mthumb -I.\sources -I.\sources\asw -I.\sources\bsw -I.\sources\bsw\fft_application -I. -IGenerated_Source\PSoC5 -Wa,-alh=.\CortexM3\ARM_GCC_541\Debug/ISR_PB.lst -g -D DEBUG -D CY_CORE_ID=0 -D ARM_MATH_CM3 -Wall -ffunction-sections -ffat-lto-objects -Og -c Generated_Source\PSoC5\ISR_PB.c -o .\CortexM3\ARM_GCC_541\Debug\ISR_PB.o
arm-none-eabi-gcc.exe -mcpu=cortex-m3 -mthumb -I.\sources -I.\sources\asw -I.\sources\bsw -I.\sources\bsw\fft_application -I. -IGenerated_Source\PSoC5 -Wa,-alh=.\CortexM3\ARM_GCC_541\Debug/User_LED.lst -g -D DEBUG -D CY_CORE_ID=0 -D ARM_MATH_CM3 -Wall -ffunction-sections -ffat-lto-objects -Og -c Generated_Source\PSoC5\User_LED.c -o .\CortexM3\ARM_GCC_541\Debug\User_LED.o
arm-none-eabi-as.exe -mcpu=cortex-m3 -mthumb -I. -IGenerated_Source\PSoC5 -alh=.\CortexM3\ARM_GCC_541\Debug/CyBootAsmGnu.lst -g -W -o .\CortexM3\ARM_GCC_541\Debug\CyBootAsmGnu.o Generated_Source\PSoC5\CyBootAsmGnu.s
arm-none-eabi-ar.exe -rs .\CortexM3\ARM_GCC_541\Debug\D5-RADAR_Detection.a .\CortexM3\ARM_GCC_541\Debug\WaveDAC8.o .\CortexM3\ARM_GCC_541\Debug\WaveDAC8_PM.o .\CortexM3\ARM_GCC_541\Debug\ADC.o .\CortexM3\ARM_GCC_541\Debug\ADC_PM.o .\CortexM3\ARM_GCC_541\Debug\ADC_INT.o .\CortexM3\ARM_GCC_541\Debug\ADC_in.o .\CortexM3\ARM_GCC_541\Debug\DAC.o .\CortexM3\ARM_GCC_541\Debug\UART_LOG.o .\CortexM3\ARM_GCC_541\Debug\UART_LOG_PM.o .\CortexM3\ARM_GCC_541\Debug\UART_LOG_INT.o .\CortexM3\ARM_GCC_541\Debug\UART_LOG_BOOT.o .\CortexM3\ARM_GCC_541\Debug\ISR_UART.o .\CortexM3\ARM_GCC_541\Debug\Green_LED.o .\CortexM3\ARM_GCC_541\Debug\Yellow_LED.o .\CortexM3\ARM_GCC_541\Debug\Red_LED.o .\CortexM3\ARM_GCC_541\Debug\Push_button.o .\CortexM3\ARM_GCC_541\Debug\WaveDAC8_DacClk.o .\CortexM3\ARM_GCC_541\Debug\WaveDAC8_Wave1_DMA_dma.o .\CortexM3\ARM_GCC_541\Debug\WaveDAC8_Wave2_DMA_dma.o .\CortexM3\ARM_GCC_541\Debug\WaveDAC8_VDAC8.o .\CortexM3\ARM_GCC_541\Debug\WaveDAC8_VDAC8_PM.o .\CortexM3\ARM_GCC_541\Debug\ADC_AMux.o .\CortexM3\ARM_GCC_541\Debug\ADC_Ext_CP_Clk.o .\CortexM3\ARM_GCC_541\Debug\ADC_IRQ.o .\CortexM3\ARM_GCC_541\Debug\ADC_theACLK.o .\CortexM3\ARM_GCC_541\Debug\UART_LOG_IntClock.o .\CortexM3\ARM_GCC_541\Debug\CyDmac.o .\CortexM3\ARM_GCC_541\Debug\CyFlash.o .\CortexM3\ARM_GCC_541\Debug\CyLib.o .\CortexM3\ARM_GCC_541\Debug\cyPm.o .\CortexM3\ARM_GCC_541\Debug\CySpc.o .\CortexM3\ARM_GCC_541\Debug\cyutils.o .\CortexM3\ARM_GCC_541\Debug\cy_em_eeprom.o .\CortexM3\ARM_GCC_541\Debug\ISR_PB.o .\CortexM3\ARM_GCC_541\Debug\User_LED.o .\CortexM3\ARM_GCC_541\Debug\CyBootAsmGnu.o
arm-none-eabi-ar.exe: creating .\CortexM3\ARM_GCC_541\Debug\D5-RADAR_Detection.a
arm-none-eabi-gcc.exe -Wl,--start-group -o E:\HDA_Lectures\001_Repository\012_SDHD\012_SDHD_LabCodes\Lab\40_Implementation\20_SW\10_work\SDHD_WP1\D5-RADAR_Detection.cydsn\CortexM3\ARM_GCC_541\Debug\D5-RADAR_Detection.elf .\CortexM3\ARM_GCC_541\Debug\main.o .\CortexM3\ARM_GCC_541\Debug\state_machine.o .\CortexM3\ARM_GCC_541\Debug\cfar.o .\CortexM3\ARM_GCC_541\Debug\hardware_init.o .\CortexM3\ARM_GCC_541\Debug\interrupt_handlers.o .\CortexM3\ARM_GCC_541\Debug\cyfitter_cfg.o .\CortexM3\ARM_GCC_541\Debug\cymetadata.o .\CortexM3\ARM_GCC_541\Debug\Cm3Start.o .\CortexM3\ARM_GCC_541\Debug\D5-RADAR_Detection.a "C:\Program Files (x86)\Cypress\PSoC Creator\4.4\PSoC Creator\psoc\content\cycomponentlibrary\CyComponentLibrary.cylib\CortexM3\ARM_GCC_541\Debug\CyComponentLibrary.a" -mcpu=cortex-m3 -mthumb -l fft_application -l m -L Generated_Source\PSoC5 -L .\sources\bsw\fft_application -Wl,-Map,.\CortexM3\ARM_GCC_541\Debug/D5-RADAR_Detection.map -T Generated_Source\PSoC5\cm3gcc.ld -specs=nano.specs -Wl,--gc-sections -g -ffunction-sections -Og -ffat-lto-objects -Wl,--end-group
cyelftool.exe -C E:\HDA_Lectures\001_Repository\012_SDHD\012_SDHD_LabCodes\Lab\40_Implementation\20_SW\10_work\SDHD_WP1\D5-RADAR_Detection.cydsn\CortexM3\ARM_GCC_541\Debug\D5-RADAR_Detection.elf --flash_row_size 256 --flash_size 262144 --flash_offset 0x00000000
No ELF section .cychecksum found, creating one
Application checksum calculated and stored in ELF section .cychecksum
Checksum calculated and stored in ELF section .cymeta
cyelftool.exe -S E:\HDA_Lectures\001_Repository\012_SDHD\012_SDHD_LabCodes\Lab\40_Implementation\20_SW\10_work\SDHD_WP1\D5-RADAR_Detection.cydsn\CortexM3\ARM_GCC_541\Debug\D5-RADAR_Detection.elf
Flash used: 157680 of 262144 bytes (60.2%).
SRAM used: 26145 of 65536 bytes (39.9%). Stack: 2048 bytes. Heap: 8192 bytes.
--------------- Rebuild Succeeded: 07/09/2024 14:17:10 ---------------
