ARM GAS  C:\Users\HP\AppData\Local\Temp\ccixUmEm.s 			page 1


   1              		.syntax unified
   2              		.cpu cortex-m3
   3              		.fpu softvfp
   4              		.eabi_attribute 20, 1
   5              		.eabi_attribute 21, 1
   6              		.eabi_attribute 23, 3
   7              		.eabi_attribute 24, 1
   8              		.eabi_attribute 25, 1
   9              		.eabi_attribute 26, 1
  10              		.eabi_attribute 30, 1
  11              		.eabi_attribute 34, 1
  12              		.eabi_attribute 18, 4
  13              		.thumb
  14              		.syntax unified
  15              		.file	"cymetadata.c"
  16              		.text
  17              	.Ltext0:
  18              		.cfi_sections	.debug_frame
  19              		.global	cy_metadata
  20              		.global	cy_meta_flashprotect
  21              		.global	cy_meta_wonvl
  22              		.global	cy_meta_custnvl
  23              		.global	cy_meta_configecc
  24              		.section	.cyconfigecc,"a",%progbits
  25              		.align	2
  26              		.type	cy_meta_configecc, %object
  27              		.size	cy_meta_configecc, 1156
  28              	cy_meta_configecc:
  29 0000 01       		.byte	1
  30 0001 45       		.byte	69
  31 0002 00       		.byte	0
  32 0003 40       		.byte	64
  33 0004 01       		.byte	1
  34 0005 52       		.byte	82
  35 0006 00       		.byte	0
  36 0007 40       		.byte	64
  37 0008 01       		.byte	1
  38 0009 5A       		.byte	90
  39 000a 00       		.byte	0
  40 000b 40       		.byte	64
  41 000c 03       		.byte	3
  42 000d 64       		.byte	100
  43 000e 00       		.byte	0
  44 000f 40       		.byte	64
  45 0010 02       		.byte	2
  46 0011 01       		.byte	1
  47 0012 01       		.byte	1
  48 0013 40       		.byte	64
  49 0014 01       		.byte	1
  50 0015 05       		.byte	5
  51 0016 01       		.byte	1
  52 0017 40       		.byte	64
  53 0018 04       		.byte	4
  54 0019 06       		.byte	6
  55 001a 01       		.byte	1
  56 001b 40       		.byte	64
  57 001c 01       		.byte	1
ARM GAS  C:\Users\HP\AppData\Local\Temp\ccixUmEm.s 			page 2


  58 001d 07       		.byte	7
  59 001e 01       		.byte	1
  60 001f 40       		.byte	64
  61 0020 4B       		.byte	75
  62 0021 0A       		.byte	10
  63 0022 01       		.byte	1
  64 0023 40       		.byte	64
  65 0024 47       		.byte	71
  66 0025 0B       		.byte	11
  67 0026 01       		.byte	1
  68 0027 40       		.byte	64
  69 0028 5A       		.byte	90
  70 0029 0C       		.byte	12
  71 002a 01       		.byte	1
  72 002b 40       		.byte	64
  73 002c 47       		.byte	71
  74 002d 0D       		.byte	13
  75 002e 01       		.byte	1
  76 002f 40       		.byte	64
  77 0030 4A       		.byte	74
  78 0031 0E       		.byte	14
  79 0032 01       		.byte	1
  80 0033 40       		.byte	64
  81 0034 33       		.byte	51
  82 0035 0F       		.byte	15
  83 0036 01       		.byte	1
  84 0037 40       		.byte	64
  85 0038 02       		.byte	2
  86 0039 17       		.byte	23
  87 003a 01       		.byte	1
  88 003b 40       		.byte	64
  89 003c 02       		.byte	2
  90 003d 19       		.byte	25
  91 003e 01       		.byte	1
  92 003f 40       		.byte	64
  93 0040 09       		.byte	9
  94 0041 40       		.byte	64
  95 0042 01       		.byte	1
  96 0043 40       		.byte	64
  97 0044 01       		.byte	1
  98 0045 41       		.byte	65
  99 0046 01       		.byte	1
 100 0047 40       		.byte	64
 101 0048 02       		.byte	2
 102 0049 42       		.byte	66
 103 004a 01       		.byte	1
 104 004b 40       		.byte	64
 105 004c 01       		.byte	1
 106 004d 43       		.byte	67
 107 004e 01       		.byte	1
 108 004f 40       		.byte	64
 109 0050 02       		.byte	2
 110 0051 44       		.byte	68
 111 0052 01       		.byte	1
 112 0053 40       		.byte	64
 113 0054 05       		.byte	5
 114 0055 45       		.byte	69
ARM GAS  C:\Users\HP\AppData\Local\Temp\ccixUmEm.s 			page 3


 115 0056 01       		.byte	1
 116 0057 40       		.byte	64
 117 0058 0A       		.byte	10
 118 0059 46       		.byte	70
 119 005a 01       		.byte	1
 120 005b 40       		.byte	64
 121 005c 02       		.byte	2
 122 005d 47       		.byte	71
 123 005e 01       		.byte	1
 124 005f 40       		.byte	64
 125 0060 06       		.byte	6
 126 0061 48       		.byte	72
 127 0062 01       		.byte	1
 128 0063 40       		.byte	64
 129 0064 04       		.byte	4
 130 0065 4C       		.byte	76
 131 0066 01       		.byte	1
 132 0067 40       		.byte	64
 133 0068 03       		.byte	3
 134 0069 50       		.byte	80
 135 006a 01       		.byte	1
 136 006b 40       		.byte	64
 137 006c 02       		.byte	2
 138 006d 51       		.byte	81
 139 006e 01       		.byte	1
 140 006f 40       		.byte	64
 141 0070 17       		.byte	23
 142 0071 02       		.byte	2
 143 0072 14       		.byte	20
 144 0073 01       		.byte	1
 145 0074 97       		.byte	-105
 146 0075 01       		.byte	1
 147 0076 8A       		.byte	-118
 148 0077 72       		.byte	114
 149 0078 8E       		.byte	-114
 150 0079 38       		.byte	56
 151 007a 8F       		.byte	-113
 152 007b 0F       		.byte	15
 153 007c E2       		.byte	-30
 154 007d 08       		.byte	8
 155 007e E6       		.byte	-26
 156 007f 01       		.byte	1
 157 0080 E0       		.byte	-32
 158 0081 40       		.byte	64
 159 0082 39       		.byte	57
 160 0083 80       		.byte	-128
 161 0084 3F       		.byte	63
 162 0085 40       		.byte	64
 163 0086 59       		.byte	89
 164 0087 04       		.byte	4
 165 0088 5F       		.byte	95
 166 0089 01       		.byte	1
 167 008a 24       		.byte	36
 168 008b 02       		.byte	2
 169 008c 00       		.byte	0
 170 008d 0F       		.byte	15
 171 008e 02       		.byte	2
ARM GAS  C:\Users\HP\AppData\Local\Temp\ccixUmEm.s 			page 4


 172 008f 10       		.byte	16
 173 0090 05       		.byte	5
 174 0091 04       		.byte	4
 175 0092 06       		.byte	6
 176 0093 13       		.byte	19
 177 0094 08       		.byte	8
 178 0095 0C       		.byte	12
 179 0096 09       		.byte	9
 180 0097 04       		.byte	4
 181 0098 0A       		.byte	10
 182 0099 13       		.byte	19
 183 009a 0C       		.byte	12
 184 009b 1F       		.byte	31
 185 009c 0F       		.byte	15
 186 009d 01       		.byte	1
 187 009e 10       		.byte	16
 188 009f 01       		.byte	1
 189 00a0 11       		.byte	17
 190 00a1 04       		.byte	4
 191 00a2 14       		.byte	20
 192 00a3 02       		.byte	2
 193 00a4 15       		.byte	21
 194 00a5 03       		.byte	3
 195 00a6 19       		.byte	25
 196 00a7 02       		.byte	2
 197 00a8 1C       		.byte	28
 198 00a9 03       		.byte	3
 199 00aa 1D       		.byte	29
 200 00ab 03       		.byte	3
 201 00ac 20       		.byte	32
 202 00ad 08       		.byte	8
 203 00ae 21       		.byte	33
 204 00af 08       		.byte	8
 205 00b0 24       		.byte	36
 206 00b1 04       		.byte	4
 207 00b2 25       		.byte	37
 208 00b3 08       		.byte	8
 209 00b4 28       		.byte	40
 210 00b5 0C       		.byte	12
 211 00b6 29       		.byte	41
 212 00b7 08       		.byte	8
 213 00b8 2C       		.byte	44
 214 00b9 13       		.byte	19
 215 00ba 2D       		.byte	45
 216 00bb 08       		.byte	8
 217 00bc 2E       		.byte	46
 218 00bd 0C       		.byte	12
 219 00be 30       		.byte	48
 220 00bf 0F       		.byte	15
 221 00c0 31       		.byte	49
 222 00c1 08       		.byte	8
 223 00c2 33       		.byte	51
 224 00c3 03       		.byte	3
 225 00c4 34       		.byte	52
 226 00c5 1C       		.byte	28
 227 00c6 35       		.byte	53
 228 00c7 04       		.byte	4
ARM GAS  C:\Users\HP\AppData\Local\Temp\ccixUmEm.s 			page 5


 229 00c8 39       		.byte	57
 230 00c9 08       		.byte	8
 231 00ca 3A       		.byte	58
 232 00cb 22       		.byte	34
 233 00cc 3F       		.byte	63
 234 00cd 05       		.byte	5
 235 00ce 40       		.byte	64
 236 00cf 03       		.byte	3
 237 00d0 47       		.byte	71
 238 00d1 04       		.byte	4
 239 00d2 49       		.byte	73
 240 00d3 FF       		.byte	-1
 241 00d4 4A       		.byte	74
 242 00d5 07       		.byte	7
 243 00d6 4B       		.byte	75
 244 00d7 FF       		.byte	-1
 245 00d8 4C       		.byte	76
 246 00d9 40       		.byte	64
 247 00da 4D       		.byte	77
 248 00db 20       		.byte	32
 249 00dc 4E       		.byte	78
 250 00dd F0       		.byte	-16
 251 00de 4F       		.byte	79
 252 00df 05       		.byte	5
 253 00e0 50       		.byte	80
 254 00e1 08       		.byte	8
 255 00e2 56       		.byte	86
 256 00e3 02       		.byte	2
 257 00e4 57       		.byte	87
 258 00e5 13       		.byte	19
 259 00e6 58       		.byte	88
 260 00e7 04       		.byte	4
 261 00e8 59       		.byte	89
 262 00e9 04       		.byte	4
 263 00ea 5A       		.byte	90
 264 00eb 04       		.byte	4
 265 00ec 5B       		.byte	91
 266 00ed 04       		.byte	4
 267 00ee 5C       		.byte	92
 268 00ef 11       		.byte	17
 269 00f0 5D       		.byte	93
 270 00f1 11       		.byte	17
 271 00f2 5F       		.byte	95
 272 00f3 01       		.byte	1
 273 00f4 60       		.byte	96
 274 00f5 40       		.byte	64
 275 00f6 61       		.byte	97
 276 00f7 A8       		.byte	-88
 277 00f8 62       		.byte	98
 278 00f9 40       		.byte	64
 279 00fa 63       		.byte	99
 280 00fb 20       		.byte	32
 281 00fc 80       		.byte	-128
 282 00fd 01       		.byte	1
 283 00fe 84       		.byte	-124
 284 00ff 01       		.byte	1
 285 0100 8B       		.byte	-117
ARM GAS  C:\Users\HP\AppData\Local\Temp\ccixUmEm.s 			page 6


 286 0101 02       		.byte	2
 287 0102 8C       		.byte	-116
 288 0103 02       		.byte	2
 289 0104 93       		.byte	-109
 290 0105 06       		.byte	6
 291 0106 97       		.byte	-105
 292 0107 05       		.byte	5
 293 0108 99       		.byte	-103
 294 0109 06       		.byte	6
 295 010a 9B       		.byte	-101
 296 010b 01       		.byte	1
 297 010c 9F       		.byte	-97
 298 010d 03       		.byte	3
 299 010e AA       		.byte	-86
 300 010f 01       		.byte	1
 301 0110 AF       		.byte	-81
 302 0111 01       		.byte	1
 303 0112 B1       		.byte	-79
 304 0113 07       		.byte	7
 305 0114 B6       		.byte	-74
 306 0115 03       		.byte	3
 307 0116 B8       		.byte	-72
 308 0117 80       		.byte	-128
 309 0118 BB       		.byte	-69
 310 0119 02       		.byte	2
 311 011a D8       		.byte	-40
 312 011b 04       		.byte	4
 313 011c D9       		.byte	-39
 314 011d 04       		.byte	4
 315 011e DC       		.byte	-36
 316 011f 11       		.byte	17
 317 0120 DF       		.byte	-33
 318 0121 01       		.byte	1
 319 0122 00       		.byte	0
 320 0123 04       		.byte	4
 321 0124 01       		.byte	1
 322 0125 A0       		.byte	-96
 323 0126 02       		.byte	2
 324 0127 80       		.byte	-128
 325 0128 04       		.byte	4
 326 0129 80       		.byte	-128
 327 012a 05       		.byte	5
 328 012b 04       		.byte	4
 329 012c 07       		.byte	7
 330 012d 40       		.byte	64
 331 012e 08       		.byte	8
 332 012f 02       		.byte	2
 333 0130 0A       		.byte	10
 334 0131 21       		.byte	33
 335 0132 10       		.byte	16
 336 0133 80       		.byte	-128
 337 0134 12       		.byte	18
 338 0135 01       		.byte	1
 339 0136 13       		.byte	19
 340 0137 14       		.byte	20
 341 0138 17       		.byte	23
 342 0139 10       		.byte	16
ARM GAS  C:\Users\HP\AppData\Local\Temp\ccixUmEm.s 			page 7


 343 013a 19       		.byte	25
 344 013b 01       		.byte	1
 345 013c 1A       		.byte	26
 346 013d 40       		.byte	64
 347 013e 1B       		.byte	27
 348 013f 20       		.byte	32
 349 0140 1E       		.byte	30
 350 0141 02       		.byte	2
 351 0142 20       		.byte	32
 352 0143 04       		.byte	4
 353 0144 21       		.byte	33
 354 0145 04       		.byte	4
 355 0146 22       		.byte	34
 356 0147 01       		.byte	1
 357 0148 27       		.byte	39
 358 0149 40       		.byte	64
 359 014a 29       		.byte	41
 360 014b B1       		.byte	-79
 361 014c 2A       		.byte	42
 362 014d 01       		.byte	1
 363 014e 2B       		.byte	43
 364 014f 20       		.byte	32
 365 0150 2E       		.byte	46
 366 0151 80       		.byte	-128
 367 0152 30       		.byte	48
 368 0153 02       		.byte	2
 369 0154 31       		.byte	49
 370 0155 04       		.byte	4
 371 0156 33       		.byte	51
 372 0157 50       		.byte	80
 373 0158 35       		.byte	53
 374 0159 04       		.byte	4
 375 015a 36       		.byte	54
 376 015b 01       		.byte	1
 377 015c 37       		.byte	55
 378 015d 50       		.byte	80
 379 015e 38       		.byte	56
 380 015f 80       		.byte	-128
 381 0160 39       		.byte	57
 382 0161 14       		.byte	20
 383 0162 3A       		.byte	58
 384 0163 80       		.byte	-128
 385 0164 3E       		.byte	62
 386 0165 20       		.byte	32
 387 0166 41       		.byte	65
 388 0167 04       		.byte	4
 389 0168 50       		.byte	80
 390 0169 40       		.byte	64
 391 016a 53       		.byte	83
 392 016b 04       		.byte	4
 393 016c 5A       		.byte	90
 394 016d 02       		.byte	2
 395 016e 68       		.byte	104
 396 016f 22       		.byte	34
 397 0170 69       		.byte	105
 398 0171 14       		.byte	20
 399 0172 6B       		.byte	107
ARM GAS  C:\Users\HP\AppData\Local\Temp\ccixUmEm.s 			page 8


 400 0173 04       		.byte	4
 401 0174 70       		.byte	112
 402 0175 80       		.byte	-128
 403 0176 71       		.byte	113
 404 0177 08       		.byte	8
 405 0178 73       		.byte	115
 406 0179 14       		.byte	20
 407 017a 8A       		.byte	-118
 408 017b 80       		.byte	-128
 409 017c 8B       		.byte	-117
 410 017d 20       		.byte	32
 411 017e 92       		.byte	-110
 412 017f 21       		.byte	33
 413 0180 94       		.byte	-108
 414 0181 04       		.byte	4
 415 0182 96       		.byte	-106
 416 0183 40       		.byte	64
 417 0184 97       		.byte	-105
 418 0185 0C       		.byte	12
 419 0186 98       		.byte	-104
 420 0187 02       		.byte	2
 421 0188 99       		.byte	-103
 422 0189 94       		.byte	-108
 423 018a 9A       		.byte	-102
 424 018b 20       		.byte	32
 425 018c 9B       		.byte	-101
 426 018d 10       		.byte	16
 427 018e 9E       		.byte	-98
 428 018f 80       		.byte	-128
 429 0190 9F       		.byte	-97
 430 0191 44       		.byte	68
 431 0192 A4       		.byte	-92
 432 0193 A0       		.byte	-96
 433 0194 A5       		.byte	-91
 434 0195 08       		.byte	8
 435 0196 A6       		.byte	-90
 436 0197 81       		.byte	-127
 437 0198 B0       		.byte	-80
 438 0199 02       		.byte	2
 439 019a B2       		.byte	-78
 440 019b 02       		.byte	2
 441 019c B3       		.byte	-77
 442 019d 40       		.byte	64
 443 019e C0       		.byte	-64
 444 019f BF       		.byte	-65
 445 01a0 C2       		.byte	-62
 446 01a1 0D       		.byte	13
 447 01a2 C4       		.byte	-60
 448 01a3 4F       		.byte	79
 449 01a4 CA       		.byte	-54
 450 01a5 1F       		.byte	31
 451 01a6 CC       		.byte	-52
 452 01a7 FF       		.byte	-1
 453 01a8 CE       		.byte	-50
 454 01a9 2E       		.byte	46
 455 01aa D0       		.byte	-48
 456 01ab 02       		.byte	2
ARM GAS  C:\Users\HP\AppData\Local\Temp\ccixUmEm.s 			page 9


 457 01ac D6       		.byte	-42
 458 01ad 01       		.byte	1
 459 01ae E0       		.byte	-32
 460 01af 40       		.byte	64
 461 01b0 04       		.byte	4
 462 01b1 10       		.byte	16
 463 01b2 05       		.byte	5
 464 01b3 0C       		.byte	12
 465 01b4 06       		.byte	6
 466 01b5 0C       		.byte	12
 467 01b6 07       		.byte	7
 468 01b7 03       		.byte	3
 469 01b8 0F       		.byte	15
 470 01b9 03       		.byte	3
 471 01ba 13       		.byte	19
 472 01bb 0C       		.byte	12
 473 01bc 15       		.byte	21
 474 01bd 01       		.byte	1
 475 01be 17       		.byte	23
 476 01bf 06       		.byte	6
 477 01c0 1A       		.byte	26
 478 01c1 03       		.byte	3
 479 01c2 1C       		.byte	28
 480 01c3 14       		.byte	20
 481 01c4 1D       		.byte	29
 482 01c5 01       		.byte	1
 483 01c6 1F       		.byte	31
 484 01c7 0E       		.byte	14
 485 01c8 20       		.byte	32
 486 01c9 09       		.byte	9
 487 01ca 22       		.byte	34
 488 01cb 10       		.byte	16
 489 01cc 24       		.byte	36
 490 01cd 10       		.byte	16
 491 01ce 25       		.byte	37
 492 01cf 10       		.byte	16
 493 01d0 28       		.byte	40
 494 01d1 1C       		.byte	28
 495 01d2 2A       		.byte	42
 496 01d3 02       		.byte	2
 497 01d4 2B       		.byte	43
 498 01d5 08       		.byte	8
 499 01d6 2C       		.byte	44
 500 01d7 0C       		.byte	12
 501 01d8 2E       		.byte	46
 502 01d9 11       		.byte	17
 503 01da 31       		.byte	49
 504 01db 10       		.byte	16
 505 01dc 33       		.byte	51
 506 01dd 0F       		.byte	15
 507 01de 34       		.byte	52
 508 01df 1F       		.byte	31
 509 01e0 3B       		.byte	59
 510 01e1 08       		.byte	8
 511 01e2 3F       		.byte	63
 512 01e3 01       		.byte	1
 513 01e4 58       		.byte	88
ARM GAS  C:\Users\HP\AppData\Local\Temp\ccixUmEm.s 			page 10


 514 01e5 04       		.byte	4
 515 01e6 59       		.byte	89
 516 01e7 04       		.byte	4
 517 01e8 5C       		.byte	92
 518 01e9 11       		.byte	17
 519 01ea 5F       		.byte	95
 520 01eb 01       		.byte	1
 521 01ec 80       		.byte	-128
 522 01ed 1C       		.byte	28
 523 01ee 82       		.byte	-126
 524 01ef E1       		.byte	-31
 525 01f0 86       		.byte	-122
 526 01f1 E3       		.byte	-29
 527 01f2 87       		.byte	-121
 528 01f3 01       		.byte	1
 529 01f4 88       		.byte	-120
 530 01f5 80       		.byte	-128
 531 01f6 89       		.byte	-119
 532 01f7 08       		.byte	8
 533 01f8 8B       		.byte	-117
 534 01f9 06       		.byte	6
 535 01fa 8C       		.byte	-116
 536 01fb FF       		.byte	-1
 537 01fc 8F       		.byte	-113
 538 01fd 10       		.byte	16
 539 01fe 90       		.byte	-112
 540 01ff E7       		.byte	-25
 541 0200 92       		.byte	-110
 542 0201 18       		.byte	24
 543 0202 94       		.byte	-108
 544 0203 18       		.byte	24
 545 0204 95       		.byte	-107
 546 0205 0C       		.byte	12
 547 0206 98       		.byte	-104
 548 0207 3C       		.byte	60
 549 0208 99       		.byte	-103
 550 0209 0C       		.byte	12
 551 020a 9A       		.byte	-102
 552 020b C2       		.byte	-62
 553 020c 9E       		.byte	-98
 554 020d 04       		.byte	4
 555 020e A0       		.byte	-96
 556 020f 10       		.byte	16
 557 0210 A4       		.byte	-92
 558 0211 08       		.byte	8
 559 0212 A7       		.byte	-89
 560 0213 10       		.byte	16
 561 0214 A8       		.byte	-88
 562 0215 C0       		.byte	-64
 563 0216 AC       		.byte	-84
 564 0217 44       		.byte	68
 565 0218 AD       		.byte	-83
 566 0219 04       		.byte	4
 567 021a AF       		.byte	-81
 568 021b 0A       		.byte	10
 569 021c B0       		.byte	-80
 570 021d C0       		.byte	-64
ARM GAS  C:\Users\HP\AppData\Local\Temp\ccixUmEm.s 			page 11


 571 021e B1       		.byte	-79
 572 021f 10       		.byte	16
 573 0220 B2       		.byte	-78
 574 0221 38       		.byte	56
 575 0222 B4       		.byte	-76
 576 0223 1F       		.byte	31
 577 0224 B5       		.byte	-75
 578 0225 0C       		.byte	12
 579 0226 B7       		.byte	-73
 580 0227 03       		.byte	3
 581 0228 BA       		.byte	-70
 582 0229 20       		.byte	32
 583 022a BF       		.byte	-65
 584 022b 41       		.byte	65
 585 022c C0       		.byte	-64
 586 022d 42       		.byte	66
 587 022e C1       		.byte	-63
 588 022f 05       		.byte	5
 589 0230 C2       		.byte	-62
 590 0231 03       		.byte	3
 591 0232 C4       		.byte	-60
 592 0233 01       		.byte	1
 593 0234 C6       		.byte	-58
 594 0235 EC       		.byte	-20
 595 0236 C8       		.byte	-56
 596 0237 0C       		.byte	12
 597 0238 C9       		.byte	-55
 598 0239 FF       		.byte	-1
 599 023a CA       		.byte	-54
 600 023b FF       		.byte	-1
 601 023c CB       		.byte	-53
 602 023d FF       		.byte	-1
 603 023e CC       		.byte	-52
 604 023f 62       		.byte	98
 605 0240 CD       		.byte	-51
 606 0241 A0       		.byte	-96
 607 0242 CE       		.byte	-50
 608 0243 F0       		.byte	-16
 609 0244 CF       		.byte	-49
 610 0245 41       		.byte	65
 611 0246 D0       		.byte	-48
 612 0247 0C       		.byte	12
 613 0248 D8       		.byte	-40
 614 0249 04       		.byte	4
 615 024a D9       		.byte	-39
 616 024b 04       		.byte	4
 617 024c DA       		.byte	-38
 618 024d 04       		.byte	4
 619 024e DC       		.byte	-36
 620 024f 11       		.byte	17
 621 0250 DD       		.byte	-35
 622 0251 01       		.byte	1
 623 0252 DF       		.byte	-33
 624 0253 01       		.byte	1
 625 0254 E6       		.byte	-26
 626 0255 40       		.byte	64
 627 0256 E7       		.byte	-25
ARM GAS  C:\Users\HP\AppData\Local\Temp\ccixUmEm.s 			page 12


 628 0257 02       		.byte	2
 629 0258 E9       		.byte	-23
 630 0259 10       		.byte	16
 631 025a EA       		.byte	-22
 632 025b 30       		.byte	48
 633 025c EB       		.byte	-21
 634 025d 10       		.byte	16
 635 025e ED       		.byte	-19
 636 025f 10       		.byte	16
 637 0260 EE       		.byte	-18
 638 0261 10       		.byte	16
 639 0262 EF       		.byte	-17
 640 0263 12       		.byte	18
 641 0264 00       		.byte	0
 642 0265 04       		.byte	4
 643 0266 01       		.byte	1
 644 0267 90       		.byte	-112
 645 0268 02       		.byte	2
 646 0269 80       		.byte	-128
 647 026a 05       		.byte	5
 648 026b 04       		.byte	4
 649 026c 09       		.byte	9
 650 026d 08       		.byte	8
 651 026e 0A       		.byte	10
 652 026f 4A       		.byte	74
 653 0270 0E       		.byte	14
 654 0271 08       		.byte	8
 655 0272 0F       		.byte	15
 656 0273 02       		.byte	2
 657 0274 10       		.byte	16
 658 0275 80       		.byte	-128
 659 0276 12       		.byte	18
 660 0277 04       		.byte	4
 661 0278 13       		.byte	19
 662 0279 44       		.byte	68
 663 027a 16       		.byte	22
 664 027b 20       		.byte	32
 665 027c 17       		.byte	23
 666 027d 51       		.byte	81
 667 027e 19       		.byte	25
 668 027f 19       		.byte	25
 669 0280 1A       		.byte	26
 670 0281 18       		.byte	24
 671 0282 1B       		.byte	27
 672 0283 20       		.byte	32
 673 0284 1E       		.byte	30
 674 0285 08       		.byte	8
 675 0286 1F       		.byte	31
 676 0287 10       		.byte	16
 677 0288 20       		.byte	32
 678 0289 01       		.byte	1
 679 028a 21       		.byte	33
 680 028b 12       		.byte	18
 681 028c 22       		.byte	34
 682 028d 10       		.byte	16
 683 028e 25       		.byte	37
 684 028f 04       		.byte	4
ARM GAS  C:\Users\HP\AppData\Local\Temp\ccixUmEm.s 			page 13


 685 0290 26       		.byte	38
 686 0291 02       		.byte	2
 687 0292 27       		.byte	39
 688 0293 10       		.byte	16
 689 0294 28       		.byte	40
 690 0295 02       		.byte	2
 691 0296 29       		.byte	41
 692 0297 08       		.byte	8
 693 0298 2E       		.byte	46
 694 0299 20       		.byte	32
 695 029a 2F       		.byte	47
 696 029b 14       		.byte	20
 697 029c 30       		.byte	48
 698 029d 20       		.byte	32
 699 029e 33       		.byte	51
 700 029f 04       		.byte	4
 701 02a0 35       		.byte	53
 702 02a1 04       		.byte	4
 703 02a2 36       		.byte	54
 704 02a3 01       		.byte	1
 705 02a4 37       		.byte	55
 706 02a5 41       		.byte	65
 707 02a6 38       		.byte	56
 708 02a7 80       		.byte	-128
 709 02a8 39       		.byte	57
 710 02a9 38       		.byte	56
 711 02aa 3A       		.byte	58
 712 02ab 04       		.byte	4
 713 02ac 3D       		.byte	61
 714 02ad 08       		.byte	8
 715 02ae 3E       		.byte	62
 716 02af 80       		.byte	-128
 717 02b0 40       		.byte	64
 718 02b1 05       		.byte	5
 719 02b2 42       		.byte	66
 720 02b3 50       		.byte	80
 721 02b4 45       		.byte	69
 722 02b5 02       		.byte	2
 723 02b6 46       		.byte	70
 724 02b7 40       		.byte	64
 725 02b8 49       		.byte	73
 726 02b9 80       		.byte	-128
 727 02ba 50       		.byte	80
 728 02bb 40       		.byte	64
 729 02bc 52       		.byte	82
 730 02bd 10       		.byte	16
 731 02be 89       		.byte	-119
 732 02bf 04       		.byte	4
 733 02c0 8A       		.byte	-118
 734 02c1 01       		.byte	1
 735 02c2 91       		.byte	-111
 736 02c3 08       		.byte	8
 737 02c4 92       		.byte	-110
 738 02c5 02       		.byte	2
 739 02c6 95       		.byte	-107
 740 02c7 20       		.byte	32
 741 02c8 96       		.byte	-106
ARM GAS  C:\Users\HP\AppData\Local\Temp\ccixUmEm.s 			page 14


 742 02c9 40       		.byte	64
 743 02ca 99       		.byte	-103
 744 02cb 84       		.byte	-124
 745 02cc 9C       		.byte	-100
 746 02cd 02       		.byte	2
 747 02ce 9D       		.byte	-99
 748 02cf 01       		.byte	1
 749 02d0 9E       		.byte	-98
 750 02d1 D0       		.byte	-48
 751 02d2 9F       		.byte	-97
 752 02d3 54       		.byte	84
 753 02d4 A3       		.byte	-93
 754 02d5 01       		.byte	1
 755 02d6 A4       		.byte	-92
 756 02d7 20       		.byte	32
 757 02d8 A6       		.byte	-90
 758 02d9 81       		.byte	-127
 759 02da A7       		.byte	-89
 760 02db 20       		.byte	32
 761 02dc B0       		.byte	-80
 762 02dd 20       		.byte	32
 763 02de B2       		.byte	-78
 764 02df 21       		.byte	33
 765 02e0 B3       		.byte	-77
 766 02e1 80       		.byte	-128
 767 02e2 C0       		.byte	-64
 768 02e3 2F       		.byte	47
 769 02e4 C2       		.byte	-62
 770 02e5 CF       		.byte	-49
 771 02e6 C4       		.byte	-60
 772 02e7 FF       		.byte	-1
 773 02e8 CA       		.byte	-54
 774 02e9 6A       		.byte	106
 775 02ea CC       		.byte	-52
 776 02eb D6       		.byte	-42
 777 02ec CE       		.byte	-50
 778 02ed 5E       		.byte	94
 779 02ee D0       		.byte	-48
 780 02ef 0F       		.byte	15
 781 02f0 D2       		.byte	-46
 782 02f1 08       		.byte	8
 783 02f2 05       		.byte	5
 784 02f3 02       		.byte	2
 785 02f4 06       		.byte	6
 786 02f5 01       		.byte	1
 787 02f6 07       		.byte	7
 788 02f7 0C       		.byte	12
 789 02f8 09       		.byte	9
 790 02f9 08       		.byte	8
 791 02fa 0B       		.byte	11
 792 02fb 02       		.byte	2
 793 02fc 0C       		.byte	12
 794 02fd 01       		.byte	1
 795 02fe 10       		.byte	16
 796 02ff 01       		.byte	1
 797 0300 15       		.byte	21
 798 0301 0E       		.byte	14
ARM GAS  C:\Users\HP\AppData\Local\Temp\ccixUmEm.s 			page 15


 799 0302 16       		.byte	22
 800 0303 02       		.byte	2
 801 0304 19       		.byte	25
 802 0305 0E       		.byte	14
 803 0306 22       		.byte	34
 804 0307 01       		.byte	1
 805 0308 26       		.byte	38
 806 0309 02       		.byte	2
 807 030a 2D       		.byte	45
 808 030b 04       		.byte	4
 809 030c 2F       		.byte	47
 810 030d 03       		.byte	3
 811 030e 31       		.byte	49
 812 030f 01       		.byte	1
 813 0310 32       		.byte	50
 814 0311 01       		.byte	1
 815 0312 33       		.byte	51
 816 0313 0E       		.byte	14
 817 0314 34       		.byte	52
 818 0315 02       		.byte	2
 819 0316 38       		.byte	56
 820 0317 08       		.byte	8
 821 0318 3A       		.byte	58
 822 0319 80       		.byte	-128
 823 031a 3E       		.byte	62
 824 031b 10       		.byte	16
 825 031c 54       		.byte	84
 826 031d 18       		.byte	24
 827 031e 56       		.byte	86
 828 031f 04       		.byte	4
 829 0320 58       		.byte	88
 830 0321 04       		.byte	4
 831 0322 59       		.byte	89
 832 0323 04       		.byte	4
 833 0324 5B       		.byte	91
 834 0325 04       		.byte	4
 835 0326 5C       		.byte	92
 836 0327 11       		.byte	17
 837 0328 5D       		.byte	93
 838 0329 10       		.byte	16
 839 032a 5F       		.byte	95
 840 032b 01       		.byte	1
 841 032c 82       		.byte	-126
 842 032d 0A       		.byte	10
 843 032e 84       		.byte	-124
 844 032f 06       		.byte	6
 845 0330 86       		.byte	-122
 846 0331 18       		.byte	24
 847 0332 8F       		.byte	-113
 848 0333 01       		.byte	1
 849 0334 90       		.byte	-112
 850 0335 06       		.byte	6
 851 0336 92       		.byte	-110
 852 0337 08       		.byte	8
 853 0338 95       		.byte	-107
 854 0339 01       		.byte	1
 855 033a 9B       		.byte	-101
ARM GAS  C:\Users\HP\AppData\Local\Temp\ccixUmEm.s 			page 16


 856 033b 01       		.byte	1
 857 033c 9D       		.byte	-99
 858 033d 01       		.byte	1
 859 033e 9E       		.byte	-98
 860 033f 10       		.byte	16
 861 0340 A4       		.byte	-92
 862 0341 01       		.byte	1
 863 0342 A8       		.byte	-88
 864 0343 14       		.byte	20
 865 0344 AA       		.byte	-86
 866 0345 08       		.byte	8
 867 0346 AC       		.byte	-84
 868 0347 06       		.byte	6
 869 0348 AE       		.byte	-82
 870 0349 08       		.byte	8
 871 034a AF       		.byte	-81
 872 034b 01       		.byte	1
 873 034c B2       		.byte	-78
 874 034d 1E       		.byte	30
 875 034e B4       		.byte	-76
 876 034f 01       		.byte	1
 877 0350 B7       		.byte	-73
 878 0351 01       		.byte	1
 879 0352 BA       		.byte	-70
 880 0353 08       		.byte	8
 881 0354 BE       		.byte	-66
 882 0355 10       		.byte	16
 883 0356 BF       		.byte	-65
 884 0357 40       		.byte	64
 885 0358 C0       		.byte	-64
 886 0359 35       		.byte	53
 887 035a C1       		.byte	-63
 888 035b 04       		.byte	4
 889 035c C6       		.byte	-58
 890 035d EC       		.byte	-20
 891 035e C7       		.byte	-57
 892 035f B0       		.byte	-80
 893 0360 C8       		.byte	-56
 894 0361 2C       		.byte	44
 895 0362 C9       		.byte	-55
 896 0363 FF       		.byte	-1
 897 0364 CA       		.byte	-54
 898 0365 FF       		.byte	-1
 899 0366 CB       		.byte	-53
 900 0367 FF       		.byte	-1
 901 0368 CE       		.byte	-50
 902 0369 F0       		.byte	-16
 903 036a CF       		.byte	-49
 904 036b 44       		.byte	68
 905 036c D0       		.byte	-48
 906 036d 0C       		.byte	12
 907 036e D4       		.byte	-44
 908 036f 01       		.byte	1
 909 0370 D6       		.byte	-42
 910 0371 04       		.byte	4
 911 0372 D8       		.byte	-40
 912 0373 04       		.byte	4
ARM GAS  C:\Users\HP\AppData\Local\Temp\ccixUmEm.s 			page 17


 913 0374 D9       		.byte	-39
 914 0375 04       		.byte	4
 915 0376 DA       		.byte	-38
 916 0377 04       		.byte	4
 917 0378 DB       		.byte	-37
 918 0379 04       		.byte	4
 919 037a DC       		.byte	-36
 920 037b 01       		.byte	1
 921 037c DD       		.byte	-35
 922 037d 11       		.byte	17
 923 037e DF       		.byte	-33
 924 037f 01       		.byte	1
 925 0380 E6       		.byte	-26
 926 0381 C0       		.byte	-64
 927 0382 EA       		.byte	-22
 928 0383 40       		.byte	64
 929 0384 EB       		.byte	-21
 930 0385 02       		.byte	2
 931 0386 01       		.byte	1
 932 0387 80       		.byte	-128
 933 0388 03       		.byte	3
 934 0389 20       		.byte	32
 935 038a 05       		.byte	5
 936 038b 04       		.byte	4
 937 038c 06       		.byte	6
 938 038d 80       		.byte	-128
 939 038e 0A       		.byte	10
 940 038f 50       		.byte	80
 941 0390 0E       		.byte	14
 942 0391 02       		.byte	2
 943 0392 0F       		.byte	15
 944 0393 80       		.byte	-128
 945 0394 12       		.byte	18
 946 0395 90       		.byte	-112
 947 0396 16       		.byte	22
 948 0397 20       		.byte	32
 949 0398 17       		.byte	23
 950 0399 50       		.byte	80
 951 039a 18       		.byte	24
 952 039b 04       		.byte	4
 953 039c 19       		.byte	25
 954 039d 80       		.byte	-128
 955 039e 1A       		.byte	26
 956 039f 10       		.byte	16
 957 03a0 1D       		.byte	29
 958 03a1 0C       		.byte	12
 959 03a2 1E       		.byte	30
 960 03a3 08       		.byte	8
 961 03a4 21       		.byte	33
 962 03a5 04       		.byte	4
 963 03a6 22       		.byte	34
 964 03a7 01       		.byte	1
 965 03a8 26       		.byte	38
 966 03a9 40       		.byte	64
 967 03aa 28       		.byte	40
 968 03ab 02       		.byte	2
 969 03ac 2D       		.byte	45
ARM GAS  C:\Users\HP\AppData\Local\Temp\ccixUmEm.s 			page 18


 970 03ad 40       		.byte	64
 971 03ae 2E       		.byte	46
 972 03af 80       		.byte	-128
 973 03b0 30       		.byte	48
 974 03b1 20       		.byte	32
 975 03b2 33       		.byte	51
 976 03b3 04       		.byte	4
 977 03b4 34       		.byte	52
 978 03b5 40       		.byte	64
 979 03b6 35       		.byte	53
 980 03b7 04       		.byte	4
 981 03b8 37       		.byte	55
 982 03b9 50       		.byte	80
 983 03ba 39       		.byte	57
 984 03bb 28       		.byte	40
 985 03bc 3F       		.byte	63
 986 03bd 80       		.byte	-128
 987 03be 44       		.byte	68
 988 03bf 40       		.byte	64
 989 03c0 45       		.byte	69
 990 03c1 08       		.byte	8
 991 03c2 4D       		.byte	77
 992 03c3 40       		.byte	64
 993 03c4 56       		.byte	86
 994 03c5 20       		.byte	32
 995 03c6 57       		.byte	87
 996 03c7 C1       		.byte	-63
 997 03c8 59       		.byte	89
 998 03c9 01       		.byte	1
 999 03ca 5C       		.byte	92
 1000 03cb 20       		.byte	32
 1001 03cc 5E       		.byte	94
 1002 03cd 89       		.byte	-119
 1003 03ce 60       		.byte	96
 1004 03cf 84       		.byte	-124
 1005 03d0 62       		.byte	98
 1006 03d1 40       		.byte	64
 1007 03d2 67       		.byte	103
 1008 03d3 80       		.byte	-128
 1009 03d4 80       		.byte	-128
 1010 03d5 80       		.byte	-128
 1011 03d6 87       		.byte	-121
 1012 03d7 40       		.byte	64
 1013 03d8 C0       		.byte	-64
 1014 03d9 35       		.byte	53
 1015 03da C2       		.byte	-62
 1016 03db 9C       		.byte	-100
 1017 03dc C4       		.byte	-60
 1018 03dd EC       		.byte	-20
 1019 03de CA       		.byte	-54
 1020 03df 18       		.byte	24
 1021 03e0 CC       		.byte	-52
 1022 03e1 76       		.byte	118
 1023 03e2 CE       		.byte	-50
 1024 03e3 16       		.byte	22
 1025 03e4 D0       		.byte	-48
 1026 03e5 C0       		.byte	-64
ARM GAS  C:\Users\HP\AppData\Local\Temp\ccixUmEm.s 			page 19


 1027 03e6 D2       		.byte	-46
 1028 03e7 10       		.byte	16
 1029 03e8 D6       		.byte	-42
 1030 03e9 F1       		.byte	-15
 1031 03ea D8       		.byte	-40
 1032 03eb 8D       		.byte	-115
 1033 03ec B4       		.byte	-76
 1034 03ed 01       		.byte	1
 1035 03ee EC       		.byte	-20
 1036 03ef 10       		.byte	16
 1037 03f0 E8       		.byte	-24
 1038 03f1 40       		.byte	64
 1039 03f2 EC       		.byte	-20
 1040 03f3 10       		.byte	16
 1041 03f4 32       		.byte	50
 1042 03f5 40       		.byte	64
 1043 03f6 35       		.byte	53
 1044 03f7 80       		.byte	-128
 1045 03f8 3C       		.byte	60
 1046 03f9 40       		.byte	64
 1047 03fa 82       		.byte	-126
 1048 03fb 40       		.byte	64
 1049 03fc 85       		.byte	-123
 1050 03fd 80       		.byte	-128
 1051 03fe CC       		.byte	-52
 1052 03ff 30       		.byte	48
 1053 0400 CE       		.byte	-50
 1054 0401 20       		.byte	32
 1055 0402 E2       		.byte	-30
 1056 0403 10       		.byte	16
 1057 0404 E6       		.byte	-26
 1058 0405 80       		.byte	-128
 1059 0406 94       		.byte	-108
 1060 0407 40       		.byte	64
 1061 0408 8C       		.byte	-116
 1062 0409 40       		.byte	64
 1063 040a 94       		.byte	-108
 1064 040b 40       		.byte	64
 1065 040c 94       		.byte	-108
 1066 040d 40       		.byte	64
 1067 040e 7C       		.byte	124
 1068 040f 20       		.byte	32
 1069 0410 DE       		.byte	-34
 1070 0411 01       		.byte	1
 1071 0412 00       		.byte	0
 1072 0413 08       		.byte	8
 1073 0414 50       		.byte	80
 1074 0415 08       		.byte	8
 1075 0416 9C       		.byte	-100
 1076 0417 20       		.byte	32
 1077 0418 C0       		.byte	-64
 1078 0419 08       		.byte	8
 1079 041a D4       		.byte	-44
 1080 041b 04       		.byte	4
 1081 041c 33       		.byte	51
 1082 041d 80       		.byte	-128
 1083 041e 45       		.byte	69
ARM GAS  C:\Users\HP\AppData\Local\Temp\ccixUmEm.s 			page 20


 1084 041f 02       		.byte	2
 1085 0420 8F       		.byte	-113
 1086 0421 80       		.byte	-128
 1087 0422 9C       		.byte	-100
 1088 0423 20       		.byte	32
 1089 0424 B0       		.byte	-80
 1090 0425 0C       		.byte	12
 1091 0426 CC       		.byte	-52
 1092 0427 08       		.byte	8
 1093 0428 D0       		.byte	-48
 1094 0429 01       		.byte	1
 1095 042a E0       		.byte	-32
 1096 042b 02       		.byte	2
 1097 042c EA       		.byte	-22
 1098 042d 04       		.byte	4
 1099 042e EC       		.byte	-20
 1100 042f 04       		.byte	4
 1101 0430 9C       		.byte	-100
 1102 0431 20       		.byte	32
 1103 0432 A5       		.byte	-91
 1104 0433 02       		.byte	2
 1105 0434 24       		.byte	36
 1106 0435 40       		.byte	64
 1107 0436 27       		.byte	39
 1108 0437 04       		.byte	4
 1109 0438 94       		.byte	-108
 1110 0439 40       		.byte	64
 1111 043a 9F       		.byte	-97
 1112 043b 04       		.byte	4
 1113 043c B7       		.byte	-73
 1114 043d 04       		.byte	4
 1115 043e C8       		.byte	-56
 1116 043f A0       		.byte	-96
 1117 0440 B4       		.byte	-76
 1118 0441 20       		.byte	32
 1119 0442 B5       		.byte	-75
 1120 0443 02       		.byte	2
 1121 0444 E8       		.byte	-24
 1122 0445 02       		.byte	2
 1123 0446 EC       		.byte	-20
 1124 0447 08       		.byte	8
 1125 0448 00       		.byte	0
 1126 0449 02       		.byte	2
 1127 044a 0C       		.byte	12
 1128 044b 02       		.byte	2
 1129 044c 0E       		.byte	14
 1130 044d 02       		.byte	2
 1131 044e 00       		.byte	0
 1132 044f 0F       		.byte	15
 1133 0450 10       		.byte	16
 1134 0451 02       		.byte	2
 1135 0452 00       		.byte	0
 1136 0453 00       		.byte	0
 1137 0454 00       		.byte	0
 1138 0455 00       		.byte	0
 1139 0456 00       		.byte	0
 1140 0457 00       		.byte	0
ARM GAS  C:\Users\HP\AppData\Local\Temp\ccixUmEm.s 			page 21


 1141 0458 00       		.byte	0
 1142 0459 00       		.byte	0
 1143 045a 20       		.byte	32
 1144 045b 00       		.byte	0
 1145 045c 00       		.byte	0
 1146 045d 0B       		.byte	11
 1147 045e 0B       		.byte	11
 1148 045f 00       		.byte	0
 1149 0460 00       		.byte	0
 1150 0461 00       		.byte	0
 1151 0462 00       		.byte	0
 1152 0463 00       		.byte	0
 1153 0464 82       		.byte	-126
 1154 0465 00       		.byte	0
 1155 0466 01       		.byte	1
 1156 0467 F2       		.byte	-14
 1157 0468 72       		.byte	114
 1158 0469 00       		.byte	0
 1159 046a 02       		.byte	2
 1160 046b 00       		.byte	0
 1161 046c 00       		.byte	0
 1162 046d 00       		.byte	0
 1163 046e 00       		.byte	0
 1164 046f 00       		.byte	0
 1165 0470 00       		.byte	0
 1166 0471 00       		.byte	0
 1167 0472 00       		.byte	0
 1168 0473 00       		.byte	0
 1169 0474 00       		.byte	0
 1170 0475 00       		.byte	0
 1171 0476 01       		.byte	1
 1172 0477 00       		.byte	0
 1173 0478 00       		.byte	0
 1174 0479 80       		.byte	-128
 1175 047a 80       		.byte	-128
 1176 047b 00       		.byte	0
 1177 047c 00       		.byte	0
 1178 047d 00       		.byte	0
 1179 047e 00       		.byte	0
 1180 047f 00       		.byte	0
 1181 0480 BB       		.byte	-69
 1182 0481 00       		.byte	0
 1183 0482 18       		.byte	24
 1184 0483 01       		.byte	1
 1185              		.section	.cywolatch,"a",%progbits
 1186              		.align	2
 1187              		.type	cy_meta_wonvl, %object
 1188              		.size	cy_meta_wonvl, 4
 1189              	cy_meta_wonvl:
 1190 0000 BC       		.byte	-68
 1191 0001 90       		.byte	-112
 1192 0002 AC       		.byte	-84
 1193 0003 AF       		.byte	-81
 1194              		.section	.cycustnvl,"a",%progbits
 1195              		.align	2
 1196              		.type	cy_meta_custnvl, %object
 1197              		.size	cy_meta_custnvl, 4
ARM GAS  C:\Users\HP\AppData\Local\Temp\ccixUmEm.s 			page 22


 1198              	cy_meta_custnvl:
 1199 0000 00       		.byte	0
 1200 0001 00       		.byte	0
 1201 0002 40       		.byte	64
 1202 0003 05       		.byte	5
 1203              		.section	.cymeta,"a",%progbits
 1204              		.align	2
 1205              		.type	cy_metadata, %object
 1206              		.size	cy_metadata, 12
 1207              	cy_metadata:
 1208 0000 00       		.byte	0
 1209 0001 01       		.byte	1
 1210 0002 2E       		.byte	46
 1211 0003 16       		.byte	22
 1212 0004 00       		.byte	0
 1213 0005 69       		.byte	105
 1214 0006 00       		.byte	0
 1215 0007 01       		.byte	1
 1216 0008 00       		.byte	0
 1217 0009 00       		.byte	0
 1218 000a 00       		.byte	0
 1219 000b 00       		.byte	0
 1220              		.section	.cyflashprotect,"a",%progbits
 1221              		.align	2
 1222              		.type	cy_meta_flashprotect, %object
 1223              		.size	cy_meta_flashprotect, 256
 1224              	cy_meta_flashprotect:
 1225 0000 00000000 		.space	256
 1225      00000000 
 1225      00000000 
 1225      00000000 
 1225      00000000 
 1226              		.text
 1227              	.Letext0:
 1228              		.file 1 "c:\\program files (x86)\\cypress\\psoc creator\\4.4\\psoc creator\\import\\gnu\\arm\\5.4.
 1229              		.file 2 "c:\\program files (x86)\\cypress\\psoc creator\\4.4\\psoc creator\\import\\gnu\\arm\\5.4.
 1230              		.file 3 "Generated_Source\\PSoC5\\cymetadata.c"
 1231              		.section	.debug_info,"",%progbits
 1232              	.Ldebug_info0:
 1233 0000 32010000 		.4byte	0x132
 1234 0004 0400     		.2byte	0x4
 1235 0006 00000000 		.4byte	.Ldebug_abbrev0
 1236 000a 04       		.byte	0x4
 1237 000b 01       		.uleb128 0x1
 1238 000c 24000000 		.4byte	.LASF17
 1239 0010 0C       		.byte	0xc
 1240 0011 FE010000 		.4byte	.LASF18
 1241 0015 D7000000 		.4byte	.LASF19
 1242 0019 00000000 		.4byte	.Ldebug_line0
 1243 001d 02       		.uleb128 0x2
 1244 001e 01       		.byte	0x1
 1245 001f 06       		.byte	0x6
 1246 0020 F2010000 		.4byte	.LASF0
 1247 0024 03       		.uleb128 0x3
 1248 0025 00000000 		.4byte	.LASF9
 1249 0029 01       		.byte	0x1
 1250 002a 1D       		.byte	0x1d
ARM GAS  C:\Users\HP\AppData\Local\Temp\ccixUmEm.s 			page 23


 1251 002b 2F000000 		.4byte	0x2f
 1252 002f 02       		.uleb128 0x2
 1253 0030 01       		.byte	0x1
 1254 0031 08       		.byte	0x8
 1255 0032 16000000 		.4byte	.LASF1
 1256 0036 02       		.uleb128 0x2
 1257 0037 02       		.byte	0x2
 1258 0038 05       		.byte	0x5
 1259 0039 DF010000 		.4byte	.LASF2
 1260 003d 02       		.uleb128 0x2
 1261 003e 02       		.byte	0x2
 1262 003f 07       		.byte	0x7
 1263 0040 C4000000 		.4byte	.LASF3
 1264 0044 02       		.uleb128 0x2
 1265 0045 04       		.byte	0x4
 1266 0046 05       		.byte	0x5
 1267 0047 E9010000 		.4byte	.LASF4
 1268 004b 02       		.uleb128 0x2
 1269 004c 04       		.byte	0x4
 1270 004d 07       		.byte	0x7
 1271 004e B2000000 		.4byte	.LASF5
 1272 0052 02       		.uleb128 0x2
 1273 0053 08       		.byte	0x8
 1274 0054 05       		.byte	0x5
 1275 0055 D1010000 		.4byte	.LASF6
 1276 0059 02       		.uleb128 0x2
 1277 005a 08       		.byte	0x8
 1278 005b 07       		.byte	0x7
 1279 005c 86010000 		.4byte	.LASF7
 1280 0060 04       		.uleb128 0x4
 1281 0061 04       		.byte	0x4
 1282 0062 05       		.byte	0x5
 1283 0063 696E7400 		.ascii	"int\000"
 1284 0067 02       		.uleb128 0x2
 1285 0068 04       		.byte	0x4
 1286 0069 07       		.byte	0x7
 1287 006a 79010000 		.4byte	.LASF8
 1288 006e 03       		.uleb128 0x3
 1289 006f 9D010000 		.4byte	.LASF10
 1290 0073 02       		.byte	0x2
 1291 0074 18       		.byte	0x18
 1292 0075 24000000 		.4byte	0x24
 1293 0079 05       		.uleb128 0x5
 1294 007a 91000000 		.4byte	0x91
 1295 007e 8A000000 		.4byte	0x8a
 1296 0082 06       		.uleb128 0x6
 1297 0083 8A000000 		.4byte	0x8a
 1298 0087 8304     		.2byte	0x483
 1299 0089 00       		.byte	0
 1300 008a 02       		.uleb128 0x2
 1301 008b 04       		.byte	0x4
 1302 008c 07       		.byte	0x7
 1303 008d C8010000 		.4byte	.LASF11
 1304 0091 07       		.uleb128 0x7
 1305 0092 6E000000 		.4byte	0x6e
 1306 0096 08       		.uleb128 0x8
 1307 0097 67010000 		.4byte	.LASF12
ARM GAS  C:\Users\HP\AppData\Local\Temp\ccixUmEm.s 			page 24


 1308 009b 03       		.byte	0x3
 1309 009c 1F       		.byte	0x1f
 1310 009d A7000000 		.4byte	0xa7
 1311 00a1 05       		.uleb128 0x5
 1312 00a2 03       		.byte	0x3
 1313 00a3 00000000 		.4byte	cy_meta_configecc
 1314 00a7 07       		.uleb128 0x7
 1315 00a8 79000000 		.4byte	0x79
 1316 00ac 05       		.uleb128 0x5
 1317 00ad 91000000 		.4byte	0x91
 1318 00b1 BC000000 		.4byte	0xbc
 1319 00b5 09       		.uleb128 0x9
 1320 00b6 8A000000 		.4byte	0x8a
 1321 00ba 03       		.byte	0x3
 1322 00bb 00       		.byte	0
 1323 00bc 08       		.uleb128 0x8
 1324 00bd 57010000 		.4byte	.LASF13
 1325 00c1 03       		.byte	0x3
 1326 00c2 BD       		.byte	0xbd
 1327 00c3 CD000000 		.4byte	0xcd
 1328 00c7 05       		.uleb128 0x5
 1329 00c8 03       		.byte	0x3
 1330 00c9 00000000 		.4byte	cy_meta_custnvl
 1331 00cd 07       		.uleb128 0x7
 1332 00ce AC000000 		.4byte	0xac
 1333 00d2 08       		.uleb128 0x8
 1334 00d3 BA010000 		.4byte	.LASF14
 1335 00d7 03       		.byte	0x3
 1336 00d8 CB       		.byte	0xcb
 1337 00d9 E3000000 		.4byte	0xe3
 1338 00dd 05       		.uleb128 0x5
 1339 00de 03       		.byte	0x3
 1340 00df 00000000 		.4byte	cy_meta_wonvl
 1341 00e3 07       		.uleb128 0x7
 1342 00e4 AC000000 		.4byte	0xac
 1343 00e8 05       		.uleb128 0x5
 1344 00e9 91000000 		.4byte	0x91
 1345 00ed F8000000 		.4byte	0xf8
 1346 00f1 09       		.uleb128 0x9
 1347 00f2 8A000000 		.4byte	0x8a
 1348 00f6 FF       		.byte	0xff
 1349 00f7 00       		.byte	0
 1350 00f8 08       		.uleb128 0x8
 1351 00f9 A5010000 		.4byte	.LASF15
 1352 00fd 03       		.byte	0x3
 1353 00fe D9       		.byte	0xd9
 1354 00ff 09010000 		.4byte	0x109
 1355 0103 05       		.uleb128 0x5
 1356 0104 03       		.byte	0x3
 1357 0105 00000000 		.4byte	cy_meta_flashprotect
 1358 0109 07       		.uleb128 0x7
 1359 010a E8000000 		.4byte	0xe8
 1360 010e 05       		.uleb128 0x5
 1361 010f 91000000 		.4byte	0x91
 1362 0113 1E010000 		.4byte	0x11e
 1363 0117 09       		.uleb128 0x9
 1364 0118 8A000000 		.4byte	0x8a
ARM GAS  C:\Users\HP\AppData\Local\Temp\ccixUmEm.s 			page 25


 1365 011c 0B       		.byte	0xb
 1366 011d 00       		.byte	0
 1367 011e 0A       		.uleb128 0xa
 1368 011f 0A000000 		.4byte	.LASF16
 1369 0123 03       		.byte	0x3
 1370 0124 0601     		.2byte	0x106
 1371 0126 30010000 		.4byte	0x130
 1372 012a 05       		.uleb128 0x5
 1373 012b 03       		.byte	0x3
 1374 012c 00000000 		.4byte	cy_metadata
 1375 0130 07       		.uleb128 0x7
 1376 0131 0E010000 		.4byte	0x10e
 1377 0135 00       		.byte	0
 1378              		.section	.debug_abbrev,"",%progbits
 1379              	.Ldebug_abbrev0:
 1380 0000 01       		.uleb128 0x1
 1381 0001 11       		.uleb128 0x11
 1382 0002 01       		.byte	0x1
 1383 0003 25       		.uleb128 0x25
 1384 0004 0E       		.uleb128 0xe
 1385 0005 13       		.uleb128 0x13
 1386 0006 0B       		.uleb128 0xb
 1387 0007 03       		.uleb128 0x3
 1388 0008 0E       		.uleb128 0xe
 1389 0009 1B       		.uleb128 0x1b
 1390 000a 0E       		.uleb128 0xe
 1391 000b 10       		.uleb128 0x10
 1392 000c 17       		.uleb128 0x17
 1393 000d 00       		.byte	0
 1394 000e 00       		.byte	0
 1395 000f 02       		.uleb128 0x2
 1396 0010 24       		.uleb128 0x24
 1397 0011 00       		.byte	0
 1398 0012 0B       		.uleb128 0xb
 1399 0013 0B       		.uleb128 0xb
 1400 0014 3E       		.uleb128 0x3e
 1401 0015 0B       		.uleb128 0xb
 1402 0016 03       		.uleb128 0x3
 1403 0017 0E       		.uleb128 0xe
 1404 0018 00       		.byte	0
 1405 0019 00       		.byte	0
 1406 001a 03       		.uleb128 0x3
 1407 001b 16       		.uleb128 0x16
 1408 001c 00       		.byte	0
 1409 001d 03       		.uleb128 0x3
 1410 001e 0E       		.uleb128 0xe
 1411 001f 3A       		.uleb128 0x3a
 1412 0020 0B       		.uleb128 0xb
 1413 0021 3B       		.uleb128 0x3b
 1414 0022 0B       		.uleb128 0xb
 1415 0023 49       		.uleb128 0x49
 1416 0024 13       		.uleb128 0x13
 1417 0025 00       		.byte	0
 1418 0026 00       		.byte	0
 1419 0027 04       		.uleb128 0x4
 1420 0028 24       		.uleb128 0x24
 1421 0029 00       		.byte	0
ARM GAS  C:\Users\HP\AppData\Local\Temp\ccixUmEm.s 			page 26


 1422 002a 0B       		.uleb128 0xb
 1423 002b 0B       		.uleb128 0xb
 1424 002c 3E       		.uleb128 0x3e
 1425 002d 0B       		.uleb128 0xb
 1426 002e 03       		.uleb128 0x3
 1427 002f 08       		.uleb128 0x8
 1428 0030 00       		.byte	0
 1429 0031 00       		.byte	0
 1430 0032 05       		.uleb128 0x5
 1431 0033 01       		.uleb128 0x1
 1432 0034 01       		.byte	0x1
 1433 0035 49       		.uleb128 0x49
 1434 0036 13       		.uleb128 0x13
 1435 0037 01       		.uleb128 0x1
 1436 0038 13       		.uleb128 0x13
 1437 0039 00       		.byte	0
 1438 003a 00       		.byte	0
 1439 003b 06       		.uleb128 0x6
 1440 003c 21       		.uleb128 0x21
 1441 003d 00       		.byte	0
 1442 003e 49       		.uleb128 0x49
 1443 003f 13       		.uleb128 0x13
 1444 0040 2F       		.uleb128 0x2f
 1445 0041 05       		.uleb128 0x5
 1446 0042 00       		.byte	0
 1447 0043 00       		.byte	0
 1448 0044 07       		.uleb128 0x7
 1449 0045 26       		.uleb128 0x26
 1450 0046 00       		.byte	0
 1451 0047 49       		.uleb128 0x49
 1452 0048 13       		.uleb128 0x13
 1453 0049 00       		.byte	0
 1454 004a 00       		.byte	0
 1455 004b 08       		.uleb128 0x8
 1456 004c 34       		.uleb128 0x34
 1457 004d 00       		.byte	0
 1458 004e 03       		.uleb128 0x3
 1459 004f 0E       		.uleb128 0xe
 1460 0050 3A       		.uleb128 0x3a
 1461 0051 0B       		.uleb128 0xb
 1462 0052 3B       		.uleb128 0x3b
 1463 0053 0B       		.uleb128 0xb
 1464 0054 49       		.uleb128 0x49
 1465 0055 13       		.uleb128 0x13
 1466 0056 3F       		.uleb128 0x3f
 1467 0057 19       		.uleb128 0x19
 1468 0058 02       		.uleb128 0x2
 1469 0059 18       		.uleb128 0x18
 1470 005a 00       		.byte	0
 1471 005b 00       		.byte	0
 1472 005c 09       		.uleb128 0x9
 1473 005d 21       		.uleb128 0x21
 1474 005e 00       		.byte	0
 1475 005f 49       		.uleb128 0x49
 1476 0060 13       		.uleb128 0x13
 1477 0061 2F       		.uleb128 0x2f
 1478 0062 0B       		.uleb128 0xb
ARM GAS  C:\Users\HP\AppData\Local\Temp\ccixUmEm.s 			page 27


 1479 0063 00       		.byte	0
 1480 0064 00       		.byte	0
 1481 0065 0A       		.uleb128 0xa
 1482 0066 34       		.uleb128 0x34
 1483 0067 00       		.byte	0
 1484 0068 03       		.uleb128 0x3
 1485 0069 0E       		.uleb128 0xe
 1486 006a 3A       		.uleb128 0x3a
 1487 006b 0B       		.uleb128 0xb
 1488 006c 3B       		.uleb128 0x3b
 1489 006d 05       		.uleb128 0x5
 1490 006e 49       		.uleb128 0x49
 1491 006f 13       		.uleb128 0x13
 1492 0070 3F       		.uleb128 0x3f
 1493 0071 19       		.uleb128 0x19
 1494 0072 02       		.uleb128 0x2
 1495 0073 18       		.uleb128 0x18
 1496 0074 00       		.byte	0
 1497 0075 00       		.byte	0
 1498 0076 00       		.byte	0
 1499              		.section	.debug_aranges,"",%progbits
 1500 0000 14000000 		.4byte	0x14
 1501 0004 0200     		.2byte	0x2
 1502 0006 00000000 		.4byte	.Ldebug_info0
 1503 000a 04       		.byte	0x4
 1504 000b 00       		.byte	0
 1505 000c 0000     		.2byte	0
 1506 000e 0000     		.2byte	0
 1507 0010 00000000 		.4byte	0
 1508 0014 00000000 		.4byte	0
 1509              		.section	.debug_line,"",%progbits
 1510              	.Ldebug_line0:
 1511 0000 3D010000 		.section	.debug_str,"MS",%progbits,1
 1511      02003701 
 1511      00000201 
 1511      FB0E0D00 
 1511      01010101 
 1512              	.LASF9:
 1513 0000 5F5F7569 		.ascii	"__uint8_t\000"
 1513      6E74385F 
 1513      7400
 1514              	.LASF16:
 1515 000a 63795F6D 		.ascii	"cy_metadata\000"
 1515      65746164 
 1515      61746100 
 1516              	.LASF1:
 1517 0016 756E7369 		.ascii	"unsigned char\000"
 1517      676E6564 
 1517      20636861 
 1517      7200
 1518              	.LASF17:
 1519 0024 474E5520 		.ascii	"GNU C11 5.4.1 20160609 (release) [ARM/embedded-5-br"
 1519      43313120 
 1519      352E342E 
 1519      31203230 
 1519      31363036 
 1520 0057 616E6368 		.ascii	"anch revision 237715] -mcpu=cortex-m3 -mthumb -g -O"
ARM GAS  C:\Users\HP\AppData\Local\Temp\ccixUmEm.s 			page 28


 1520      20726576 
 1520      6973696F 
 1520      6E203233 
 1520      37373135 
 1521 008a 67202D66 		.ascii	"g -ffunction-sections -ffat-lto-objects\000"
 1521      66756E63 
 1521      74696F6E 
 1521      2D736563 
 1521      74696F6E 
 1522              	.LASF5:
 1523 00b2 6C6F6E67 		.ascii	"long unsigned int\000"
 1523      20756E73 
 1523      69676E65 
 1523      6420696E 
 1523      7400
 1524              	.LASF3:
 1525 00c4 73686F72 		.ascii	"short unsigned int\000"
 1525      7420756E 
 1525      7369676E 
 1525      65642069 
 1525      6E7400
 1526              	.LASF19:
 1527 00d7 453A5C48 		.ascii	"E:\\HDA_Lectures\\001_Repository\\012_SDHD\\012_SDH"
 1527      44415F4C 
 1527      65637475 
 1527      7265735C 
 1527      3030315F 
 1528 0106 445F4C61 		.ascii	"D_LabCodes\\Lab\\40_Implementation\\20_SW\\10_work\\"
 1528      62436F64 
 1528      65735C4C 
 1528      61625C34 
 1528      305F496D 
 1529 0135 53444844 		.ascii	"SDHD_WP1\\D5-RADAR_Detection.cydsn\000"
 1529      5F575031 
 1529      5C44352D 
 1529      52414441 
 1529      525F4465 
 1530              	.LASF13:
 1531 0157 63795F6D 		.ascii	"cy_meta_custnvl\000"
 1531      6574615F 
 1531      63757374 
 1531      6E766C00 
 1532              	.LASF12:
 1533 0167 63795F6D 		.ascii	"cy_meta_configecc\000"
 1533      6574615F 
 1533      636F6E66 
 1533      69676563 
 1533      6300
 1534              	.LASF8:
 1535 0179 756E7369 		.ascii	"unsigned int\000"
 1535      676E6564 
 1535      20696E74 
 1535      00
 1536              	.LASF7:
 1537 0186 6C6F6E67 		.ascii	"long long unsigned int\000"
 1537      206C6F6E 
 1537      6720756E 
ARM GAS  C:\Users\HP\AppData\Local\Temp\ccixUmEm.s 			page 29


 1537      7369676E 
 1537      65642069 
 1538              	.LASF10:
 1539 019d 75696E74 		.ascii	"uint8_t\000"
 1539      385F7400 
 1540              	.LASF15:
 1541 01a5 63795F6D 		.ascii	"cy_meta_flashprotect\000"
 1541      6574615F 
 1541      666C6173 
 1541      6870726F 
 1541      74656374 
 1542              	.LASF14:
 1543 01ba 63795F6D 		.ascii	"cy_meta_wonvl\000"
 1543      6574615F 
 1543      776F6E76 
 1543      6C00
 1544              	.LASF11:
 1545 01c8 73697A65 		.ascii	"sizetype\000"
 1545      74797065 
 1545      00
 1546              	.LASF6:
 1547 01d1 6C6F6E67 		.ascii	"long long int\000"
 1547      206C6F6E 
 1547      6720696E 
 1547      7400
 1548              	.LASF2:
 1549 01df 73686F72 		.ascii	"short int\000"
 1549      7420696E 
 1549      7400
 1550              	.LASF4:
 1551 01e9 6C6F6E67 		.ascii	"long int\000"
 1551      20696E74 
 1551      00
 1552              	.LASF0:
 1553 01f2 7369676E 		.ascii	"signed char\000"
 1553      65642063 
 1553      68617200 
 1554              	.LASF18:
 1555 01fe 47656E65 		.ascii	"Generated_Source\\PSoC5\\cymetadata.c\000"
 1555      72617465 
 1555      645F536F 
 1555      75726365 
 1555      5C50536F 
 1556              		.ident	"GCC: (GNU Tools for ARM Embedded Processors) 5.4.1 20160609 (release) [ARM/embedded-5-bran
