ARM GAS  C:\Users\HP\AppData\Local\Temp\ccefc0Mb.s 			page 1


   1              		.syntax unified
   2              		.cpu cortex-m3
   3              		.fpu softvfp
   4              		.eabi_attribute 20, 1
   5              		.eabi_attribute 21, 1
   6              		.eabi_attribute 23, 3
   7              		.eabi_attribute 24, 1
   8              		.eabi_attribute 25, 1
   9              		.eabi_attribute 26, 1
  10              		.eabi_attribute 30, 1
  11              		.eabi_attribute 34, 1
  12              		.eabi_attribute 18, 4
  13              		.thumb
  14              		.syntax unified
  15              		.file	"interrupt_handlers.c"
  16              		.text
  17              	.Ltext0:
  18              		.cfi_sections	.debug_frame
  19              		.section	.text.ISR_UARTReceive,"ax",%progbits
  20              		.align	2
  21              		.global	ISR_UARTReceive
  22              		.thumb
  23              		.thumb_func
  24              		.type	ISR_UARTReceive, %function
  25              	ISR_UARTReceive:
  26              	.LFB63:
  27              		.file 1 "sources\\bsw\\interrupt_handlers.c"
   1:sources\bsw/interrupt_handlers.c **** /**
   2:sources\bsw/interrupt_handlers.c ****  * @file interrupt_handlers.c
   3:sources\bsw/interrupt_handlers.c ****  * @brief Interrupt handlers implementation file.
   4:sources\bsw/interrupt_handlers.c ****  * This file contains the implementations of the interrupt service routines.
   5:sources\bsw/interrupt_handlers.c ****  */
   6:sources\bsw/interrupt_handlers.c **** #include "interrupt_handlers.h"
   7:sources\bsw/interrupt_handlers.c **** 
   8:sources\bsw/interrupt_handlers.c **** /**
   9:sources\bsw/interrupt_handlers.c ****  * @brief ISR for button press.
  10:sources\bsw/interrupt_handlers.c ****  *
  11:sources\bsw/interrupt_handlers.c ****  * This interrupt service routine is called whenever a Button 1 rising edge interrupt occurs.
  12:sources\bsw/interrupt_handlers.c ****  */
  13:sources\bsw/interrupt_handlers.c **** /*CY_ISR(ISR_ButtonPress)
  14:sources\bsw/interrupt_handlers.c **** {
  15:sources\bsw/interrupt_handlers.c ****     ISR_PB_ClearPending();
  16:sources\bsw/interrupt_handlers.c ****     Push_button_ClearInterrupt();
  17:sources\bsw/interrupt_handlers.c ****     if(buttonToggle == 0)
  18:sources\bsw/interrupt_handlers.c ****     {
  19:sources\bsw/interrupt_handlers.c ****         buttonToggle = 1;
  20:sources\bsw/interrupt_handlers.c ****     }
  21:sources\bsw/interrupt_handlers.c **** }*/
  22:sources\bsw/interrupt_handlers.c **** 
  23:sources\bsw/interrupt_handlers.c **** /**
  24:sources\bsw/interrupt_handlers.c ****  * @brief ISR for UART receive.
  25:sources\bsw/interrupt_handlers.c ****  *
  26:sources\bsw/interrupt_handlers.c ****  * This interrupt service routine is called whenever data is received on the UART.
  27:sources\bsw/interrupt_handlers.c ****  * It reads the received character and updates the state machine commands accordingly.
  28:sources\bsw/interrupt_handlers.c ****  *
  29:sources\bsw/interrupt_handlers.c ****  * @return void
  30:sources\bsw/interrupt_handlers.c ****  */
ARM GAS  C:\Users\HP\AppData\Local\Temp\ccefc0Mb.s 			page 2


  31:sources\bsw/interrupt_handlers.c **** CY_ISR(ISR_UARTReceive)
  32:sources\bsw/interrupt_handlers.c **** {
  28              		.loc 1 32 0
  29              		.cfi_startproc
  30              		@ args = 0, pretend = 0, frame = 0
  31              		@ frame_needed = 0, uses_anonymous_args = 0
  32 0000 08B5     		push	{r3, lr}
  33              		.cfi_def_cfa_offset 8
  34              		.cfi_offset 3, -8
  35              		.cfi_offset 14, -4
  33:sources\bsw/interrupt_handlers.c ****     char receivedData = UART_LOG_GetChar();
  36              		.loc 1 33 0
  37 0002 FFF7FEFF 		bl	UART_LOG_GetChar
  38              	.LVL0:
  34:sources\bsw/interrupt_handlers.c ****     switch(receivedData)
  39              		.loc 1 34 0
  40 0006 6F28     		cmp	r0, #111
  41 0008 05D0     		beq	.L3
  42 000a 7328     		cmp	r0, #115
  43 000c 06D1     		bne	.L1
  35:sources\bsw/interrupt_handlers.c ****     {
  36:sources\bsw/interrupt_handlers.c ****         case 's':
  37:sources\bsw/interrupt_handlers.c ****             stateMachine.startSampleCommand = 1;
  44              		.loc 1 37 0
  45 000e 0122     		movs	r2, #1
  46 0010 034B     		ldr	r3, .L6
  47 0012 5A70     		strb	r2, [r3, #1]
  38:sources\bsw/interrupt_handlers.c ****             break;
  48              		.loc 1 38 0
  49 0014 08BD     		pop	{r3, pc}
  50              	.L3:
  39:sources\bsw/interrupt_handlers.c ****         case 'o':
  40:sources\bsw/interrupt_handlers.c ****             stateMachine.continueSampleCommand = 1;
  51              		.loc 1 40 0
  52 0016 0122     		movs	r2, #1
  53 0018 014B     		ldr	r3, .L6
  54 001a 9A70     		strb	r2, [r3, #2]
  55              	.L1:
  56 001c 08BD     		pop	{r3, pc}
  57              	.L7:
  58 001e 00BF     		.align	2
  59              	.L6:
  60 0020 00000000 		.word	stateMachine
  61              		.cfi_endproc
  62              	.LFE63:
  63              		.size	ISR_UARTReceive, .-ISR_UARTReceive
  64              		.text
  65              	.Letext0:
  66              		.file 2 "c:\\program files (x86)\\cypress\\psoc creator\\4.4\\psoc creator\\import\\gnu\\arm\\5.4.
  67              		.file 3 "c:\\program files (x86)\\cypress\\psoc creator\\4.4\\psoc creator\\import\\gnu\\arm\\5.4.
  68              		.file 4 "Generated_Source\\PSoC5/cytypes.h"
  69              		.file 5 ".\\sources\\asw/state_machine.h"
  70              		.file 6 "Generated_Source\\PSoC5/core_cm3.h"
  71              		.file 7 "sources\\bsw\\interrupt_handlers.h"
  72              		.file 8 "Generated_Source\\PSoC5/UART_LOG.h"
  73              		.section	.debug_info,"",%progbits
  74              	.Ldebug_info0:
ARM GAS  C:\Users\HP\AppData\Local\Temp\ccefc0Mb.s 			page 3


  75 0000 D7010000 		.4byte	0x1d7
  76 0004 0400     		.2byte	0x4
  77 0006 00000000 		.4byte	.Ldebug_abbrev0
  78 000a 04       		.byte	0x4
  79 000b 01       		.uleb128 0x1
  80 000c 9C000000 		.4byte	.LASF34
  81 0010 0C       		.byte	0xc
  82 0011 54000000 		.4byte	.LASF35
  83 0015 5C010000 		.4byte	.LASF36
  84 0019 00000000 		.4byte	.Ldebug_ranges0+0
  85 001d 00000000 		.4byte	0
  86 0021 00000000 		.4byte	.Ldebug_line0
  87 0025 02       		.uleb128 0x2
  88 0026 01       		.byte	0x1
  89 0027 06       		.byte	0x6
  90 0028 DA020000 		.4byte	.LASF0
  91 002c 03       		.uleb128 0x3
  92 002d 00000000 		.4byte	.LASF3
  93 0031 02       		.byte	0x2
  94 0032 1D       		.byte	0x1d
  95 0033 37000000 		.4byte	0x37
  96 0037 02       		.uleb128 0x2
  97 0038 01       		.byte	0x1
  98 0039 08       		.byte	0x8
  99 003a 8E000000 		.4byte	.LASF1
 100 003e 02       		.uleb128 0x2
 101 003f 02       		.byte	0x2
 102 0040 05       		.byte	0x5
 103 0041 8B020000 		.4byte	.LASF2
 104 0045 03       		.uleb128 0x3
 105 0046 DC010000 		.4byte	.LASF4
 106 004a 02       		.byte	0x2
 107 004b 2B       		.byte	0x2b
 108 004c 50000000 		.4byte	0x50
 109 0050 02       		.uleb128 0x2
 110 0051 02       		.byte	0x2
 111 0052 07       		.byte	0x7
 112 0053 21000000 		.4byte	.LASF5
 113 0057 03       		.uleb128 0x3
 114 0058 17000000 		.4byte	.LASF6
 115 005c 02       		.byte	0x2
 116 005d 3F       		.byte	0x3f
 117 005e 62000000 		.4byte	0x62
 118 0062 02       		.uleb128 0x2
 119 0063 04       		.byte	0x4
 120 0064 05       		.byte	0x5
 121 0065 B8020000 		.4byte	.LASF7
 122 0069 02       		.uleb128 0x2
 123 006a 04       		.byte	0x4
 124 006b 07       		.byte	0x7
 125 006c FE010000 		.4byte	.LASF8
 126 0070 02       		.uleb128 0x2
 127 0071 08       		.byte	0x8
 128 0072 05       		.byte	0x5
 129 0073 6C020000 		.4byte	.LASF9
 130 0077 02       		.uleb128 0x2
 131 0078 08       		.byte	0x8
ARM GAS  C:\Users\HP\AppData\Local\Temp\ccefc0Mb.s 			page 4


 132 0079 07       		.byte	0x7
 133 007a 28020000 		.4byte	.LASF10
 134 007e 04       		.uleb128 0x4
 135 007f 04       		.byte	0x4
 136 0080 05       		.byte	0x5
 137 0081 696E7400 		.ascii	"int\000"
 138 0085 02       		.uleb128 0x2
 139 0086 04       		.byte	0x4
 140 0087 07       		.byte	0x7
 141 0088 10020000 		.4byte	.LASF11
 142 008c 03       		.uleb128 0x3
 143 008d 34000000 		.4byte	.LASF12
 144 0091 03       		.byte	0x3
 145 0092 18       		.byte	0x18
 146 0093 2C000000 		.4byte	0x2c
 147 0097 03       		.uleb128 0x3
 148 0098 95020000 		.4byte	.LASF13
 149 009c 03       		.byte	0x3
 150 009d 24       		.byte	0x24
 151 009e 45000000 		.4byte	0x45
 152 00a2 03       		.uleb128 0x3
 153 00a3 4E020000 		.4byte	.LASF14
 154 00a7 03       		.byte	0x3
 155 00a8 2C       		.byte	0x2c
 156 00a9 57000000 		.4byte	0x57
 157 00ad 05       		.uleb128 0x5
 158 00ae 49010000 		.4byte	.LASF15
 159 00b2 04       		.byte	0x4
 160 00b3 ED01     		.2byte	0x1ed
 161 00b5 62000000 		.4byte	0x62
 162 00b9 02       		.uleb128 0x2
 163 00ba 04       		.byte	0x4
 164 00bb 04       		.byte	0x4
 165 00bc 88000000 		.4byte	.LASF16
 166 00c0 02       		.uleb128 0x2
 167 00c1 08       		.byte	0x8
 168 00c2 04       		.byte	0x4
 169 00c3 3C000000 		.4byte	.LASF17
 170 00c7 02       		.uleb128 0x2
 171 00c8 01       		.byte	0x1
 172 00c9 08       		.byte	0x8
 173 00ca 7A020000 		.4byte	.LASF18
 174 00ce 02       		.uleb128 0x2
 175 00cf 08       		.byte	0x8
 176 00d0 04       		.byte	0x4
 177 00d1 CE020000 		.4byte	.LASF19
 178 00d5 02       		.uleb128 0x2
 179 00d6 04       		.byte	0x4
 180 00d7 07       		.byte	0x7
 181 00d8 63020000 		.4byte	.LASF20
 182 00dc 06       		.uleb128 0x6
 183 00dd 01       		.byte	0x1
 184 00de 37000000 		.4byte	0x37
 185 00e2 05       		.byte	0x5
 186 00e3 1A       		.byte	0x1a
 187 00e4 FB000000 		.4byte	0xfb
 188 00e8 07       		.uleb128 0x7
ARM GAS  C:\Users\HP\AppData\Local\Temp\ccefc0Mb.s 			page 5


 189 00e9 2A010000 		.4byte	.LASF21
 190 00ed 00       		.byte	0
 191 00ee 07       		.uleb128 0x7
 192 00ef 3F020000 		.4byte	.LASF22
 193 00f3 01       		.byte	0x1
 194 00f4 07       		.uleb128 0x7
 195 00f5 35010000 		.4byte	.LASF23
 196 00f9 02       		.byte	0x2
 197 00fa 00       		.byte	0
 198 00fb 03       		.uleb128 0x3
 199 00fc E7010000 		.4byte	.LASF24
 200 0100 05       		.byte	0x5
 201 0101 1E       		.byte	0x1e
 202 0102 DC000000 		.4byte	0xdc
 203 0106 08       		.uleb128 0x8
 204 0107 0828     		.2byte	0x2808
 205 0109 05       		.byte	0x5
 206 010a 21       		.byte	0x21
 207 010b 5A010000 		.4byte	0x15a
 208 010f 09       		.uleb128 0x9
 209 0110 0A000000 		.4byte	.LASF25
 210 0114 05       		.byte	0x5
 211 0115 23       		.byte	0x23
 212 0116 FB000000 		.4byte	0xfb
 213 011a 00       		.byte	0
 214 011b 09       		.uleb128 0x9
 215 011c 75000000 		.4byte	.LASF26
 216 0120 05       		.byte	0x5
 217 0121 24       		.byte	0x24
 218 0122 8C000000 		.4byte	0x8c
 219 0126 01       		.byte	0x1
 220 0127 09       		.uleb128 0x9
 221 0128 E6020000 		.4byte	.LASF27
 222 012c 05       		.byte	0x5
 223 012d 25       		.byte	0x25
 224 012e 8C000000 		.4byte	0x8c
 225 0132 02       		.byte	0x2
 226 0133 09       		.uleb128 0x9
 227 0134 1D020000 		.4byte	.LASF28
 228 0138 05       		.byte	0x5
 229 0139 26       		.byte	0x26
 230 013a 5A010000 		.4byte	0x15a
 231 013e 04       		.byte	0x4
 232 013f 0A       		.uleb128 0xa
 233 0140 7F020000 		.4byte	.LASF29
 234 0144 05       		.byte	0x5
 235 0145 27       		.byte	0x27
 236 0146 8C000000 		.4byte	0x8c
 237 014a 0408     		.2byte	0x804
 238 014c 0A       		.uleb128 0xa
 239 014d 9E020000 		.4byte	.LASF30
 240 0151 05       		.byte	0x5
 241 0152 29       		.byte	0x29
 242 0153 6B010000 		.4byte	0x16b
 243 0157 0808     		.2byte	0x808
 244 0159 00       		.byte	0
 245 015a 0B       		.uleb128 0xb
ARM GAS  C:\Users\HP\AppData\Local\Temp\ccefc0Mb.s 			page 6


 246 015b 97000000 		.4byte	0x97
 247 015f 6B010000 		.4byte	0x16b
 248 0163 0C       		.uleb128 0xc
 249 0164 D5000000 		.4byte	0xd5
 250 0168 FF03     		.2byte	0x3ff
 251 016a 00       		.byte	0
 252 016b 0B       		.uleb128 0xb
 253 016c AD000000 		.4byte	0xad
 254 0170 7C010000 		.4byte	0x17c
 255 0174 0C       		.uleb128 0xc
 256 0175 D5000000 		.4byte	0xd5
 257 0179 FF07     		.2byte	0x7ff
 258 017b 00       		.byte	0
 259 017c 03       		.uleb128 0x3
 260 017d EF010000 		.4byte	.LASF31
 261 0181 05       		.byte	0x5
 262 0182 2B       		.byte	0x2b
 263 0183 06010000 		.4byte	0x106
 264 0187 0D       		.uleb128 0xd
 265 0188 A8020000 		.4byte	.LASF37
 266 018c 01       		.byte	0x1
 267 018d 1F       		.byte	0x1f
 268 018e 00000000 		.4byte	.LFB63
 269 0192 24000000 		.4byte	.LFE63-.LFB63
 270 0196 01       		.uleb128 0x1
 271 0197 9C       		.byte	0x9c
 272 0198 B3010000 		.4byte	0x1b3
 273 019c 0E       		.uleb128 0xe
 274 019d C1020000 		.4byte	.LASF38
 275 01a1 01       		.byte	0x1
 276 01a2 21       		.byte	0x21
 277 01a3 C7000000 		.4byte	0xc7
 278 01a7 01       		.uleb128 0x1
 279 01a8 50       		.byte	0x50
 280 01a9 0F       		.uleb128 0xf
 281 01aa 06000000 		.4byte	.LVL0
 282 01ae CF010000 		.4byte	0x1cf
 283 01b2 00       		.byte	0
 284 01b3 10       		.uleb128 0x10
 285 01b4 4F010000 		.4byte	.LASF32
 286 01b8 06       		.byte	0x6
 287 01b9 1207     		.2byte	0x712
 288 01bb BF010000 		.4byte	0x1bf
 289 01bf 11       		.uleb128 0x11
 290 01c0 A2000000 		.4byte	0xa2
 291 01c4 12       		.uleb128 0x12
 292 01c5 56020000 		.4byte	.LASF33
 293 01c9 07       		.byte	0x7
 294 01ca 0F       		.byte	0xf
 295 01cb 7C010000 		.4byte	0x17c
 296 01cf 13       		.uleb128 0x13
 297 01d0 43000000 		.4byte	.LASF39
 298 01d4 43000000 		.4byte	.LASF39
 299 01d8 08       		.byte	0x8
 300 01d9 71       		.byte	0x71
 301 01da 00       		.byte	0
 302              		.section	.debug_abbrev,"",%progbits
ARM GAS  C:\Users\HP\AppData\Local\Temp\ccefc0Mb.s 			page 7


 303              	.Ldebug_abbrev0:
 304 0000 01       		.uleb128 0x1
 305 0001 11       		.uleb128 0x11
 306 0002 01       		.byte	0x1
 307 0003 25       		.uleb128 0x25
 308 0004 0E       		.uleb128 0xe
 309 0005 13       		.uleb128 0x13
 310 0006 0B       		.uleb128 0xb
 311 0007 03       		.uleb128 0x3
 312 0008 0E       		.uleb128 0xe
 313 0009 1B       		.uleb128 0x1b
 314 000a 0E       		.uleb128 0xe
 315 000b 55       		.uleb128 0x55
 316 000c 17       		.uleb128 0x17
 317 000d 11       		.uleb128 0x11
 318 000e 01       		.uleb128 0x1
 319 000f 10       		.uleb128 0x10
 320 0010 17       		.uleb128 0x17
 321 0011 00       		.byte	0
 322 0012 00       		.byte	0
 323 0013 02       		.uleb128 0x2
 324 0014 24       		.uleb128 0x24
 325 0015 00       		.byte	0
 326 0016 0B       		.uleb128 0xb
 327 0017 0B       		.uleb128 0xb
 328 0018 3E       		.uleb128 0x3e
 329 0019 0B       		.uleb128 0xb
 330 001a 03       		.uleb128 0x3
 331 001b 0E       		.uleb128 0xe
 332 001c 00       		.byte	0
 333 001d 00       		.byte	0
 334 001e 03       		.uleb128 0x3
 335 001f 16       		.uleb128 0x16
 336 0020 00       		.byte	0
 337 0021 03       		.uleb128 0x3
 338 0022 0E       		.uleb128 0xe
 339 0023 3A       		.uleb128 0x3a
 340 0024 0B       		.uleb128 0xb
 341 0025 3B       		.uleb128 0x3b
 342 0026 0B       		.uleb128 0xb
 343 0027 49       		.uleb128 0x49
 344 0028 13       		.uleb128 0x13
 345 0029 00       		.byte	0
 346 002a 00       		.byte	0
 347 002b 04       		.uleb128 0x4
 348 002c 24       		.uleb128 0x24
 349 002d 00       		.byte	0
 350 002e 0B       		.uleb128 0xb
 351 002f 0B       		.uleb128 0xb
 352 0030 3E       		.uleb128 0x3e
 353 0031 0B       		.uleb128 0xb
 354 0032 03       		.uleb128 0x3
 355 0033 08       		.uleb128 0x8
 356 0034 00       		.byte	0
 357 0035 00       		.byte	0
 358 0036 05       		.uleb128 0x5
 359 0037 16       		.uleb128 0x16
ARM GAS  C:\Users\HP\AppData\Local\Temp\ccefc0Mb.s 			page 8


 360 0038 00       		.byte	0
 361 0039 03       		.uleb128 0x3
 362 003a 0E       		.uleb128 0xe
 363 003b 3A       		.uleb128 0x3a
 364 003c 0B       		.uleb128 0xb
 365 003d 3B       		.uleb128 0x3b
 366 003e 05       		.uleb128 0x5
 367 003f 49       		.uleb128 0x49
 368 0040 13       		.uleb128 0x13
 369 0041 00       		.byte	0
 370 0042 00       		.byte	0
 371 0043 06       		.uleb128 0x6
 372 0044 04       		.uleb128 0x4
 373 0045 01       		.byte	0x1
 374 0046 0B       		.uleb128 0xb
 375 0047 0B       		.uleb128 0xb
 376 0048 49       		.uleb128 0x49
 377 0049 13       		.uleb128 0x13
 378 004a 3A       		.uleb128 0x3a
 379 004b 0B       		.uleb128 0xb
 380 004c 3B       		.uleb128 0x3b
 381 004d 0B       		.uleb128 0xb
 382 004e 01       		.uleb128 0x1
 383 004f 13       		.uleb128 0x13
 384 0050 00       		.byte	0
 385 0051 00       		.byte	0
 386 0052 07       		.uleb128 0x7
 387 0053 28       		.uleb128 0x28
 388 0054 00       		.byte	0
 389 0055 03       		.uleb128 0x3
 390 0056 0E       		.uleb128 0xe
 391 0057 1C       		.uleb128 0x1c
 392 0058 0B       		.uleb128 0xb
 393 0059 00       		.byte	0
 394 005a 00       		.byte	0
 395 005b 08       		.uleb128 0x8
 396 005c 13       		.uleb128 0x13
 397 005d 01       		.byte	0x1
 398 005e 0B       		.uleb128 0xb
 399 005f 05       		.uleb128 0x5
 400 0060 3A       		.uleb128 0x3a
 401 0061 0B       		.uleb128 0xb
 402 0062 3B       		.uleb128 0x3b
 403 0063 0B       		.uleb128 0xb
 404 0064 01       		.uleb128 0x1
 405 0065 13       		.uleb128 0x13
 406 0066 00       		.byte	0
 407 0067 00       		.byte	0
 408 0068 09       		.uleb128 0x9
 409 0069 0D       		.uleb128 0xd
 410 006a 00       		.byte	0
 411 006b 03       		.uleb128 0x3
 412 006c 0E       		.uleb128 0xe
 413 006d 3A       		.uleb128 0x3a
 414 006e 0B       		.uleb128 0xb
 415 006f 3B       		.uleb128 0x3b
 416 0070 0B       		.uleb128 0xb
ARM GAS  C:\Users\HP\AppData\Local\Temp\ccefc0Mb.s 			page 9


 417 0071 49       		.uleb128 0x49
 418 0072 13       		.uleb128 0x13
 419 0073 38       		.uleb128 0x38
 420 0074 0B       		.uleb128 0xb
 421 0075 00       		.byte	0
 422 0076 00       		.byte	0
 423 0077 0A       		.uleb128 0xa
 424 0078 0D       		.uleb128 0xd
 425 0079 00       		.byte	0
 426 007a 03       		.uleb128 0x3
 427 007b 0E       		.uleb128 0xe
 428 007c 3A       		.uleb128 0x3a
 429 007d 0B       		.uleb128 0xb
 430 007e 3B       		.uleb128 0x3b
 431 007f 0B       		.uleb128 0xb
 432 0080 49       		.uleb128 0x49
 433 0081 13       		.uleb128 0x13
 434 0082 38       		.uleb128 0x38
 435 0083 05       		.uleb128 0x5
 436 0084 00       		.byte	0
 437 0085 00       		.byte	0
 438 0086 0B       		.uleb128 0xb
 439 0087 01       		.uleb128 0x1
 440 0088 01       		.byte	0x1
 441 0089 49       		.uleb128 0x49
 442 008a 13       		.uleb128 0x13
 443 008b 01       		.uleb128 0x1
 444 008c 13       		.uleb128 0x13
 445 008d 00       		.byte	0
 446 008e 00       		.byte	0
 447 008f 0C       		.uleb128 0xc
 448 0090 21       		.uleb128 0x21
 449 0091 00       		.byte	0
 450 0092 49       		.uleb128 0x49
 451 0093 13       		.uleb128 0x13
 452 0094 2F       		.uleb128 0x2f
 453 0095 05       		.uleb128 0x5
 454 0096 00       		.byte	0
 455 0097 00       		.byte	0
 456 0098 0D       		.uleb128 0xd
 457 0099 2E       		.uleb128 0x2e
 458 009a 01       		.byte	0x1
 459 009b 3F       		.uleb128 0x3f
 460 009c 19       		.uleb128 0x19
 461 009d 03       		.uleb128 0x3
 462 009e 0E       		.uleb128 0xe
 463 009f 3A       		.uleb128 0x3a
 464 00a0 0B       		.uleb128 0xb
 465 00a1 3B       		.uleb128 0x3b
 466 00a2 0B       		.uleb128 0xb
 467 00a3 27       		.uleb128 0x27
 468 00a4 19       		.uleb128 0x19
 469 00a5 11       		.uleb128 0x11
 470 00a6 01       		.uleb128 0x1
 471 00a7 12       		.uleb128 0x12
 472 00a8 06       		.uleb128 0x6
 473 00a9 40       		.uleb128 0x40
ARM GAS  C:\Users\HP\AppData\Local\Temp\ccefc0Mb.s 			page 10


 474 00aa 18       		.uleb128 0x18
 475 00ab 9742     		.uleb128 0x2117
 476 00ad 19       		.uleb128 0x19
 477 00ae 01       		.uleb128 0x1
 478 00af 13       		.uleb128 0x13
 479 00b0 00       		.byte	0
 480 00b1 00       		.byte	0
 481 00b2 0E       		.uleb128 0xe
 482 00b3 34       		.uleb128 0x34
 483 00b4 00       		.byte	0
 484 00b5 03       		.uleb128 0x3
 485 00b6 0E       		.uleb128 0xe
 486 00b7 3A       		.uleb128 0x3a
 487 00b8 0B       		.uleb128 0xb
 488 00b9 3B       		.uleb128 0x3b
 489 00ba 0B       		.uleb128 0xb
 490 00bb 49       		.uleb128 0x49
 491 00bc 13       		.uleb128 0x13
 492 00bd 02       		.uleb128 0x2
 493 00be 18       		.uleb128 0x18
 494 00bf 00       		.byte	0
 495 00c0 00       		.byte	0
 496 00c1 0F       		.uleb128 0xf
 497 00c2 898201   		.uleb128 0x4109
 498 00c5 00       		.byte	0
 499 00c6 11       		.uleb128 0x11
 500 00c7 01       		.uleb128 0x1
 501 00c8 31       		.uleb128 0x31
 502 00c9 13       		.uleb128 0x13
 503 00ca 00       		.byte	0
 504 00cb 00       		.byte	0
 505 00cc 10       		.uleb128 0x10
 506 00cd 34       		.uleb128 0x34
 507 00ce 00       		.byte	0
 508 00cf 03       		.uleb128 0x3
 509 00d0 0E       		.uleb128 0xe
 510 00d1 3A       		.uleb128 0x3a
 511 00d2 0B       		.uleb128 0xb
 512 00d3 3B       		.uleb128 0x3b
 513 00d4 05       		.uleb128 0x5
 514 00d5 49       		.uleb128 0x49
 515 00d6 13       		.uleb128 0x13
 516 00d7 3F       		.uleb128 0x3f
 517 00d8 19       		.uleb128 0x19
 518 00d9 3C       		.uleb128 0x3c
 519 00da 19       		.uleb128 0x19
 520 00db 00       		.byte	0
 521 00dc 00       		.byte	0
 522 00dd 11       		.uleb128 0x11
 523 00de 35       		.uleb128 0x35
 524 00df 00       		.byte	0
 525 00e0 49       		.uleb128 0x49
 526 00e1 13       		.uleb128 0x13
 527 00e2 00       		.byte	0
 528 00e3 00       		.byte	0
 529 00e4 12       		.uleb128 0x12
 530 00e5 34       		.uleb128 0x34
ARM GAS  C:\Users\HP\AppData\Local\Temp\ccefc0Mb.s 			page 11


 531 00e6 00       		.byte	0
 532 00e7 03       		.uleb128 0x3
 533 00e8 0E       		.uleb128 0xe
 534 00e9 3A       		.uleb128 0x3a
 535 00ea 0B       		.uleb128 0xb
 536 00eb 3B       		.uleb128 0x3b
 537 00ec 0B       		.uleb128 0xb
 538 00ed 49       		.uleb128 0x49
 539 00ee 13       		.uleb128 0x13
 540 00ef 3F       		.uleb128 0x3f
 541 00f0 19       		.uleb128 0x19
 542 00f1 3C       		.uleb128 0x3c
 543 00f2 19       		.uleb128 0x19
 544 00f3 00       		.byte	0
 545 00f4 00       		.byte	0
 546 00f5 13       		.uleb128 0x13
 547 00f6 2E       		.uleb128 0x2e
 548 00f7 00       		.byte	0
 549 00f8 3F       		.uleb128 0x3f
 550 00f9 19       		.uleb128 0x19
 551 00fa 3C       		.uleb128 0x3c
 552 00fb 19       		.uleb128 0x19
 553 00fc 6E       		.uleb128 0x6e
 554 00fd 0E       		.uleb128 0xe
 555 00fe 03       		.uleb128 0x3
 556 00ff 0E       		.uleb128 0xe
 557 0100 3A       		.uleb128 0x3a
 558 0101 0B       		.uleb128 0xb
 559 0102 3B       		.uleb128 0x3b
 560 0103 0B       		.uleb128 0xb
 561 0104 00       		.byte	0
 562 0105 00       		.byte	0
 563 0106 00       		.byte	0
 564              		.section	.debug_aranges,"",%progbits
 565 0000 1C000000 		.4byte	0x1c
 566 0004 0200     		.2byte	0x2
 567 0006 00000000 		.4byte	.Ldebug_info0
 568 000a 04       		.byte	0x4
 569 000b 00       		.byte	0
 570 000c 0000     		.2byte	0
 571 000e 0000     		.2byte	0
 572 0010 00000000 		.4byte	.LFB63
 573 0014 24000000 		.4byte	.LFE63-.LFB63
 574 0018 00000000 		.4byte	0
 575 001c 00000000 		.4byte	0
 576              		.section	.debug_ranges,"",%progbits
 577              	.Ldebug_ranges0:
 578 0000 00000000 		.4byte	.LFB63
 579 0004 24000000 		.4byte	.LFE63
 580 0008 00000000 		.4byte	0
 581 000c 00000000 		.4byte	0
 582              		.section	.debug_line,"",%progbits
 583              	.Ldebug_line0:
 584 0000 C7010000 		.section	.debug_str,"MS",%progbits,1
 584      0200AD01 
 584      00000201 
 584      FB0E0D00 
ARM GAS  C:\Users\HP\AppData\Local\Temp\ccefc0Mb.s 			page 12


 584      01010101 
 585              	.LASF3:
 586 0000 5F5F7569 		.ascii	"__uint8_t\000"
 586      6E74385F 
 586      7400
 587              	.LASF25:
 588 000a 63757272 		.ascii	"currentState\000"
 588      656E7453 
 588      74617465 
 588      00
 589              	.LASF6:
 590 0017 5F5F696E 		.ascii	"__int32_t\000"
 590      7433325F 
 590      7400
 591              	.LASF5:
 592 0021 73686F72 		.ascii	"short unsigned int\000"
 592      7420756E 
 592      7369676E 
 592      65642069 
 592      6E7400
 593              	.LASF12:
 594 0034 75696E74 		.ascii	"uint8_t\000"
 594      385F7400 
 595              	.LASF17:
 596 003c 646F7562 		.ascii	"double\000"
 596      6C6500
 597              	.LASF39:
 598 0043 55415254 		.ascii	"UART_LOG_GetChar\000"
 598      5F4C4F47 
 598      5F476574 
 598      43686172 
 598      00
 599              	.LASF35:
 600 0054 736F7572 		.ascii	"sources\\bsw\\interrupt_handlers.c\000"
 600      6365735C 
 600      6273775C 
 600      696E7465 
 600      72727570 
 601              	.LASF26:
 602 0075 73746172 		.ascii	"startSampleCommand\000"
 602      7453616D 
 602      706C6543 
 602      6F6D6D61 
 602      6E6400
 603              	.LASF16:
 604 0088 666C6F61 		.ascii	"float\000"
 604      7400
 605              	.LASF1:
 606 008e 756E7369 		.ascii	"unsigned char\000"
 606      676E6564 
 606      20636861 
 606      7200
 607              	.LASF34:
 608 009c 474E5520 		.ascii	"GNU C11 5.4.1 20160609 (release) [ARM/embedded-5-br"
 608      43313120 
 608      352E342E 
 608      31203230 
ARM GAS  C:\Users\HP\AppData\Local\Temp\ccefc0Mb.s 			page 13


 608      31363036 
 609 00cf 616E6368 		.ascii	"anch revision 237715] -mcpu=cortex-m3 -mthumb -g -O"
 609      20726576 
 609      6973696F 
 609      6E203233 
 609      37373135 
 610 0102 67202D66 		.ascii	"g -ffunction-sections -ffat-lto-objects\000"
 610      66756E63 
 610      74696F6E 
 610      2D736563 
 610      74696F6E 
 611              	.LASF21:
 612 012a 53544154 		.ascii	"STATE_IDLE\000"
 612      455F4944 
 612      4C4500
 613              	.LASF23:
 614 0135 53544154 		.ascii	"STATE_UART_TRANSFER\000"
 614      455F5541 
 614      52545F54 
 614      52414E53 
 614      46455200 
 615              	.LASF15:
 616 0149 696E7433 		.ascii	"int32\000"
 616      3200
 617              	.LASF32:
 618 014f 49544D5F 		.ascii	"ITM_RxBuffer\000"
 618      52784275 
 618      66666572 
 618      00
 619              	.LASF36:
 620 015c 453A5C48 		.ascii	"E:\\HDA_Lectures\\001_Repository\\012_SDHD\\012_SDH"
 620      44415F4C 
 620      65637475 
 620      7265735C 
 620      3030315F 
 621 018b 445F4C61 		.ascii	"D_LabCodes\\Lab\\40_Implementation\\20_SW\\10_work\\"
 621      62436F64 
 621      65735C4C 
 621      61625C34 
 621      305F496D 
 622 01ba 53444844 		.ascii	"SDHD_WP1\\D5-RADAR_Detection.cydsn\000"
 622      5F575031 
 622      5C44352D 
 622      52414441 
 622      525F4465 
 623              	.LASF4:
 624 01dc 5F5F7569 		.ascii	"__uint16_t\000"
 624      6E743136 
 624      5F7400
 625              	.LASF24:
 626 01e7 53746174 		.ascii	"State_t\000"
 626      655F7400 
 627              	.LASF31:
 628 01ef 53746174 		.ascii	"StateMachine_t\000"
 628      654D6163 
 628      68696E65 
 628      5F7400
ARM GAS  C:\Users\HP\AppData\Local\Temp\ccefc0Mb.s 			page 14


 629              	.LASF8:
 630 01fe 6C6F6E67 		.ascii	"long unsigned int\000"
 630      20756E73 
 630      69676E65 
 630      6420696E 
 630      7400
 631              	.LASF11:
 632 0210 756E7369 		.ascii	"unsigned int\000"
 632      676E6564 
 632      20696E74 
 632      00
 633              	.LASF28:
 634 021d 61646352 		.ascii	"adcResults\000"
 634      6573756C 
 634      747300
 635              	.LASF10:
 636 0228 6C6F6E67 		.ascii	"long long unsigned int\000"
 636      206C6F6E 
 636      6720756E 
 636      7369676E 
 636      65642069 
 637              	.LASF22:
 638 023f 53544154 		.ascii	"STATE_SAMPLING\000"
 638      455F5341 
 638      4D504C49 
 638      4E4700
 639              	.LASF14:
 640 024e 696E7433 		.ascii	"int32_t\000"
 640      325F7400 
 641              	.LASF33:
 642 0256 73746174 		.ascii	"stateMachine\000"
 642      654D6163 
 642      68696E65 
 642      00
 643              	.LASF20:
 644 0263 73697A65 		.ascii	"sizetype\000"
 644      74797065 
 644      00
 645              	.LASF9:
 646 026c 6C6F6E67 		.ascii	"long long int\000"
 646      206C6F6E 
 646      6720696E 
 646      7400
 647              	.LASF18:
 648 027a 63686172 		.ascii	"char\000"
 648      00
 649              	.LASF29:
 650 027f 73616D70 		.ascii	"sampleCount\000"
 650      6C65436F 
 650      756E7400 
 651              	.LASF2:
 652 028b 73686F72 		.ascii	"short int\000"
 652      7420696E 
 652      7400
 653              	.LASF13:
 654 0295 75696E74 		.ascii	"uint16_t\000"
 654      31365F74 
ARM GAS  C:\Users\HP\AppData\Local\Temp\ccefc0Mb.s 			page 15


 654      00
 655              	.LASF30:
 656 029e 4646545F 		.ascii	"FFT_Array\000"
 656      41727261 
 656      7900
 657              	.LASF37:
 658 02a8 4953525F 		.ascii	"ISR_UARTReceive\000"
 658      55415254 
 658      52656365 
 658      69766500 
 659              	.LASF7:
 660 02b8 6C6F6E67 		.ascii	"long int\000"
 660      20696E74 
 660      00
 661              	.LASF38:
 662 02c1 72656365 		.ascii	"receivedData\000"
 662      69766564 
 662      44617461 
 662      00
 663              	.LASF19:
 664 02ce 6C6F6E67 		.ascii	"long double\000"
 664      20646F75 
 664      626C6500 
 665              	.LASF0:
 666 02da 7369676E 		.ascii	"signed char\000"
 666      65642063 
 666      68617200 
 667              	.LASF27:
 668 02e6 636F6E74 		.ascii	"continueSampleCommand\000"
 668      696E7565 
 668      53616D70 
 668      6C65436F 
 668      6D6D616E 
 669              		.ident	"GCC: (GNU Tools for ARM Embedded Processors) 5.4.1 20160609 (release) [ARM/embedded-5-bran
