ARM GAS  C:\Users\HP\AppData\Local\Temp\ccIyAK7K.s 			page 1


   1              		.syntax unified
   2              		.cpu cortex-m3
   3              		.fpu softvfp
   4              		.eabi_attribute 20, 1
   5              		.eabi_attribute 21, 1
   6              		.eabi_attribute 23, 3
   7              		.eabi_attribute 24, 1
   8              		.eabi_attribute 25, 1
   9              		.eabi_attribute 26, 1
  10              		.eabi_attribute 30, 1
  11              		.eabi_attribute 34, 1
  12              		.eabi_attribute 18, 4
  13              		.thumb
  14              		.syntax unified
  15              		.file	"state_machine.c"
  16              		.text
  17              	.Ltext0:
  18              		.cfi_sections	.debug_frame
  19              		.section	.text.handleIdleState,"ax",%progbits
  20              		.align	2
  21              		.global	handleIdleState
  22              		.thumb
  23              		.thumb_func
  24              		.type	handleIdleState, %function
  25              	handleIdleState:
  26              	.LFB120:
  27              		.file 1 "sources\\asw\\state_machine.c"
   1:sources\asw/state_machine.c **** /**
   2:sources\asw/state_machine.c ****  * @file state_machine.c
   3:sources\asw/state_machine.c ****  * @brief State machine implementation file.
   4:sources\asw/state_machine.c ****  * This file contains the implementations of the state machine functions.
   5:sources\asw/state_machine.c ****  */
   6:sources\asw/state_machine.c **** 
   7:sources\asw/state_machine.c **** #include <stdio.h>
   8:sources\asw/state_machine.c **** #include <stdlib.h>
   9:sources\asw/state_machine.c **** 
  10:sources\asw/state_machine.c **** #include "project.h"
  11:sources\asw/state_machine.c **** #include "state_machine.h"
  12:sources\asw/state_machine.c **** #include "interrupt_handlers.h"
  13:sources\asw/state_machine.c **** #include "hardware_init.h"
  14:sources\asw/state_machine.c **** 
  15:sources\asw/state_machine.c **** #if(USE_FFT_LIB == 1)
  16:sources\asw/state_machine.c **** #include "fft_application.h"
  17:sources\asw/state_machine.c **** #endif
  18:sources\asw/state_machine.c **** 
  19:sources\asw/state_machine.c **** /**
  20:sources\asw/state_machine.c ****  * @brief Handle the idle state.
  21:sources\asw/state_machine.c ****  *
  22:sources\asw/state_machine.c ****  * This function manages the behavior of the state machine when it is in the idle state.
  23:sources\asw/state_machine.c ****  * It sets the appropriate LED indicators, resets the sample count, and checks the push button stat
  24:sources\asw/state_machine.c ****  * to transition to the sampling state.
  25:sources\asw/state_machine.c ****  *
  26:sources\asw/state_machine.c ****  * @param sm Pointer to the state machine structure.
  27:sources\asw/state_machine.c ****  * 
  28:sources\asw/state_machine.c ****  * The StateMachine_t structure should include the following fields:
  29:sources\asw/state_machine.c ****  * - currentState: The current state of the state machine.
  30:sources\asw/state_machine.c ****  * - sampleCount: Counter for the number of samples.
ARM GAS  C:\Users\HP\AppData\Local\Temp\ccIyAK7K.s 			page 2


  31:sources\asw/state_machine.c ****  * 
  32:sources\asw/state_machine.c ****  * The function sets the green LED to indicate the idle state, and it transitions to the sampling s
  33:sources\asw/state_machine.c ****  * when the push button is pressed.
  34:sources\asw/state_machine.c ****  *
  35:sources\asw/state_machine.c ****  * @return void
  36:sources\asw/state_machine.c ****  */
  37:sources\asw/state_machine.c **** void handleIdleState(StateMachine_t *sm)
  38:sources\asw/state_machine.c **** {
  28              		.loc 1 38 0
  29              		.cfi_startproc
  30              		@ args = 0, pretend = 0, frame = 0
  31              		@ frame_needed = 0, uses_anonymous_args = 0
  32              	.LVL0:
  33 0000 10B5     		push	{r4, lr}
  34              		.cfi_def_cfa_offset 8
  35              		.cfi_offset 4, -8
  36              		.cfi_offset 14, -4
  37 0002 0446     		mov	r4, r0
  39:sources\asw/state_machine.c ****     #if (DEBUG_ON == 1)
  40:sources\asw/state_machine.c ****         UART_LOG_PutString("State: Idle\n");
  41:sources\asw/state_machine.c ****     #endif
  42:sources\asw/state_machine.c ****     
  43:sources\asw/state_machine.c ****     Green_LED_Write(1);
  38              		.loc 1 43 0
  39 0004 0120     		movs	r0, #1
  40              	.LVL1:
  41 0006 FFF7FEFF 		bl	Green_LED_Write
  42              	.LVL2:
  44:sources\asw/state_machine.c ****     Red_LED_Write(0);
  43              		.loc 1 44 0
  44 000a 0020     		movs	r0, #0
  45 000c FFF7FEFF 		bl	Red_LED_Write
  46              	.LVL3:
  45:sources\asw/state_machine.c ****     Yellow_LED_Write(0);
  47              		.loc 1 45 0
  48 0010 0020     		movs	r0, #0
  49 0012 FFF7FEFF 		bl	Yellow_LED_Write
  50              	.LVL4:
  46:sources\asw/state_machine.c ****     
  47:sources\asw/state_machine.c ****     sm->sampleCount = 0;
  51              		.loc 1 47 0
  52 0016 0023     		movs	r3, #0
  53 0018 84F80438 		strb	r3, [r4, #2052]
  48:sources\asw/state_machine.c ****     if(Push_button_Read() == 0)
  54              		.loc 1 48 0
  55 001c FFF7FEFF 		bl	Push_button_Read
  56              	.LVL5:
  57 0020 08B9     		cbnz	r0, .L1
  49:sources\asw/state_machine.c ****     {
  50:sources\asw/state_machine.c ****         sm->currentState = STATE_SAMPLING;
  58              		.loc 1 50 0
  59 0022 0123     		movs	r3, #1
  60 0024 2370     		strb	r3, [r4]
  61              	.L1:
  62 0026 10BD     		pop	{r4, pc}
  63              		.cfi_endproc
  64              	.LFE120:
ARM GAS  C:\Users\HP\AppData\Local\Temp\ccIyAK7K.s 			page 3


  65              		.size	handleIdleState, .-handleIdleState
  66              		.section	.text.handleSamplingState,"ax",%progbits
  67              		.align	2
  68              		.global	handleSamplingState
  69              		.thumb
  70              		.thumb_func
  71              		.type	handleSamplingState, %function
  72              	handleSamplingState:
  73              	.LFB121:
  51:sources\asw/state_machine.c ****     }
  52:sources\asw/state_machine.c **** }
  53:sources\asw/state_machine.c **** 
  54:sources\asw/state_machine.c **** /**
  55:sources\asw/state_machine.c ****  * @brief Handle the sampling state.
  56:sources\asw/state_machine.c ****  *
  57:sources\asw/state_machine.c ****  * This function manages the behavior of the state machine when it is in the sampling state.
  58:sources\asw/state_machine.c ****  * It sets the appropriate LED indicators, clears the ADC results buffer, starts the ADC conversion
  59:sources\asw/state_machine.c ****  * and collects 1024 ADC samples. It also transitions to the UART transfer state if the start sampl
  60:sources\asw/state_machine.c ****  *
  61:sources\asw/state_machine.c ****  * @param sm Pointer to the state machine structure.
  62:sources\asw/state_machine.c ****  * 
  63:sources\asw/state_machine.c ****  * The StateMachine_t structure should include the following fields:
  64:sources\asw/state_machine.c ****  * - currentState: The current state of the state machine.
  65:sources\asw/state_machine.c ****  * - adcResults: Array to store ADC conversion results.
  66:sources\asw/state_machine.c ****  * - startSampleCommand: Flag indicating whether to start sampling.
  67:sources\asw/state_machine.c ****  * 
  68:sources\asw/state_machine.c ****  * The function sets the red LED to indicate the sampling state, collects ADC samples, and transiti
  69:sources\asw/state_machine.c ****  * the UART transfer state if the start sample command is set.
  70:sources\asw/state_machine.c ****  *
  71:sources\asw/state_machine.c ****  * @return void
  72:sources\asw/state_machine.c ****  */
  73:sources\asw/state_machine.c **** void handleSamplingState(StateMachine_t *sm)
  74:sources\asw/state_machine.c **** {
  74              		.loc 1 74 0
  75              		.cfi_startproc
  76              		@ args = 0, pretend = 0, frame = 0
  77              		@ frame_needed = 0, uses_anonymous_args = 0
  78              	.LVL6:
  79 0000 38B5     		push	{r3, r4, r5, lr}
  80              		.cfi_def_cfa_offset 16
  81              		.cfi_offset 3, -16
  82              		.cfi_offset 4, -12
  83              		.cfi_offset 5, -8
  84              		.cfi_offset 14, -4
  85 0002 0546     		mov	r5, r0
  75:sources\asw/state_machine.c ****     #if (DEBUG_ON == 1)
  76:sources\asw/state_machine.c ****         UART_LOG_PutString("State: Sampling\n");
  77:sources\asw/state_machine.c ****         char buffer_samplingstate[10];
  78:sources\asw/state_machine.c ****     #endif
  79:sources\asw/state_machine.c ****     
  80:sources\asw/state_machine.c ****     Green_LED_Write(0);
  86              		.loc 1 80 0
  87 0004 0020     		movs	r0, #0
  88              	.LVL7:
  89 0006 FFF7FEFF 		bl	Green_LED_Write
  90              	.LVL8:
  81:sources\asw/state_machine.c ****     Red_LED_Write(1);
ARM GAS  C:\Users\HP\AppData\Local\Temp\ccIyAK7K.s 			page 4


  91              		.loc 1 81 0
  92 000a 0120     		movs	r0, #1
  93 000c FFF7FEFF 		bl	Red_LED_Write
  94              	.LVL9:
  82:sources\asw/state_machine.c ****     Yellow_LED_Write(0);
  95              		.loc 1 82 0
  96 0010 0020     		movs	r0, #0
  97 0012 FFF7FEFF 		bl	Yellow_LED_Write
  98              	.LVL10:
  83:sources\asw/state_machine.c ****     
  84:sources\asw/state_machine.c ****     memset(sm->adcResults, 0, sizeof(sm->adcResults));
  99              		.loc 1 84 0
 100 0016 4FF40062 		mov	r2, #2048
 101 001a 0021     		movs	r1, #0
 102 001c 281D     		adds	r0, r5, #4
 103 001e FFF7FEFF 		bl	memset
 104              	.LVL11:
  85:sources\asw/state_machine.c ****     
  86:sources\asw/state_machine.c ****     ADC_StartConvert();
 105              		.loc 1 86 0
 106 0022 FFF7FEFF 		bl	ADC_StartConvert
 107              	.LVL12:
 108              	.LBB2:
  87:sources\asw/state_machine.c ****     
  88:sources\asw/state_machine.c ****     for(int i = 0; i < 1024; i++)
 109              		.loc 1 88 0
 110 0026 0024     		movs	r4, #0
 111 0028 08E0     		b	.L5
 112              	.LVL13:
 113              	.L6:
  89:sources\asw/state_machine.c ****     {
  90:sources\asw/state_machine.c ****         ADC_IsEndConversion(ADC_WAIT_FOR_RESULT);
 114              		.loc 1 90 0 discriminator 3
 115 002a 0020     		movs	r0, #0
 116 002c FFF7FEFF 		bl	ADC_IsEndConversion
 117              	.LVL14:
  91:sources\asw/state_machine.c ****         sm->adcResults[i] = ADC_GetResult16();
 118              		.loc 1 91 0 discriminator 3
 119 0030 FFF7FEFF 		bl	ADC_GetResult16
 120              	.LVL15:
 121 0034 05EB4403 		add	r3, r5, r4, lsl #1
 122 0038 9880     		strh	r0, [r3, #4]	@ movhi
  88:sources\asw/state_machine.c ****     {
 123              		.loc 1 88 0 discriminator 3
 124 003a 0134     		adds	r4, r4, #1
 125              	.LVL16:
 126              	.L5:
  88:sources\asw/state_machine.c ****     {
 127              		.loc 1 88 0 is_stmt 0 discriminator 1
 128 003c B4F5806F 		cmp	r4, #1024
 129 0040 F3DB     		blt	.L6
 130              	.LBE2:
  92:sources\asw/state_machine.c ****         #if (DEBUG_ON == 1)
  93:sources\asw/state_machine.c ****             itoa(i, buffer_samplingstate, 10);
  94:sources\asw/state_machine.c ****             UART_LOG_PutString("Iterator Value: ");
  95:sources\asw/state_machine.c ****             UART_LOG_PutString(buffer_samplingstate);
  96:sources\asw/state_machine.c ****             UART_LOG_PutString("\n");
ARM GAS  C:\Users\HP\AppData\Local\Temp\ccIyAK7K.s 			page 5


  97:sources\asw/state_machine.c ****         #endif
  98:sources\asw/state_machine.c ****     }
  99:sources\asw/state_machine.c ****     
 100:sources\asw/state_machine.c ****     if(sm->startSampleCommand)
 131              		.loc 1 100 0 is_stmt 1
 132 0042 6B78     		ldrb	r3, [r5, #1]	@ zero_extendqisi2
 133 0044 1BB1     		cbz	r3, .L4
 101:sources\asw/state_machine.c ****     {
 102:sources\asw/state_machine.c ****         #if (DEBUG_ON == 1)
 103:sources\asw/state_machine.c ****             UART_LOG_PutString("Command: S\n");
 104:sources\asw/state_machine.c ****             char buffer_samplingstate[10];
 105:sources\asw/state_machine.c ****         #endif
 106:sources\asw/state_machine.c ****         sm->currentState = STATE_UART_TRANSFER;
 134              		.loc 1 106 0
 135 0046 0223     		movs	r3, #2
 136 0048 2B70     		strb	r3, [r5]
 107:sources\asw/state_machine.c ****         sm->startSampleCommand = 0;
 137              		.loc 1 107 0
 138 004a 0023     		movs	r3, #0
 139 004c 6B70     		strb	r3, [r5, #1]
 140              	.L4:
 141 004e 38BD     		pop	{r3, r4, r5, pc}
 142              		.cfi_endproc
 143              	.LFE121:
 144              		.size	handleSamplingState, .-handleSamplingState
 145              		.section	.text.handleUARTTransferState,"ax",%progbits
 146              		.align	2
 147              		.global	handleUARTTransferState
 148              		.thumb
 149              		.thumb_func
 150              		.type	handleUARTTransferState, %function
 151              	handleUARTTransferState:
 152              	.LFB122:
 108:sources\asw/state_machine.c ****     }
 109:sources\asw/state_machine.c **** }
 110:sources\asw/state_machine.c **** 
 111:sources\asw/state_machine.c **** /**
 112:sources\asw/state_machine.c ****  * @brief Handle the UART transfer state.
 113:sources\asw/state_machine.c ****  *
 114:sources\asw/state_machine.c ****  * This function manages the behavior of the state machine when it is in the UART transfer state.
 115:sources\asw/state_machine.c ****  * It sends the ADC results over UART, performs FFT processing, applies CFAR, and sends the CFAR da
 116:sources\asw/state_machine.c ****  * It also transitions between states based on the sample count and commands.
 117:sources\asw/state_machine.c ****  *
 118:sources\asw/state_machine.c ****  * @param sm Pointer to the state machine structure.
 119:sources\asw/state_machine.c ****  * @param cfar_param Pointer to the FFT_CFAR_t structure containing the parameters for CFAR process
 120:sources\asw/state_machine.c ****  * 
 121:sources\asw/state_machine.c ****  * The StateMachine_t structure should include the following fields:
 122:sources\asw/state_machine.c ****  * - currentState: The current state of the state machine.
 123:sources\asw/state_machine.c ****  * - adcResults: Array to store ADC conversion results.
 124:sources\asw/state_machine.c ****  * - FFT_Array: Array to store FFT results.
 125:sources\asw/state_machine.c ****  * - sampleCount: Counter for the number of samples.
 126:sources\asw/state_machine.c ****  * - startSampleCommand: Flag indicating whether to start sampling.
 127:sources\asw/state_machine.c ****  * - continueSampleCommand: Flag indicating whether to continue sampling.
 128:sources\asw/state_machine.c ****  * 
 129:sources\asw/state_machine.c ****  * The function sets the yellow LED to indicate the UART transfer state, sends ADC results over UAR
 130:sources\asw/state_machine.c ****  * performs FFT and CFAR processing if enabled, and transitions to the appropriate state based on c
 131:sources\asw/state_machine.c ****  *
ARM GAS  C:\Users\HP\AppData\Local\Temp\ccIyAK7K.s 			page 6


 132:sources\asw/state_machine.c ****  * @return void
 133:sources\asw/state_machine.c ****  */
 134:sources\asw/state_machine.c **** void handleUARTTransferState(StateMachine_t *sm, FFT_CFAR_t *cfar_param)
 135:sources\asw/state_machine.c **** {
 153              		.loc 1 135 0
 154              		.cfi_startproc
 155              		@ args = 0, pretend = 0, frame = 0
 156              		@ frame_needed = 0, uses_anonymous_args = 0
 157              	.LVL17:
 158 0000 2DE9F041 		push	{r4, r5, r6, r7, r8, lr}
 159              		.cfi_def_cfa_offset 24
 160              		.cfi_offset 4, -24
 161              		.cfi_offset 5, -20
 162              		.cfi_offset 6, -16
 163              		.cfi_offset 7, -12
 164              		.cfi_offset 8, -8
 165              		.cfi_offset 14, -4
 166 0004 0446     		mov	r4, r0
 167 0006 0F46     		mov	r7, r1
 136:sources\asw/state_machine.c ****     #if (DEBUG_ON == 1)
 137:sources\asw/state_machine.c ****         UART_LOG_PutString("State: Transfer\n");
 138:sources\asw/state_machine.c ****         char buffer_transferstate[10];
 139:sources\asw/state_machine.c ****         char buffer_count[10];
 140:sources\asw/state_machine.c ****     #endif
 141:sources\asw/state_machine.c ****     
 142:sources\asw/state_machine.c ****     Green_LED_Write(0);
 168              		.loc 1 142 0
 169 0008 0020     		movs	r0, #0
 170              	.LVL18:
 171 000a FFF7FEFF 		bl	Green_LED_Write
 172              	.LVL19:
 143:sources\asw/state_machine.c ****     Red_LED_Write(0);
 173              		.loc 1 143 0
 174 000e 0020     		movs	r0, #0
 175 0010 FFF7FEFF 		bl	Red_LED_Write
 176              	.LVL20:
 144:sources\asw/state_machine.c ****     Yellow_LED_Write(1);
 177              		.loc 1 144 0
 178 0014 0120     		movs	r0, #1
 179 0016 FFF7FEFF 		bl	Yellow_LED_Write
 180              	.LVL21:
 181              	.LBB3:
 145:sources\asw/state_machine.c ****         
 146:sources\asw/state_machine.c ****     for(int i = 0; i < 1024; i++)
 182              		.loc 1 146 0
 183 001a 0025     		movs	r5, #0
 184 001c 09E0     		b	.L10
 185              	.LVL22:
 186              	.L11:
 147:sources\asw/state_machine.c ****     {
 148:sources\asw/state_machine.c ****         #if (DEBUG_ON == 1)
 149:sources\asw/state_machine.c ****             UART_LOG_PutString("Transfer Start\n");
 150:sources\asw/state_machine.c ****         #endif
 151:sources\asw/state_machine.c ****         
 152:sources\asw/state_machine.c ****         UART_LOG_PutChar(sm->adcResults[i] & 0xFF); //Extracting LSB & sending to MATLAB
 187              		.loc 1 152 0 discriminator 3
 188 001e 04EB4506 		add	r6, r4, r5, lsl #1
ARM GAS  C:\Users\HP\AppData\Local\Temp\ccIyAK7K.s 			page 7


 189 0022 3079     		ldrb	r0, [r6, #4]	@ zero_extendqisi2
 190 0024 FFF7FEFF 		bl	UART_LOG_PutChar
 191              	.LVL23:
 153:sources\asw/state_machine.c ****         UART_LOG_PutChar(sm->adcResults[i] >> 8);   //Extracting MSB & sending to MATLAB
 192              		.loc 1 153 0 discriminator 3
 193 0028 B088     		ldrh	r0, [r6, #4]
 194 002a 000A     		lsrs	r0, r0, #8
 195 002c FFF7FEFF 		bl	UART_LOG_PutChar
 196              	.LVL24:
 146:sources\asw/state_machine.c ****     {
 197              		.loc 1 146 0 discriminator 3
 198 0030 0135     		adds	r5, r5, #1
 199              	.LVL25:
 200              	.L10:
 146:sources\asw/state_machine.c ****     {
 201              		.loc 1 146 0 is_stmt 0 discriminator 1
 202 0032 B5F5806F 		cmp	r5, #1024
 203 0036 F2DB     		blt	.L11
 204              	.LBE3:
 154:sources\asw/state_machine.c ****         
 155:sources\asw/state_machine.c ****         #if (DEBUG_ON == 1)
 156:sources\asw/state_machine.c ****             UART_LOG_PutString("\n");
 157:sources\asw/state_machine.c ****             UART_LOG_PutString("Transfer End\n");            
 158:sources\asw/state_machine.c ****             itoa(i, buffer_transferstate, 10);
 159:sources\asw/state_machine.c ****             UART_LOG_PutString("Iterator Value: ");
 160:sources\asw/state_machine.c ****             UART_LOG_PutString(buffer_transferstate);
 161:sources\asw/state_machine.c ****             UART_LOG_PutString("\n");
 162:sources\asw/state_machine.c ****         #endif
 163:sources\asw/state_machine.c ****     }
 164:sources\asw/state_machine.c ****     
 165:sources\asw/state_machine.c ****     #if(USE_FFT_LIB == 1)
 166:sources\asw/state_machine.c ****         
 167:sources\asw/state_machine.c ****     memset(sm->FFT_Array, 0, sizeof(sm->FFT_Array));
 205              		.loc 1 167 0 is_stmt 1
 206 0038 04F60808 		addw	r8, r4, #2056
 207 003c 4FF40052 		mov	r2, #8192
 208 0040 0021     		movs	r1, #0
 209 0042 4046     		mov	r0, r8
 210 0044 FFF7FEFF 		bl	memset
 211              	.LVL26:
 168:sources\asw/state_machine.c ****     
 169:sources\asw/state_machine.c ****     fft_app(sm->adcResults,sm->FFT_Array,1024);
 212              		.loc 1 169 0
 213 0048 4FF48062 		mov	r2, #1024
 214 004c 4146     		mov	r1, r8
 215 004e 201D     		adds	r0, r4, #4
 216 0050 FFF7FEFF 		bl	fft_app
 217              	.LVL27:
 218              	.LBB4:
 170:sources\asw/state_machine.c ****     
 171:sources\asw/state_machine.c ****     for(int32 fft_iter = 0; fft_iter < 2048; fft_iter++)
 219              		.loc 1 171 0
 220 0054 0026     		movs	r6, #0
 221 0056 17E0     		b	.L12
 222              	.LVL28:
 223              	.L13:
 172:sources\asw/state_machine.c ****     {
ARM GAS  C:\Users\HP\AppData\Local\Temp\ccIyAK7K.s 			page 8


 173:sources\asw/state_machine.c ****         UART_LOG_PutChar(sm->FFT_Array[fft_iter]);
 224              		.loc 1 173 0 discriminator 3
 225 0058 06F20225 		addw	r5, r6, #514
 226 005c 14F82500 		ldrb	r0, [r4, r5, lsl #2]	@ zero_extendqisi2
 227 0060 FFF7FEFF 		bl	UART_LOG_PutChar
 228              	.LVL29:
 174:sources\asw/state_machine.c ****         UART_LOG_PutChar(sm->FFT_Array[fft_iter]>>8);
 229              		.loc 1 174 0 discriminator 3
 230 0064 54F82500 		ldr	r0, [r4, r5, lsl #2]
 231 0068 C0F30720 		ubfx	r0, r0, #8, #8
 232 006c FFF7FEFF 		bl	UART_LOG_PutChar
 233              	.LVL30:
 175:sources\asw/state_machine.c ****         UART_LOG_PutChar(sm->FFT_Array[fft_iter]>>16);
 234              		.loc 1 175 0 discriminator 3
 235 0070 54F82500 		ldr	r0, [r4, r5, lsl #2]
 236 0074 C0F30740 		ubfx	r0, r0, #16, #8
 237 0078 FFF7FEFF 		bl	UART_LOG_PutChar
 238              	.LVL31:
 176:sources\asw/state_machine.c ****         UART_LOG_PutChar(sm->FFT_Array[fft_iter]>>24);
 239              		.loc 1 176 0 discriminator 3
 240 007c 54F82500 		ldr	r0, [r4, r5, lsl #2]
 241 0080 000E     		lsrs	r0, r0, #24
 242 0082 FFF7FEFF 		bl	UART_LOG_PutChar
 243              	.LVL32:
 171:sources\asw/state_machine.c ****     {
 244              		.loc 1 171 0 discriminator 3
 245 0086 0136     		adds	r6, r6, #1
 246              	.LVL33:
 247              	.L12:
 171:sources\asw/state_machine.c ****     {
 248              		.loc 1 171 0 is_stmt 0 discriminator 1
 249 0088 B6F5006F 		cmp	r6, #2048
 250 008c E4DB     		blt	.L13
 251              	.LBE4:
 177:sources\asw/state_machine.c ****     }
 178:sources\asw/state_machine.c ****     
 179:sources\asw/state_machine.c ****     // CFAR Computation and sending of data through UART for MATLAB analysis
 180:sources\asw/state_machine.c ****     CFAR(sm->FFT_Array, cfar_param);    
 252              		.loc 1 180 0 is_stmt 1
 253 008e 3946     		mov	r1, r7
 254 0090 4046     		mov	r0, r8
 255 0092 FFF7FEFF 		bl	CFAR
 256              	.LVL34:
 181:sources\asw/state_machine.c ****     sendCFARData(cfar_param);
 257              		.loc 1 181 0
 258 0096 3846     		mov	r0, r7
 259 0098 FFF7FEFF 		bl	sendCFARData
 260              	.LVL35:
 182:sources\asw/state_machine.c ****     
 183:sources\asw/state_machine.c ****     #endif
 184:sources\asw/state_machine.c **** 
 185:sources\asw/state_machine.c ****     sm->sampleCount++;
 261              		.loc 1 185 0
 262 009c 94F80438 		ldrb	r3, [r4, #2052]	@ zero_extendqisi2
 263 00a0 0133     		adds	r3, r3, #1
 264 00a2 DBB2     		uxtb	r3, r3
 265 00a4 84F80438 		strb	r3, [r4, #2052]
ARM GAS  C:\Users\HP\AppData\Local\Temp\ccIyAK7K.s 			page 9


 186:sources\asw/state_machine.c ****     
 187:sources\asw/state_machine.c ****     #if (DEBUG_ON == 1)
 188:sources\asw/state_machine.c ****         itoa(sm->sampleCount, buffer_count, 10);
 189:sources\asw/state_machine.c ****         UART_LOG_PutString("Count: ");
 190:sources\asw/state_machine.c ****         UART_LOG_PutString(buffer_count);
 191:sources\asw/state_machine.c ****         UART_LOG_PutString("\n");
 192:sources\asw/state_machine.c ****     #endif
 193:sources\asw/state_machine.c ****     
 194:sources\asw/state_machine.c ****     #if((DEBUG_CHO == 1) && (DEBUG_ON == 1))
 195:sources\asw/state_machine.c ****         if((sm->sampleCount < 10) && buttonPBchO)
 196:sources\asw/state_machine.c ****     #else
 197:sources\asw/state_machine.c ****     if((sm->sampleCount < 10) && sm->continueSampleCommand)
 266              		.loc 1 197 0
 267 00a8 092B     		cmp	r3, #9
 268 00aa 07D8     		bhi	.L14
 269              		.loc 1 197 0 is_stmt 0 discriminator 1
 270 00ac A278     		ldrb	r2, [r4, #2]	@ zero_extendqisi2
 271 00ae 2AB1     		cbz	r2, .L14
 198:sources\asw/state_machine.c ****     #endif
 199:sources\asw/state_machine.c ****     {
 200:sources\asw/state_machine.c ****         #if (DEBUG_ON == 1)
 201:sources\asw/state_machine.c ****             UART_LOG_PutString("Count < 10\n");
 202:sources\asw/state_machine.c ****         #endif
 203:sources\asw/state_machine.c ****         
 204:sources\asw/state_machine.c ****         sm->currentState = STATE_SAMPLING;
 272              		.loc 1 204 0 is_stmt 1
 273 00b0 0123     		movs	r3, #1
 274 00b2 2370     		strb	r3, [r4]
 205:sources\asw/state_machine.c ****         
 206:sources\asw/state_machine.c ****         #if((DEBUG_CHO == 1) && (DEBUG_ON == 1))
 207:sources\asw/state_machine.c ****             buttonPBchO = 0;    
 208:sources\asw/state_machine.c ****         #else
 209:sources\asw/state_machine.c ****         sm->continueSampleCommand = 0;
 275              		.loc 1 209 0
 276 00b4 0023     		movs	r3, #0
 277 00b6 A370     		strb	r3, [r4, #2]
 278 00b8 BDE8F081 		pop	{r4, r5, r6, r7, r8, pc}
 279              	.LVL36:
 280              	.L14:
 210:sources\asw/state_machine.c ****         #endif
 211:sources\asw/state_machine.c ****     }
 212:sources\asw/state_machine.c ****     else if((sm->sampleCount == 10) && sm->continueSampleCommand)
 281              		.loc 1 212 0
 282 00bc 0A2B     		cmp	r3, #10
 283 00be 04D1     		bne	.L9
 284              		.loc 1 212 0 is_stmt 0 discriminator 1
 285 00c0 A378     		ldrb	r3, [r4, #2]	@ zero_extendqisi2
 286 00c2 13B1     		cbz	r3, .L9
 213:sources\asw/state_machine.c ****     {
 214:sources\asw/state_machine.c ****         #if (DEBUG_ON == 1)
 215:sources\asw/state_machine.c ****             UART_LOG_PutString("Count == 10\n");
 216:sources\asw/state_machine.c ****         #endif
 217:sources\asw/state_machine.c ****         
 218:sources\asw/state_machine.c ****         sm->currentState = STATE_IDLE;
 287              		.loc 1 218 0 is_stmt 1
 288 00c4 0023     		movs	r3, #0
 289 00c6 2370     		strb	r3, [r4]
ARM GAS  C:\Users\HP\AppData\Local\Temp\ccIyAK7K.s 			page 10


 219:sources\asw/state_machine.c ****         
 220:sources\asw/state_machine.c ****         #if((DEBUG_CHO == 1) && (DEBUG_ON == 1))
 221:sources\asw/state_machine.c ****             buttonPBchO = 0;  
 222:sources\asw/state_machine.c ****         #else
 223:sources\asw/state_machine.c ****         sm->continueSampleCommand = 0;
 290              		.loc 1 223 0
 291 00c8 A370     		strb	r3, [r4, #2]
 292              	.L9:
 293 00ca BDE8F081 		pop	{r4, r5, r6, r7, r8, pc}
 294              		.cfi_endproc
 295              	.LFE122:
 296              		.size	handleUARTTransferState, .-handleUARTTransferState
 297 00ce 00BF     		.text
 298              	.Letext0:
 299              		.file 2 "c:\\program files (x86)\\cypress\\psoc creator\\4.4\\psoc creator\\import\\gnu\\arm\\5.4.
 300              		.file 3 "c:\\program files (x86)\\cypress\\psoc creator\\4.4\\psoc creator\\import\\gnu\\arm\\5.4.
 301              		.file 4 "Generated_Source\\PSoC5/cytypes.h"
 302              		.file 5 "sources\\asw\\cfar.h"
 303              		.file 6 "sources\\asw\\state_machine.h"
 304              		.file 7 "Generated_Source\\PSoC5/Green_LED.h"
 305              		.file 8 "Generated_Source\\PSoC5/Red_LED.h"
 306              		.file 9 "Generated_Source\\PSoC5/Yellow_LED.h"
 307              		.file 10 "Generated_Source\\PSoC5/Push_button.h"
 308              		.file 11 "Generated_Source\\PSoC5/ADC.h"
 309              		.file 12 "Generated_Source\\PSoC5/UART_LOG.h"
 310              		.file 13 ".\\sources\\bsw\\fft_application/fft_application.h"
 311              		.file 14 "Generated_Source\\PSoC5/core_cm3.h"
 312              		.section	.debug_info,"",%progbits
 313              	.Ldebug_info0:
 314 0000 2B050000 		.4byte	0x52b
 315 0004 0400     		.2byte	0x4
 316 0006 00000000 		.4byte	.Ldebug_abbrev0
 317 000a 04       		.byte	0x4
 318 000b 01       		.uleb128 0x1
 319 000c 50030000 		.4byte	.LASF54
 320 0010 0C       		.byte	0xc
 321 0011 F5000000 		.4byte	.LASF55
 322 0015 D2010000 		.4byte	.LASF56
 323 0019 00000000 		.4byte	.Ldebug_ranges0+0
 324 001d 00000000 		.4byte	0
 325 0021 00000000 		.4byte	.Ldebug_line0
 326 0025 02       		.uleb128 0x2
 327 0026 01       		.byte	0x1
 328 0027 06       		.byte	0x6
 329 0028 99010000 		.4byte	.LASF0
 330 002c 03       		.uleb128 0x3
 331 002d 79010000 		.4byte	.LASF3
 332 0031 02       		.byte	0x2
 333 0032 1D       		.byte	0x1d
 334 0033 37000000 		.4byte	0x37
 335 0037 02       		.uleb128 0x2
 336 0038 01       		.byte	0x1
 337 0039 08       		.byte	0x8
 338 003a 8B010000 		.4byte	.LASF1
 339 003e 02       		.uleb128 0x2
 340 003f 02       		.byte	0x2
 341 0040 05       		.byte	0x5
ARM GAS  C:\Users\HP\AppData\Local\Temp\ccIyAK7K.s 			page 11


 342 0041 4F000000 		.4byte	.LASF2
 343 0045 03       		.uleb128 0x3
 344 0046 B8000000 		.4byte	.LASF4
 345 004a 02       		.byte	0x2
 346 004b 2B       		.byte	0x2b
 347 004c 50000000 		.4byte	0x50
 348 0050 02       		.uleb128 0x2
 349 0051 02       		.byte	0x2
 350 0052 07       		.byte	0x7
 351 0053 82020000 		.4byte	.LASF5
 352 0057 03       		.uleb128 0x3
 353 0058 FF020000 		.4byte	.LASF6
 354 005c 02       		.byte	0x2
 355 005d 3F       		.byte	0x3f
 356 005e 62000000 		.4byte	0x62
 357 0062 02       		.uleb128 0x2
 358 0063 04       		.byte	0x4
 359 0064 05       		.byte	0x5
 360 0065 5B010000 		.4byte	.LASF7
 361 0069 02       		.uleb128 0x2
 362 006a 04       		.byte	0x4
 363 006b 07       		.byte	0x7
 364 006c BA020000 		.4byte	.LASF8
 365 0070 02       		.uleb128 0x2
 366 0071 08       		.byte	0x8
 367 0072 05       		.byte	0x5
 368 0073 37010000 		.4byte	.LASF9
 369 0077 02       		.uleb128 0x2
 370 0078 08       		.byte	0x8
 371 0079 07       		.byte	0x7
 372 007a A5010000 		.4byte	.LASF10
 373 007e 04       		.uleb128 0x4
 374 007f 04       		.byte	0x4
 375 0080 05       		.byte	0x5
 376 0081 696E7400 		.ascii	"int\000"
 377 0085 02       		.uleb128 0x2
 378 0086 04       		.byte	0x4
 379 0087 07       		.byte	0x7
 380 0088 BC010000 		.4byte	.LASF11
 381 008c 02       		.uleb128 0x2
 382 008d 08       		.byte	0x8
 383 008e 04       		.byte	0x4
 384 008f 73000000 		.4byte	.LASF12
 385 0093 02       		.uleb128 0x2
 386 0094 04       		.byte	0x4
 387 0095 07       		.byte	0x7
 388 0096 6A000000 		.4byte	.LASF13
 389 009a 02       		.uleb128 0x2
 390 009b 01       		.byte	0x1
 391 009c 08       		.byte	0x8
 392 009d 68020000 		.4byte	.LASF14
 393 00a1 03       		.uleb128 0x3
 394 00a2 D7000000 		.4byte	.LASF15
 395 00a6 03       		.byte	0x3
 396 00a7 18       		.byte	0x18
 397 00a8 2C000000 		.4byte	0x2c
 398 00ac 03       		.uleb128 0x3
ARM GAS  C:\Users\HP\AppData\Local\Temp\ccIyAK7K.s 			page 12


 399 00ad C9010000 		.4byte	.LASF16
 400 00b1 03       		.byte	0x3
 401 00b2 24       		.byte	0x24
 402 00b3 45000000 		.4byte	0x45
 403 00b7 03       		.uleb128 0x3
 404 00b8 6D020000 		.4byte	.LASF17
 405 00bc 03       		.byte	0x3
 406 00bd 2C       		.byte	0x2c
 407 00be 57000000 		.4byte	0x57
 408 00c2 05       		.uleb128 0x5
 409 00c3 DF000000 		.4byte	.LASF18
 410 00c7 04       		.byte	0x4
 411 00c8 E801     		.2byte	0x1e8
 412 00ca 37000000 		.4byte	0x37
 413 00ce 05       		.uleb128 0x5
 414 00cf CC020000 		.4byte	.LASF19
 415 00d3 04       		.byte	0x4
 416 00d4 ED01     		.2byte	0x1ed
 417 00d6 62000000 		.4byte	0x62
 418 00da 02       		.uleb128 0x2
 419 00db 04       		.byte	0x4
 420 00dc 04       		.byte	0x4
 421 00dd 25010000 		.4byte	.LASF20
 422 00e1 02       		.uleb128 0x2
 423 00e2 08       		.byte	0x8
 424 00e3 04       		.byte	0x4
 425 00e4 D2020000 		.4byte	.LASF21
 426 00e8 06       		.uleb128 0x6
 427 00e9 1414     		.2byte	0x1414
 428 00eb 05       		.byte	0x5
 429 00ec 0D       		.byte	0xd
 430 00ed 44010000 		.4byte	0x144
 431 00f1 07       		.uleb128 0x7
 432 00f2 4E00     		.ascii	"N\000"
 433 00f4 05       		.byte	0x5
 434 00f5 0F       		.byte	0xf
 435 00f6 7E000000 		.4byte	0x7e
 436 00fa 00       		.byte	0
 437 00fb 07       		.uleb128 0x7
 438 00fc 4E5200   		.ascii	"NR\000"
 439 00ff 05       		.byte	0x5
 440 0100 10       		.byte	0x10
 441 0101 7E000000 		.4byte	0x7e
 442 0105 04       		.byte	0x4
 443 0106 07       		.uleb128 0x7
 444 0107 4E4700   		.ascii	"NG\000"
 445 010a 05       		.byte	0x5
 446 010b 11       		.byte	0x11
 447 010c 7E000000 		.4byte	0x7e
 448 0110 08       		.byte	0x8
 449 0111 07       		.uleb128 0x7
 450 0112 50464100 		.ascii	"PFA\000"
 451 0116 05       		.byte	0x5
 452 0117 12       		.byte	0x12
 453 0118 DA000000 		.4byte	0xda
 454 011c 0C       		.byte	0xc
 455 011d 08       		.uleb128 0x8
ARM GAS  C:\Users\HP\AppData\Local\Temp\ccIyAK7K.s 			page 13


 456 011e 6E010000 		.4byte	.LASF22
 457 0122 05       		.byte	0x5
 458 0123 13       		.byte	0x13
 459 0124 44010000 		.4byte	0x144
 460 0128 10       		.byte	0x10
 461 0129 09       		.uleb128 0x9
 462 012a 09030000 		.4byte	.LASF23
 463 012e 05       		.byte	0x5
 464 012f 14       		.byte	0x14
 465 0130 55010000 		.4byte	0x155
 466 0134 1004     		.2byte	0x410
 467 0136 09       		.uleb128 0x9
 468 0137 2B010000 		.4byte	.LASF24
 469 013b 05       		.byte	0x5
 470 013c 15       		.byte	0x15
 471 013d 7E000000 		.4byte	0x7e
 472 0141 1014     		.2byte	0x1410
 473 0143 00       		.byte	0
 474 0144 0A       		.uleb128 0xa
 475 0145 C2000000 		.4byte	0xc2
 476 0149 55010000 		.4byte	0x155
 477 014d 0B       		.uleb128 0xb
 478 014e 93000000 		.4byte	0x93
 479 0152 FF03     		.2byte	0x3ff
 480 0154 00       		.byte	0
 481 0155 0A       		.uleb128 0xa
 482 0156 DA000000 		.4byte	0xda
 483 015a 66010000 		.4byte	0x166
 484 015e 0B       		.uleb128 0xb
 485 015f 93000000 		.4byte	0x93
 486 0163 FF03     		.2byte	0x3ff
 487 0165 00       		.byte	0
 488 0166 03       		.uleb128 0x3
 489 0167 E5000000 		.4byte	.LASF25
 490 016b 05       		.byte	0x5
 491 016c 16       		.byte	0x16
 492 016d E8000000 		.4byte	0xe8
 493 0171 03       		.uleb128 0x3
 494 0172 3C000000 		.4byte	.LASF26
 495 0176 05       		.byte	0x5
 496 0177 18       		.byte	0x18
 497 0178 66010000 		.4byte	0x166
 498 017c 0C       		.uleb128 0xc
 499 017d 01       		.byte	0x1
 500 017e 37000000 		.4byte	0x37
 501 0182 06       		.byte	0x6
 502 0183 1A       		.byte	0x1a
 503 0184 9B010000 		.4byte	0x19b
 504 0188 0D       		.uleb128 0xd
 505 0189 EC030000 		.4byte	.LASF27
 506 018d 00       		.byte	0
 507 018e 0D       		.uleb128 0xd
 508 018f 45010000 		.4byte	.LASF28
 509 0193 01       		.byte	0x1
 510 0194 0D       		.uleb128 0xd
 511 0195 00000000 		.4byte	.LASF29
 512 0199 02       		.byte	0x2
ARM GAS  C:\Users\HP\AppData\Local\Temp\ccIyAK7K.s 			page 14


 513 019a 00       		.byte	0
 514 019b 03       		.uleb128 0x3
 515 019c 83010000 		.4byte	.LASF30
 516 01a0 06       		.byte	0x6
 517 01a1 1E       		.byte	0x1e
 518 01a2 7C010000 		.4byte	0x17c
 519 01a6 06       		.uleb128 0x6
 520 01a7 0828     		.2byte	0x2808
 521 01a9 06       		.byte	0x6
 522 01aa 21       		.byte	0x21
 523 01ab FA010000 		.4byte	0x1fa
 524 01af 08       		.uleb128 0x8
 525 01b0 75020000 		.4byte	.LASF31
 526 01b4 06       		.byte	0x6
 527 01b5 23       		.byte	0x23
 528 01b6 9B010000 		.4byte	0x19b
 529 01ba 00       		.byte	0
 530 01bb 08       		.uleb128 0x8
 531 01bc 7F000000 		.4byte	.LASF32
 532 01c0 06       		.byte	0x6
 533 01c1 24       		.byte	0x24
 534 01c2 A1000000 		.4byte	0xa1
 535 01c6 01       		.byte	0x1
 536 01c7 08       		.uleb128 0x8
 537 01c8 92000000 		.4byte	.LASF33
 538 01cc 06       		.byte	0x6
 539 01cd 25       		.byte	0x25
 540 01ce A1000000 		.4byte	0xa1
 541 01d2 02       		.byte	0x2
 542 01d3 08       		.uleb128 0x8
 543 01d4 95020000 		.4byte	.LASF34
 544 01d8 06       		.byte	0x6
 545 01d9 26       		.byte	0x26
 546 01da FA010000 		.4byte	0x1fa
 547 01de 04       		.byte	0x4
 548 01df 09       		.uleb128 0x9
 549 01e0 15030000 		.4byte	.LASF35
 550 01e4 06       		.byte	0x6
 551 01e5 27       		.byte	0x27
 552 01e6 A1000000 		.4byte	0xa1
 553 01ea 0408     		.2byte	0x804
 554 01ec 09       		.uleb128 0x9
 555 01ed 64010000 		.4byte	.LASF36
 556 01f1 06       		.byte	0x6
 557 01f2 29       		.byte	0x29
 558 01f3 0B020000 		.4byte	0x20b
 559 01f7 0808     		.2byte	0x808
 560 01f9 00       		.byte	0
 561 01fa 0A       		.uleb128 0xa
 562 01fb AC000000 		.4byte	0xac
 563 01ff 0B020000 		.4byte	0x20b
 564 0203 0B       		.uleb128 0xb
 565 0204 93000000 		.4byte	0x93
 566 0208 FF03     		.2byte	0x3ff
 567 020a 00       		.byte	0
 568 020b 0A       		.uleb128 0xa
 569 020c CE000000 		.4byte	0xce
ARM GAS  C:\Users\HP\AppData\Local\Temp\ccIyAK7K.s 			page 15


 570 0210 1C020000 		.4byte	0x21c
 571 0214 0B       		.uleb128 0xb
 572 0215 93000000 		.4byte	0x93
 573 0219 FF07     		.2byte	0x7ff
 574 021b 00       		.byte	0
 575 021c 03       		.uleb128 0x3
 576 021d A0020000 		.4byte	.LASF37
 577 0221 06       		.byte	0x6
 578 0222 2B       		.byte	0x2b
 579 0223 A6010000 		.4byte	0x1a6
 580 0227 0E       		.uleb128 0xe
 581 0228 D9020000 		.4byte	.LASF38
 582 022c 01       		.byte	0x1
 583 022d 25       		.byte	0x25
 584 022e 00000000 		.4byte	.LFB120
 585 0232 28000000 		.4byte	.LFE120-.LFB120
 586 0236 01       		.uleb128 0x1
 587 0237 9C       		.byte	0x9c
 588 0238 8D020000 		.4byte	0x28d
 589 023c 0F       		.uleb128 0xf
 590 023d 736D00   		.ascii	"sm\000"
 591 0240 01       		.byte	0x1
 592 0241 25       		.byte	0x25
 593 0242 8D020000 		.4byte	0x28d
 594 0246 00000000 		.4byte	.LLST0
 595 024a 10       		.uleb128 0x10
 596 024b 0A000000 		.4byte	.LVL2
 597 024f AC040000 		.4byte	0x4ac
 598 0253 5D020000 		.4byte	0x25d
 599 0257 11       		.uleb128 0x11
 600 0258 01       		.uleb128 0x1
 601 0259 50       		.byte	0x50
 602 025a 01       		.uleb128 0x1
 603 025b 31       		.byte	0x31
 604 025c 00       		.byte	0
 605 025d 10       		.uleb128 0x10
 606 025e 10000000 		.4byte	.LVL3
 607 0262 B7040000 		.4byte	0x4b7
 608 0266 70020000 		.4byte	0x270
 609 026a 11       		.uleb128 0x11
 610 026b 01       		.uleb128 0x1
 611 026c 50       		.byte	0x50
 612 026d 01       		.uleb128 0x1
 613 026e 30       		.byte	0x30
 614 026f 00       		.byte	0
 615 0270 10       		.uleb128 0x10
 616 0271 16000000 		.4byte	.LVL4
 617 0275 C2040000 		.4byte	0x4c2
 618 0279 83020000 		.4byte	0x283
 619 027d 11       		.uleb128 0x11
 620 027e 01       		.uleb128 0x1
 621 027f 50       		.byte	0x50
 622 0280 01       		.uleb128 0x1
 623 0281 30       		.byte	0x30
 624 0282 00       		.byte	0
 625 0283 12       		.uleb128 0x12
 626 0284 20000000 		.4byte	.LVL5
ARM GAS  C:\Users\HP\AppData\Local\Temp\ccIyAK7K.s 			page 16


 627 0288 CD040000 		.4byte	0x4cd
 628 028c 00       		.byte	0
 629 028d 13       		.uleb128 0x13
 630 028e 04       		.byte	0x4
 631 028f 1C020000 		.4byte	0x21c
 632 0293 0E       		.uleb128 0xe
 633 0294 11010000 		.4byte	.LASF39
 634 0298 01       		.byte	0x1
 635 0299 49       		.byte	0x49
 636 029a 00000000 		.4byte	.LFB121
 637 029e 50000000 		.4byte	.LFE121-.LFB121
 638 02a2 01       		.uleb128 0x1
 639 02a3 9C       		.byte	0x9c
 640 02a4 50030000 		.4byte	0x350
 641 02a8 0F       		.uleb128 0xf
 642 02a9 736D00   		.ascii	"sm\000"
 643 02ac 01       		.byte	0x1
 644 02ad 49       		.byte	0x49
 645 02ae 8D020000 		.4byte	0x28d
 646 02b2 1E000000 		.4byte	.LLST1
 647 02b6 14       		.uleb128 0x14
 648 02b7 26000000 		.4byte	.LBB2
 649 02bb 1C000000 		.4byte	.LBE2-.LBB2
 650 02bf ED020000 		.4byte	0x2ed
 651 02c3 15       		.uleb128 0x15
 652 02c4 6900     		.ascii	"i\000"
 653 02c6 01       		.byte	0x1
 654 02c7 58       		.byte	0x58
 655 02c8 7E000000 		.4byte	0x7e
 656 02cc 3C000000 		.4byte	.LLST2
 657 02d0 10       		.uleb128 0x10
 658 02d1 30000000 		.4byte	.LVL14
 659 02d5 D8040000 		.4byte	0x4d8
 660 02d9 E3020000 		.4byte	0x2e3
 661 02dd 11       		.uleb128 0x11
 662 02de 01       		.uleb128 0x1
 663 02df 50       		.byte	0x50
 664 02e0 01       		.uleb128 0x1
 665 02e1 30       		.byte	0x30
 666 02e2 00       		.byte	0
 667 02e3 12       		.uleb128 0x12
 668 02e4 34000000 		.4byte	.LVL15
 669 02e8 E3040000 		.4byte	0x4e3
 670 02ec 00       		.byte	0
 671 02ed 10       		.uleb128 0x10
 672 02ee 0A000000 		.4byte	.LVL8
 673 02f2 AC040000 		.4byte	0x4ac
 674 02f6 00030000 		.4byte	0x300
 675 02fa 11       		.uleb128 0x11
 676 02fb 01       		.uleb128 0x1
 677 02fc 50       		.byte	0x50
 678 02fd 01       		.uleb128 0x1
 679 02fe 30       		.byte	0x30
 680 02ff 00       		.byte	0
 681 0300 10       		.uleb128 0x10
 682 0301 10000000 		.4byte	.LVL9
 683 0305 B7040000 		.4byte	0x4b7
ARM GAS  C:\Users\HP\AppData\Local\Temp\ccIyAK7K.s 			page 17


 684 0309 13030000 		.4byte	0x313
 685 030d 11       		.uleb128 0x11
 686 030e 01       		.uleb128 0x1
 687 030f 50       		.byte	0x50
 688 0310 01       		.uleb128 0x1
 689 0311 31       		.byte	0x31
 690 0312 00       		.byte	0
 691 0313 10       		.uleb128 0x10
 692 0314 16000000 		.4byte	.LVL10
 693 0318 C2040000 		.4byte	0x4c2
 694 031c 26030000 		.4byte	0x326
 695 0320 11       		.uleb128 0x11
 696 0321 01       		.uleb128 0x1
 697 0322 50       		.byte	0x50
 698 0323 01       		.uleb128 0x1
 699 0324 30       		.byte	0x30
 700 0325 00       		.byte	0
 701 0326 10       		.uleb128 0x10
 702 0327 22000000 		.4byte	.LVL11
 703 032b EE040000 		.4byte	0x4ee
 704 032f 46030000 		.4byte	0x346
 705 0333 11       		.uleb128 0x11
 706 0334 01       		.uleb128 0x1
 707 0335 50       		.byte	0x50
 708 0336 02       		.uleb128 0x2
 709 0337 75       		.byte	0x75
 710 0338 04       		.sleb128 4
 711 0339 11       		.uleb128 0x11
 712 033a 01       		.uleb128 0x1
 713 033b 51       		.byte	0x51
 714 033c 01       		.uleb128 0x1
 715 033d 30       		.byte	0x30
 716 033e 11       		.uleb128 0x11
 717 033f 01       		.uleb128 0x1
 718 0340 52       		.byte	0x52
 719 0341 03       		.uleb128 0x3
 720 0342 0A       		.byte	0xa
 721 0343 0008     		.2byte	0x800
 722 0345 00       		.byte	0
 723 0346 12       		.uleb128 0x12
 724 0347 26000000 		.4byte	.LVL12
 725 034b F7040000 		.4byte	0x4f7
 726 034f 00       		.byte	0
 727 0350 0E       		.uleb128 0xe
 728 0351 14000000 		.4byte	.LASF40
 729 0355 01       		.byte	0x1
 730 0356 86       		.byte	0x86
 731 0357 00000000 		.4byte	.LFB122
 732 035b CE000000 		.4byte	.LFE122-.LFB122
 733 035f 01       		.uleb128 0x1
 734 0360 9C       		.byte	0x9c
 735 0361 95040000 		.4byte	0x495
 736 0365 0F       		.uleb128 0xf
 737 0366 736D00   		.ascii	"sm\000"
 738 0369 01       		.byte	0x1
 739 036a 86       		.byte	0x86
 740 036b 8D020000 		.4byte	0x28d
ARM GAS  C:\Users\HP\AppData\Local\Temp\ccIyAK7K.s 			page 18


 741 036f 5B000000 		.4byte	.LLST3
 742 0373 16       		.uleb128 0x16
 743 0374 AF020000 		.4byte	.LASF41
 744 0378 01       		.byte	0x1
 745 0379 86       		.byte	0x86
 746 037a 95040000 		.4byte	0x495
 747 037e 79000000 		.4byte	.LLST4
 748 0382 14       		.uleb128 0x14
 749 0383 1A000000 		.4byte	.LBB3
 750 0387 1E000000 		.4byte	.LBE3-.LBB3
 751 038b AF030000 		.4byte	0x3af
 752 038f 15       		.uleb128 0x15
 753 0390 6900     		.ascii	"i\000"
 754 0392 01       		.byte	0x1
 755 0393 92       		.byte	0x92
 756 0394 7E000000 		.4byte	0x7e
 757 0398 97000000 		.4byte	.LLST5
 758 039c 12       		.uleb128 0x12
 759 039d 28000000 		.4byte	.LVL23
 760 03a1 02050000 		.4byte	0x502
 761 03a5 12       		.uleb128 0x12
 762 03a6 30000000 		.4byte	.LVL24
 763 03aa 02050000 		.4byte	0x502
 764 03ae 00       		.byte	0
 765 03af 14       		.uleb128 0x14
 766 03b0 54000000 		.4byte	.LBB4
 767 03b4 3A000000 		.4byte	.LBE4-.LBB4
 768 03b8 F0030000 		.4byte	0x3f0
 769 03bc 17       		.uleb128 0x17
 770 03bd E9020000 		.4byte	.LASF42
 771 03c1 01       		.byte	0x1
 772 03c2 AB       		.byte	0xab
 773 03c3 CE000000 		.4byte	0xce
 774 03c7 B6000000 		.4byte	.LLST6
 775 03cb 12       		.uleb128 0x12
 776 03cc 64000000 		.4byte	.LVL29
 777 03d0 02050000 		.4byte	0x502
 778 03d4 12       		.uleb128 0x12
 779 03d5 70000000 		.4byte	.LVL30
 780 03d9 02050000 		.4byte	0x502
 781 03dd 12       		.uleb128 0x12
 782 03de 7C000000 		.4byte	.LVL31
 783 03e2 02050000 		.4byte	0x502
 784 03e6 12       		.uleb128 0x12
 785 03e7 86000000 		.4byte	.LVL32
 786 03eb 02050000 		.4byte	0x502
 787 03ef 00       		.byte	0
 788 03f0 10       		.uleb128 0x10
 789 03f1 0E000000 		.4byte	.LVL19
 790 03f5 AC040000 		.4byte	0x4ac
 791 03f9 03040000 		.4byte	0x403
 792 03fd 11       		.uleb128 0x11
 793 03fe 01       		.uleb128 0x1
 794 03ff 50       		.byte	0x50
 795 0400 01       		.uleb128 0x1
 796 0401 30       		.byte	0x30
 797 0402 00       		.byte	0
ARM GAS  C:\Users\HP\AppData\Local\Temp\ccIyAK7K.s 			page 19


 798 0403 10       		.uleb128 0x10
 799 0404 14000000 		.4byte	.LVL20
 800 0408 B7040000 		.4byte	0x4b7
 801 040c 16040000 		.4byte	0x416
 802 0410 11       		.uleb128 0x11
 803 0411 01       		.uleb128 0x1
 804 0412 50       		.byte	0x50
 805 0413 01       		.uleb128 0x1
 806 0414 30       		.byte	0x30
 807 0415 00       		.byte	0
 808 0416 10       		.uleb128 0x10
 809 0417 1A000000 		.4byte	.LVL21
 810 041b C2040000 		.4byte	0x4c2
 811 041f 29040000 		.4byte	0x429
 812 0423 11       		.uleb128 0x11
 813 0424 01       		.uleb128 0x1
 814 0425 50       		.byte	0x50
 815 0426 01       		.uleb128 0x1
 816 0427 31       		.byte	0x31
 817 0428 00       		.byte	0
 818 0429 10       		.uleb128 0x10
 819 042a 48000000 		.4byte	.LVL26
 820 042e EE040000 		.4byte	0x4ee
 821 0432 49040000 		.4byte	0x449
 822 0436 11       		.uleb128 0x11
 823 0437 01       		.uleb128 0x1
 824 0438 50       		.byte	0x50
 825 0439 02       		.uleb128 0x2
 826 043a 78       		.byte	0x78
 827 043b 00       		.sleb128 0
 828 043c 11       		.uleb128 0x11
 829 043d 01       		.uleb128 0x1
 830 043e 51       		.byte	0x51
 831 043f 01       		.uleb128 0x1
 832 0440 30       		.byte	0x30
 833 0441 11       		.uleb128 0x11
 834 0442 01       		.uleb128 0x1
 835 0443 52       		.byte	0x52
 836 0444 03       		.uleb128 0x3
 837 0445 0A       		.byte	0xa
 838 0446 0020     		.2byte	0x2000
 839 0448 00       		.byte	0
 840 0449 10       		.uleb128 0x10
 841 044a 54000000 		.4byte	.LVL27
 842 044e 0D050000 		.4byte	0x50d
 843 0452 6A040000 		.4byte	0x46a
 844 0456 11       		.uleb128 0x11
 845 0457 01       		.uleb128 0x1
 846 0458 50       		.byte	0x50
 847 0459 02       		.uleb128 0x2
 848 045a 74       		.byte	0x74
 849 045b 04       		.sleb128 4
 850 045c 11       		.uleb128 0x11
 851 045d 01       		.uleb128 0x1
 852 045e 51       		.byte	0x51
 853 045f 02       		.uleb128 0x2
 854 0460 78       		.byte	0x78
ARM GAS  C:\Users\HP\AppData\Local\Temp\ccIyAK7K.s 			page 20


 855 0461 00       		.sleb128 0
 856 0462 11       		.uleb128 0x11
 857 0463 01       		.uleb128 0x1
 858 0464 52       		.byte	0x52
 859 0465 03       		.uleb128 0x3
 860 0466 0A       		.byte	0xa
 861 0467 0004     		.2byte	0x400
 862 0469 00       		.byte	0
 863 046a 10       		.uleb128 0x10
 864 046b 96000000 		.4byte	.LVL34
 865 046f 18050000 		.4byte	0x518
 866 0473 84040000 		.4byte	0x484
 867 0477 11       		.uleb128 0x11
 868 0478 01       		.uleb128 0x1
 869 0479 50       		.byte	0x50
 870 047a 02       		.uleb128 0x2
 871 047b 78       		.byte	0x78
 872 047c 00       		.sleb128 0
 873 047d 11       		.uleb128 0x11
 874 047e 01       		.uleb128 0x1
 875 047f 51       		.byte	0x51
 876 0480 02       		.uleb128 0x2
 877 0481 77       		.byte	0x77
 878 0482 00       		.sleb128 0
 879 0483 00       		.byte	0
 880 0484 18       		.uleb128 0x18
 881 0485 9C000000 		.4byte	.LVL35
 882 0489 23050000 		.4byte	0x523
 883 048d 11       		.uleb128 0x11
 884 048e 01       		.uleb128 0x1
 885 048f 50       		.byte	0x50
 886 0490 02       		.uleb128 0x2
 887 0491 77       		.byte	0x77
 888 0492 00       		.sleb128 0
 889 0493 00       		.byte	0
 890 0494 00       		.byte	0
 891 0495 13       		.uleb128 0x13
 892 0496 04       		.byte	0x4
 893 0497 71010000 		.4byte	0x171
 894 049b 19       		.uleb128 0x19
 895 049c 43030000 		.4byte	.LASF57
 896 04a0 0E       		.byte	0xe
 897 04a1 1207     		.2byte	0x712
 898 04a3 A7040000 		.4byte	0x4a7
 899 04a7 1A       		.uleb128 0x1a
 900 04a8 B7000000 		.4byte	0xb7
 901 04ac 1B       		.uleb128 0x1b
 902 04ad A8000000 		.4byte	.LASF43
 903 04b1 A8000000 		.4byte	.LASF43
 904 04b5 07       		.byte	0x7
 905 04b6 26       		.byte	0x26
 906 04b7 1B       		.uleb128 0x1b
 907 04b8 DE030000 		.4byte	.LASF44
 908 04bc DE030000 		.4byte	.LASF44
 909 04c0 08       		.byte	0x8
 910 04c1 26       		.byte	0x26
 911 04c2 1B       		.uleb128 0x1b
ARM GAS  C:\Users\HP\AppData\Local\Temp\ccIyAK7K.s 			page 21


 912 04c3 21030000 		.4byte	.LASF45
 913 04c7 21030000 		.4byte	.LASF45
 914 04cb 09       		.byte	0x9
 915 04cc 26       		.byte	0x26
 916 04cd 1B       		.uleb128 0x1b
 917 04ce 52020000 		.4byte	.LASF46
 918 04d2 52020000 		.4byte	.LASF46
 919 04d6 0A       		.byte	0xa
 920 04d7 29       		.byte	0x29
 921 04d8 1B       		.uleb128 0x1b
 922 04d9 C3000000 		.4byte	.LASF47
 923 04dd C3000000 		.4byte	.LASF47
 924 04e1 0B       		.byte	0xb
 925 04e2 3F       		.byte	0x3f
 926 04e3 1B       		.uleb128 0x1b
 927 04e4 2C000000 		.4byte	.LASF48
 928 04e8 2C000000 		.4byte	.LASF48
 929 04ec 0B       		.byte	0xb
 930 04ed 41       		.byte	0x41
 931 04ee 1C       		.uleb128 0x1c
 932 04ef 54010000 		.4byte	.LASF58
 933 04f3 54010000 		.4byte	.LASF58
 934 04f7 1B       		.uleb128 0x1b
 935 04f8 32030000 		.4byte	.LASF49
 936 04fc 32030000 		.4byte	.LASF49
 937 0500 0B       		.byte	0xb
 938 0501 3D       		.byte	0x3d
 939 0502 1B       		.uleb128 0x1b
 940 0503 59000000 		.4byte	.LASF50
 941 0507 59000000 		.4byte	.LASF50
 942 050b 0C       		.byte	0xc
 943 050c 8A       		.byte	0x8a
 944 050d 1B       		.uleb128 0x1b
 945 050e 47000000 		.4byte	.LASF51
 946 0512 47000000 		.4byte	.LASF51
 947 0516 0D       		.byte	0xd
 948 0517 26       		.byte	0x26
 949 0518 1B       		.uleb128 0x1b
 950 0519 63020000 		.4byte	.LASF52
 951 051d 63020000 		.4byte	.LASF52
 952 0521 05       		.byte	0x5
 953 0522 34       		.byte	0x34
 954 0523 1B       		.uleb128 0x1b
 955 0524 F2020000 		.4byte	.LASF53
 956 0528 F2020000 		.4byte	.LASF53
 957 052c 05       		.byte	0x5
 958 052d 49       		.byte	0x49
 959 052e 00       		.byte	0
 960              		.section	.debug_abbrev,"",%progbits
 961              	.Ldebug_abbrev0:
 962 0000 01       		.uleb128 0x1
 963 0001 11       		.uleb128 0x11
 964 0002 01       		.byte	0x1
 965 0003 25       		.uleb128 0x25
 966 0004 0E       		.uleb128 0xe
 967 0005 13       		.uleb128 0x13
 968 0006 0B       		.uleb128 0xb
ARM GAS  C:\Users\HP\AppData\Local\Temp\ccIyAK7K.s 			page 22


 969 0007 03       		.uleb128 0x3
 970 0008 0E       		.uleb128 0xe
 971 0009 1B       		.uleb128 0x1b
 972 000a 0E       		.uleb128 0xe
 973 000b 55       		.uleb128 0x55
 974 000c 17       		.uleb128 0x17
 975 000d 11       		.uleb128 0x11
 976 000e 01       		.uleb128 0x1
 977 000f 10       		.uleb128 0x10
 978 0010 17       		.uleb128 0x17
 979 0011 00       		.byte	0
 980 0012 00       		.byte	0
 981 0013 02       		.uleb128 0x2
 982 0014 24       		.uleb128 0x24
 983 0015 00       		.byte	0
 984 0016 0B       		.uleb128 0xb
 985 0017 0B       		.uleb128 0xb
 986 0018 3E       		.uleb128 0x3e
 987 0019 0B       		.uleb128 0xb
 988 001a 03       		.uleb128 0x3
 989 001b 0E       		.uleb128 0xe
 990 001c 00       		.byte	0
 991 001d 00       		.byte	0
 992 001e 03       		.uleb128 0x3
 993 001f 16       		.uleb128 0x16
 994 0020 00       		.byte	0
 995 0021 03       		.uleb128 0x3
 996 0022 0E       		.uleb128 0xe
 997 0023 3A       		.uleb128 0x3a
 998 0024 0B       		.uleb128 0xb
 999 0025 3B       		.uleb128 0x3b
 1000 0026 0B       		.uleb128 0xb
 1001 0027 49       		.uleb128 0x49
 1002 0028 13       		.uleb128 0x13
 1003 0029 00       		.byte	0
 1004 002a 00       		.byte	0
 1005 002b 04       		.uleb128 0x4
 1006 002c 24       		.uleb128 0x24
 1007 002d 00       		.byte	0
 1008 002e 0B       		.uleb128 0xb
 1009 002f 0B       		.uleb128 0xb
 1010 0030 3E       		.uleb128 0x3e
 1011 0031 0B       		.uleb128 0xb
 1012 0032 03       		.uleb128 0x3
 1013 0033 08       		.uleb128 0x8
 1014 0034 00       		.byte	0
 1015 0035 00       		.byte	0
 1016 0036 05       		.uleb128 0x5
 1017 0037 16       		.uleb128 0x16
 1018 0038 00       		.byte	0
 1019 0039 03       		.uleb128 0x3
 1020 003a 0E       		.uleb128 0xe
 1021 003b 3A       		.uleb128 0x3a
 1022 003c 0B       		.uleb128 0xb
 1023 003d 3B       		.uleb128 0x3b
 1024 003e 05       		.uleb128 0x5
 1025 003f 49       		.uleb128 0x49
ARM GAS  C:\Users\HP\AppData\Local\Temp\ccIyAK7K.s 			page 23


 1026 0040 13       		.uleb128 0x13
 1027 0041 00       		.byte	0
 1028 0042 00       		.byte	0
 1029 0043 06       		.uleb128 0x6
 1030 0044 13       		.uleb128 0x13
 1031 0045 01       		.byte	0x1
 1032 0046 0B       		.uleb128 0xb
 1033 0047 05       		.uleb128 0x5
 1034 0048 3A       		.uleb128 0x3a
 1035 0049 0B       		.uleb128 0xb
 1036 004a 3B       		.uleb128 0x3b
 1037 004b 0B       		.uleb128 0xb
 1038 004c 01       		.uleb128 0x1
 1039 004d 13       		.uleb128 0x13
 1040 004e 00       		.byte	0
 1041 004f 00       		.byte	0
 1042 0050 07       		.uleb128 0x7
 1043 0051 0D       		.uleb128 0xd
 1044 0052 00       		.byte	0
 1045 0053 03       		.uleb128 0x3
 1046 0054 08       		.uleb128 0x8
 1047 0055 3A       		.uleb128 0x3a
 1048 0056 0B       		.uleb128 0xb
 1049 0057 3B       		.uleb128 0x3b
 1050 0058 0B       		.uleb128 0xb
 1051 0059 49       		.uleb128 0x49
 1052 005a 13       		.uleb128 0x13
 1053 005b 38       		.uleb128 0x38
 1054 005c 0B       		.uleb128 0xb
 1055 005d 00       		.byte	0
 1056 005e 00       		.byte	0
 1057 005f 08       		.uleb128 0x8
 1058 0060 0D       		.uleb128 0xd
 1059 0061 00       		.byte	0
 1060 0062 03       		.uleb128 0x3
 1061 0063 0E       		.uleb128 0xe
 1062 0064 3A       		.uleb128 0x3a
 1063 0065 0B       		.uleb128 0xb
 1064 0066 3B       		.uleb128 0x3b
 1065 0067 0B       		.uleb128 0xb
 1066 0068 49       		.uleb128 0x49
 1067 0069 13       		.uleb128 0x13
 1068 006a 38       		.uleb128 0x38
 1069 006b 0B       		.uleb128 0xb
 1070 006c 00       		.byte	0
 1071 006d 00       		.byte	0
 1072 006e 09       		.uleb128 0x9
 1073 006f 0D       		.uleb128 0xd
 1074 0070 00       		.byte	0
 1075 0071 03       		.uleb128 0x3
 1076 0072 0E       		.uleb128 0xe
 1077 0073 3A       		.uleb128 0x3a
 1078 0074 0B       		.uleb128 0xb
 1079 0075 3B       		.uleb128 0x3b
 1080 0076 0B       		.uleb128 0xb
 1081 0077 49       		.uleb128 0x49
 1082 0078 13       		.uleb128 0x13
ARM GAS  C:\Users\HP\AppData\Local\Temp\ccIyAK7K.s 			page 24


 1083 0079 38       		.uleb128 0x38
 1084 007a 05       		.uleb128 0x5
 1085 007b 00       		.byte	0
 1086 007c 00       		.byte	0
 1087 007d 0A       		.uleb128 0xa
 1088 007e 01       		.uleb128 0x1
 1089 007f 01       		.byte	0x1
 1090 0080 49       		.uleb128 0x49
 1091 0081 13       		.uleb128 0x13
 1092 0082 01       		.uleb128 0x1
 1093 0083 13       		.uleb128 0x13
 1094 0084 00       		.byte	0
 1095 0085 00       		.byte	0
 1096 0086 0B       		.uleb128 0xb
 1097 0087 21       		.uleb128 0x21
 1098 0088 00       		.byte	0
 1099 0089 49       		.uleb128 0x49
 1100 008a 13       		.uleb128 0x13
 1101 008b 2F       		.uleb128 0x2f
 1102 008c 05       		.uleb128 0x5
 1103 008d 00       		.byte	0
 1104 008e 00       		.byte	0
 1105 008f 0C       		.uleb128 0xc
 1106 0090 04       		.uleb128 0x4
 1107 0091 01       		.byte	0x1
 1108 0092 0B       		.uleb128 0xb
 1109 0093 0B       		.uleb128 0xb
 1110 0094 49       		.uleb128 0x49
 1111 0095 13       		.uleb128 0x13
 1112 0096 3A       		.uleb128 0x3a
 1113 0097 0B       		.uleb128 0xb
 1114 0098 3B       		.uleb128 0x3b
 1115 0099 0B       		.uleb128 0xb
 1116 009a 01       		.uleb128 0x1
 1117 009b 13       		.uleb128 0x13
 1118 009c 00       		.byte	0
 1119 009d 00       		.byte	0
 1120 009e 0D       		.uleb128 0xd
 1121 009f 28       		.uleb128 0x28
 1122 00a0 00       		.byte	0
 1123 00a1 03       		.uleb128 0x3
 1124 00a2 0E       		.uleb128 0xe
 1125 00a3 1C       		.uleb128 0x1c
 1126 00a4 0B       		.uleb128 0xb
 1127 00a5 00       		.byte	0
 1128 00a6 00       		.byte	0
 1129 00a7 0E       		.uleb128 0xe
 1130 00a8 2E       		.uleb128 0x2e
 1131 00a9 01       		.byte	0x1
 1132 00aa 3F       		.uleb128 0x3f
 1133 00ab 19       		.uleb128 0x19
 1134 00ac 03       		.uleb128 0x3
 1135 00ad 0E       		.uleb128 0xe
 1136 00ae 3A       		.uleb128 0x3a
 1137 00af 0B       		.uleb128 0xb
 1138 00b0 3B       		.uleb128 0x3b
 1139 00b1 0B       		.uleb128 0xb
ARM GAS  C:\Users\HP\AppData\Local\Temp\ccIyAK7K.s 			page 25


 1140 00b2 27       		.uleb128 0x27
 1141 00b3 19       		.uleb128 0x19
 1142 00b4 11       		.uleb128 0x11
 1143 00b5 01       		.uleb128 0x1
 1144 00b6 12       		.uleb128 0x12
 1145 00b7 06       		.uleb128 0x6
 1146 00b8 40       		.uleb128 0x40
 1147 00b9 18       		.uleb128 0x18
 1148 00ba 9742     		.uleb128 0x2117
 1149 00bc 19       		.uleb128 0x19
 1150 00bd 01       		.uleb128 0x1
 1151 00be 13       		.uleb128 0x13
 1152 00bf 00       		.byte	0
 1153 00c0 00       		.byte	0
 1154 00c1 0F       		.uleb128 0xf
 1155 00c2 05       		.uleb128 0x5
 1156 00c3 00       		.byte	0
 1157 00c4 03       		.uleb128 0x3
 1158 00c5 08       		.uleb128 0x8
 1159 00c6 3A       		.uleb128 0x3a
 1160 00c7 0B       		.uleb128 0xb
 1161 00c8 3B       		.uleb128 0x3b
 1162 00c9 0B       		.uleb128 0xb
 1163 00ca 49       		.uleb128 0x49
 1164 00cb 13       		.uleb128 0x13
 1165 00cc 02       		.uleb128 0x2
 1166 00cd 17       		.uleb128 0x17
 1167 00ce 00       		.byte	0
 1168 00cf 00       		.byte	0
 1169 00d0 10       		.uleb128 0x10
 1170 00d1 898201   		.uleb128 0x4109
 1171 00d4 01       		.byte	0x1
 1172 00d5 11       		.uleb128 0x11
 1173 00d6 01       		.uleb128 0x1
 1174 00d7 31       		.uleb128 0x31
 1175 00d8 13       		.uleb128 0x13
 1176 00d9 01       		.uleb128 0x1
 1177 00da 13       		.uleb128 0x13
 1178 00db 00       		.byte	0
 1179 00dc 00       		.byte	0
 1180 00dd 11       		.uleb128 0x11
 1181 00de 8A8201   		.uleb128 0x410a
 1182 00e1 00       		.byte	0
 1183 00e2 02       		.uleb128 0x2
 1184 00e3 18       		.uleb128 0x18
 1185 00e4 9142     		.uleb128 0x2111
 1186 00e6 18       		.uleb128 0x18
 1187 00e7 00       		.byte	0
 1188 00e8 00       		.byte	0
 1189 00e9 12       		.uleb128 0x12
 1190 00ea 898201   		.uleb128 0x4109
 1191 00ed 00       		.byte	0
 1192 00ee 11       		.uleb128 0x11
 1193 00ef 01       		.uleb128 0x1
 1194 00f0 31       		.uleb128 0x31
 1195 00f1 13       		.uleb128 0x13
 1196 00f2 00       		.byte	0
ARM GAS  C:\Users\HP\AppData\Local\Temp\ccIyAK7K.s 			page 26


 1197 00f3 00       		.byte	0
 1198 00f4 13       		.uleb128 0x13
 1199 00f5 0F       		.uleb128 0xf
 1200 00f6 00       		.byte	0
 1201 00f7 0B       		.uleb128 0xb
 1202 00f8 0B       		.uleb128 0xb
 1203 00f9 49       		.uleb128 0x49
 1204 00fa 13       		.uleb128 0x13
 1205 00fb 00       		.byte	0
 1206 00fc 00       		.byte	0
 1207 00fd 14       		.uleb128 0x14
 1208 00fe 0B       		.uleb128 0xb
 1209 00ff 01       		.byte	0x1
 1210 0100 11       		.uleb128 0x11
 1211 0101 01       		.uleb128 0x1
 1212 0102 12       		.uleb128 0x12
 1213 0103 06       		.uleb128 0x6
 1214 0104 01       		.uleb128 0x1
 1215 0105 13       		.uleb128 0x13
 1216 0106 00       		.byte	0
 1217 0107 00       		.byte	0
 1218 0108 15       		.uleb128 0x15
 1219 0109 34       		.uleb128 0x34
 1220 010a 00       		.byte	0
 1221 010b 03       		.uleb128 0x3
 1222 010c 08       		.uleb128 0x8
 1223 010d 3A       		.uleb128 0x3a
 1224 010e 0B       		.uleb128 0xb
 1225 010f 3B       		.uleb128 0x3b
 1226 0110 0B       		.uleb128 0xb
 1227 0111 49       		.uleb128 0x49
 1228 0112 13       		.uleb128 0x13
 1229 0113 02       		.uleb128 0x2
 1230 0114 17       		.uleb128 0x17
 1231 0115 00       		.byte	0
 1232 0116 00       		.byte	0
 1233 0117 16       		.uleb128 0x16
 1234 0118 05       		.uleb128 0x5
 1235 0119 00       		.byte	0
 1236 011a 03       		.uleb128 0x3
 1237 011b 0E       		.uleb128 0xe
 1238 011c 3A       		.uleb128 0x3a
 1239 011d 0B       		.uleb128 0xb
 1240 011e 3B       		.uleb128 0x3b
 1241 011f 0B       		.uleb128 0xb
 1242 0120 49       		.uleb128 0x49
 1243 0121 13       		.uleb128 0x13
 1244 0122 02       		.uleb128 0x2
 1245 0123 17       		.uleb128 0x17
 1246 0124 00       		.byte	0
 1247 0125 00       		.byte	0
 1248 0126 17       		.uleb128 0x17
 1249 0127 34       		.uleb128 0x34
 1250 0128 00       		.byte	0
 1251 0129 03       		.uleb128 0x3
 1252 012a 0E       		.uleb128 0xe
 1253 012b 3A       		.uleb128 0x3a
ARM GAS  C:\Users\HP\AppData\Local\Temp\ccIyAK7K.s 			page 27


 1254 012c 0B       		.uleb128 0xb
 1255 012d 3B       		.uleb128 0x3b
 1256 012e 0B       		.uleb128 0xb
 1257 012f 49       		.uleb128 0x49
 1258 0130 13       		.uleb128 0x13
 1259 0131 02       		.uleb128 0x2
 1260 0132 17       		.uleb128 0x17
 1261 0133 00       		.byte	0
 1262 0134 00       		.byte	0
 1263 0135 18       		.uleb128 0x18
 1264 0136 898201   		.uleb128 0x4109
 1265 0139 01       		.byte	0x1
 1266 013a 11       		.uleb128 0x11
 1267 013b 01       		.uleb128 0x1
 1268 013c 31       		.uleb128 0x31
 1269 013d 13       		.uleb128 0x13
 1270 013e 00       		.byte	0
 1271 013f 00       		.byte	0
 1272 0140 19       		.uleb128 0x19
 1273 0141 34       		.uleb128 0x34
 1274 0142 00       		.byte	0
 1275 0143 03       		.uleb128 0x3
 1276 0144 0E       		.uleb128 0xe
 1277 0145 3A       		.uleb128 0x3a
 1278 0146 0B       		.uleb128 0xb
 1279 0147 3B       		.uleb128 0x3b
 1280 0148 05       		.uleb128 0x5
 1281 0149 49       		.uleb128 0x49
 1282 014a 13       		.uleb128 0x13
 1283 014b 3F       		.uleb128 0x3f
 1284 014c 19       		.uleb128 0x19
 1285 014d 3C       		.uleb128 0x3c
 1286 014e 19       		.uleb128 0x19
 1287 014f 00       		.byte	0
 1288 0150 00       		.byte	0
 1289 0151 1A       		.uleb128 0x1a
 1290 0152 35       		.uleb128 0x35
 1291 0153 00       		.byte	0
 1292 0154 49       		.uleb128 0x49
 1293 0155 13       		.uleb128 0x13
 1294 0156 00       		.byte	0
 1295 0157 00       		.byte	0
 1296 0158 1B       		.uleb128 0x1b
 1297 0159 2E       		.uleb128 0x2e
 1298 015a 00       		.byte	0
 1299 015b 3F       		.uleb128 0x3f
 1300 015c 19       		.uleb128 0x19
 1301 015d 3C       		.uleb128 0x3c
 1302 015e 19       		.uleb128 0x19
 1303 015f 6E       		.uleb128 0x6e
 1304 0160 0E       		.uleb128 0xe
 1305 0161 03       		.uleb128 0x3
 1306 0162 0E       		.uleb128 0xe
 1307 0163 3A       		.uleb128 0x3a
 1308 0164 0B       		.uleb128 0xb
 1309 0165 3B       		.uleb128 0x3b
 1310 0166 0B       		.uleb128 0xb
ARM GAS  C:\Users\HP\AppData\Local\Temp\ccIyAK7K.s 			page 28


 1311 0167 00       		.byte	0
 1312 0168 00       		.byte	0
 1313 0169 1C       		.uleb128 0x1c
 1314 016a 2E       		.uleb128 0x2e
 1315 016b 00       		.byte	0
 1316 016c 3F       		.uleb128 0x3f
 1317 016d 19       		.uleb128 0x19
 1318 016e 3C       		.uleb128 0x3c
 1319 016f 19       		.uleb128 0x19
 1320 0170 6E       		.uleb128 0x6e
 1321 0171 0E       		.uleb128 0xe
 1322 0172 03       		.uleb128 0x3
 1323 0173 0E       		.uleb128 0xe
 1324 0174 00       		.byte	0
 1325 0175 00       		.byte	0
 1326 0176 00       		.byte	0
 1327              		.section	.debug_loc,"",%progbits
 1328              	.Ldebug_loc0:
 1329              	.LLST0:
 1330 0000 00000000 		.4byte	.LVL0
 1331 0004 06000000 		.4byte	.LVL1
 1332 0008 0100     		.2byte	0x1
 1333 000a 50       		.byte	0x50
 1334 000b 06000000 		.4byte	.LVL1
 1335 000f 28000000 		.4byte	.LFE120
 1336 0013 0100     		.2byte	0x1
 1337 0015 54       		.byte	0x54
 1338 0016 00000000 		.4byte	0
 1339 001a 00000000 		.4byte	0
 1340              	.LLST1:
 1341 001e 00000000 		.4byte	.LVL6
 1342 0022 06000000 		.4byte	.LVL7
 1343 0026 0100     		.2byte	0x1
 1344 0028 50       		.byte	0x50
 1345 0029 06000000 		.4byte	.LVL7
 1346 002d 50000000 		.4byte	.LFE121
 1347 0031 0100     		.2byte	0x1
 1348 0033 55       		.byte	0x55
 1349 0034 00000000 		.4byte	0
 1350 0038 00000000 		.4byte	0
 1351              	.LLST2:
 1352 003c 26000000 		.4byte	.LVL12
 1353 0040 2A000000 		.4byte	.LVL13
 1354 0044 0200     		.2byte	0x2
 1355 0046 30       		.byte	0x30
 1356 0047 9F       		.byte	0x9f
 1357 0048 2A000000 		.4byte	.LVL13
 1358 004c 50000000 		.4byte	.LFE121
 1359 0050 0100     		.2byte	0x1
 1360 0052 54       		.byte	0x54
 1361 0053 00000000 		.4byte	0
 1362 0057 00000000 		.4byte	0
 1363              	.LLST3:
 1364 005b 00000000 		.4byte	.LVL17
 1365 005f 0A000000 		.4byte	.LVL18
 1366 0063 0100     		.2byte	0x1
 1367 0065 50       		.byte	0x50
ARM GAS  C:\Users\HP\AppData\Local\Temp\ccIyAK7K.s 			page 29


 1368 0066 0A000000 		.4byte	.LVL18
 1369 006a CE000000 		.4byte	.LFE122
 1370 006e 0100     		.2byte	0x1
 1371 0070 54       		.byte	0x54
 1372 0071 00000000 		.4byte	0
 1373 0075 00000000 		.4byte	0
 1374              	.LLST4:
 1375 0079 00000000 		.4byte	.LVL17
 1376 007d 0D000000 		.4byte	.LVL19-1
 1377 0081 0100     		.2byte	0x1
 1378 0083 51       		.byte	0x51
 1379 0084 0D000000 		.4byte	.LVL19-1
 1380 0088 CE000000 		.4byte	.LFE122
 1381 008c 0100     		.2byte	0x1
 1382 008e 57       		.byte	0x57
 1383 008f 00000000 		.4byte	0
 1384 0093 00000000 		.4byte	0
 1385              	.LLST5:
 1386 0097 1A000000 		.4byte	.LVL21
 1387 009b 1E000000 		.4byte	.LVL22
 1388 009f 0200     		.2byte	0x2
 1389 00a1 30       		.byte	0x30
 1390 00a2 9F       		.byte	0x9f
 1391 00a3 1E000000 		.4byte	.LVL22
 1392 00a7 58000000 		.4byte	.LVL28
 1393 00ab 0100     		.2byte	0x1
 1394 00ad 55       		.byte	0x55
 1395 00ae 00000000 		.4byte	0
 1396 00b2 00000000 		.4byte	0
 1397              	.LLST6:
 1398 00b6 54000000 		.4byte	.LVL27
 1399 00ba 58000000 		.4byte	.LVL28
 1400 00be 0200     		.2byte	0x2
 1401 00c0 30       		.byte	0x30
 1402 00c1 9F       		.byte	0x9f
 1403 00c2 58000000 		.4byte	.LVL28
 1404 00c6 CE000000 		.4byte	.LFE122
 1405 00ca 0100     		.2byte	0x1
 1406 00cc 56       		.byte	0x56
 1407 00cd 00000000 		.4byte	0
 1408 00d1 00000000 		.4byte	0
 1409              		.section	.debug_aranges,"",%progbits
 1410 0000 2C000000 		.4byte	0x2c
 1411 0004 0200     		.2byte	0x2
 1412 0006 00000000 		.4byte	.Ldebug_info0
 1413 000a 04       		.byte	0x4
 1414 000b 00       		.byte	0
 1415 000c 0000     		.2byte	0
 1416 000e 0000     		.2byte	0
 1417 0010 00000000 		.4byte	.LFB120
 1418 0014 28000000 		.4byte	.LFE120-.LFB120
 1419 0018 00000000 		.4byte	.LFB121
 1420 001c 50000000 		.4byte	.LFE121-.LFB121
 1421 0020 00000000 		.4byte	.LFB122
 1422 0024 CE000000 		.4byte	.LFE122-.LFB122
 1423 0028 00000000 		.4byte	0
 1424 002c 00000000 		.4byte	0
ARM GAS  C:\Users\HP\AppData\Local\Temp\ccIyAK7K.s 			page 30


 1425              		.section	.debug_ranges,"",%progbits
 1426              	.Ldebug_ranges0:
 1427 0000 00000000 		.4byte	.LFB120
 1428 0004 28000000 		.4byte	.LFE120
 1429 0008 00000000 		.4byte	.LFB121
 1430 000c 50000000 		.4byte	.LFE121
 1431 0010 00000000 		.4byte	.LFB122
 1432 0014 CE000000 		.4byte	.LFE122
 1433 0018 00000000 		.4byte	0
 1434 001c 00000000 		.4byte	0
 1435              		.section	.debug_line,"",%progbits
 1436              	.Ldebug_line0:
 1437 0000 BD020000 		.section	.debug_str,"MS",%progbits,1
 1437      02000502 
 1437      00000201 
 1437      FB0E0D00 
 1437      01010101 
 1438              	.LASF29:
 1439 0000 53544154 		.ascii	"STATE_UART_TRANSFER\000"
 1439      455F5541 
 1439      52545F54 
 1439      52414E53 
 1439      46455200 
 1440              	.LASF40:
 1441 0014 68616E64 		.ascii	"handleUARTTransferState\000"
 1441      6C655541 
 1441      52545472 
 1441      616E7366 
 1441      65725374 
 1442              	.LASF48:
 1443 002c 4144435F 		.ascii	"ADC_GetResult16\000"
 1443      47657452 
 1443      6573756C 
 1443      74313600 
 1444              	.LASF26:
 1445 003c 4646545F 		.ascii	"FFT_CFAR_t\000"
 1445      43464152 
 1445      5F7400
 1446              	.LASF51:
 1447 0047 6666745F 		.ascii	"fft_app\000"
 1447      61707000 
 1448              	.LASF2:
 1449 004f 73686F72 		.ascii	"short int\000"
 1449      7420696E 
 1449      7400
 1450              	.LASF50:
 1451 0059 55415254 		.ascii	"UART_LOG_PutChar\000"
 1451      5F4C4F47 
 1451      5F507574 
 1451      43686172 
 1451      00
 1452              	.LASF13:
 1453 006a 73697A65 		.ascii	"sizetype\000"
 1453      74797065 
 1453      00
 1454              	.LASF12:
 1455 0073 6C6F6E67 		.ascii	"long double\000"
ARM GAS  C:\Users\HP\AppData\Local\Temp\ccIyAK7K.s 			page 31


 1455      20646F75 
 1455      626C6500 
 1456              	.LASF32:
 1457 007f 73746172 		.ascii	"startSampleCommand\000"
 1457      7453616D 
 1457      706C6543 
 1457      6F6D6D61 
 1457      6E6400
 1458              	.LASF33:
 1459 0092 636F6E74 		.ascii	"continueSampleCommand\000"
 1459      696E7565 
 1459      53616D70 
 1459      6C65436F 
 1459      6D6D616E 
 1460              	.LASF43:
 1461 00a8 47726565 		.ascii	"Green_LED_Write\000"
 1461      6E5F4C45 
 1461      445F5772 
 1461      69746500 
 1462              	.LASF4:
 1463 00b8 5F5F7569 		.ascii	"__uint16_t\000"
 1463      6E743136 
 1463      5F7400
 1464              	.LASF47:
 1465 00c3 4144435F 		.ascii	"ADC_IsEndConversion\000"
 1465      4973456E 
 1465      64436F6E 
 1465      76657273 
 1465      696F6E00 
 1466              	.LASF15:
 1467 00d7 75696E74 		.ascii	"uint8_t\000"
 1467      385F7400 
 1468              	.LASF18:
 1469 00df 75696E74 		.ascii	"uint8\000"
 1469      3800
 1470              	.LASF25:
 1471 00e5 4646545F 		.ascii	"FFT_Cfar_Params\000"
 1471      43666172 
 1471      5F506172 
 1471      616D7300 
 1472              	.LASF55:
 1473 00f5 736F7572 		.ascii	"sources\\asw\\state_machine.c\000"
 1473      6365735C 
 1473      6173775C 
 1473      73746174 
 1473      655F6D61 
 1474              	.LASF39:
 1475 0111 68616E64 		.ascii	"handleSamplingState\000"
 1475      6C655361 
 1475      6D706C69 
 1475      6E675374 
 1475      61746500 
 1476              	.LASF20:
 1477 0125 666C6F61 		.ascii	"float\000"
 1477      7400
 1478              	.LASF24:
 1479 012b 43464152 		.ascii	"CFAR_filled\000"
ARM GAS  C:\Users\HP\AppData\Local\Temp\ccIyAK7K.s 			page 32


 1479      5F66696C 
 1479      6C656400 
 1480              	.LASF9:
 1481 0137 6C6F6E67 		.ascii	"long long int\000"
 1481      206C6F6E 
 1481      6720696E 
 1481      7400
 1482              	.LASF28:
 1483 0145 53544154 		.ascii	"STATE_SAMPLING\000"
 1483      455F5341 
 1483      4D504C49 
 1483      4E4700
 1484              	.LASF58:
 1485 0154 6D656D73 		.ascii	"memset\000"
 1485      657400
 1486              	.LASF7:
 1487 015b 6C6F6E67 		.ascii	"long int\000"
 1487      20696E74 
 1487      00
 1488              	.LASF36:
 1489 0164 4646545F 		.ascii	"FFT_Array\000"
 1489      41727261 
 1489      7900
 1490              	.LASF22:
 1491 016e 64657465 		.ascii	"detections\000"
 1491      6374696F 
 1491      6E7300
 1492              	.LASF3:
 1493 0179 5F5F7569 		.ascii	"__uint8_t\000"
 1493      6E74385F 
 1493      7400
 1494              	.LASF30:
 1495 0183 53746174 		.ascii	"State_t\000"
 1495      655F7400 
 1496              	.LASF1:
 1497 018b 756E7369 		.ascii	"unsigned char\000"
 1497      676E6564 
 1497      20636861 
 1497      7200
 1498              	.LASF0:
 1499 0199 7369676E 		.ascii	"signed char\000"
 1499      65642063 
 1499      68617200 
 1500              	.LASF10:
 1501 01a5 6C6F6E67 		.ascii	"long long unsigned int\000"
 1501      206C6F6E 
 1501      6720756E 
 1501      7369676E 
 1501      65642069 
 1502              	.LASF11:
 1503 01bc 756E7369 		.ascii	"unsigned int\000"
 1503      676E6564 
 1503      20696E74 
 1503      00
 1504              	.LASF16:
 1505 01c9 75696E74 		.ascii	"uint16_t\000"
 1505      31365F74 
ARM GAS  C:\Users\HP\AppData\Local\Temp\ccIyAK7K.s 			page 33


 1505      00
 1506              	.LASF56:
 1507 01d2 453A5C48 		.ascii	"E:\\HDA_Lectures\\001_Repository\\012_SDHD\\012_SDH"
 1507      44415F4C 
 1507      65637475 
 1507      7265735C 
 1507      3030315F 
 1508 0201 445F4C61 		.ascii	"D_LabCodes\\Lab\\40_Implementation\\20_SW\\10_work\\"
 1508      62436F64 
 1508      65735C4C 
 1508      61625C34 
 1508      305F496D 
 1509 0230 53444844 		.ascii	"SDHD_WP1\\D5-RADAR_Detection.cydsn\000"
 1509      5F575031 
 1509      5C44352D 
 1509      52414441 
 1509      525F4465 
 1510              	.LASF46:
 1511 0252 50757368 		.ascii	"Push_button_Read\000"
 1511      5F627574 
 1511      746F6E5F 
 1511      52656164 
 1511      00
 1512              	.LASF52:
 1513 0263 43464152 		.ascii	"CFAR\000"
 1513      00
 1514              	.LASF14:
 1515 0268 63686172 		.ascii	"char\000"
 1515      00
 1516              	.LASF17:
 1517 026d 696E7433 		.ascii	"int32_t\000"
 1517      325F7400 
 1518              	.LASF31:
 1519 0275 63757272 		.ascii	"currentState\000"
 1519      656E7453 
 1519      74617465 
 1519      00
 1520              	.LASF5:
 1521 0282 73686F72 		.ascii	"short unsigned int\000"
 1521      7420756E 
 1521      7369676E 
 1521      65642069 
 1521      6E7400
 1522              	.LASF34:
 1523 0295 61646352 		.ascii	"adcResults\000"
 1523      6573756C 
 1523      747300
 1524              	.LASF37:
 1525 02a0 53746174 		.ascii	"StateMachine_t\000"
 1525      654D6163 
 1525      68696E65 
 1525      5F7400
 1526              	.LASF41:
 1527 02af 63666172 		.ascii	"cfar_param\000"
 1527      5F706172 
 1527      616D00
 1528              	.LASF8:
ARM GAS  C:\Users\HP\AppData\Local\Temp\ccIyAK7K.s 			page 34


 1529 02ba 6C6F6E67 		.ascii	"long unsigned int\000"
 1529      20756E73 
 1529      69676E65 
 1529      6420696E 
 1529      7400
 1530              	.LASF19:
 1531 02cc 696E7433 		.ascii	"int32\000"
 1531      3200
 1532              	.LASF21:
 1533 02d2 646F7562 		.ascii	"double\000"
 1533      6C6500
 1534              	.LASF38:
 1535 02d9 68616E64 		.ascii	"handleIdleState\000"
 1535      6C654964 
 1535      6C655374 
 1535      61746500 
 1536              	.LASF42:
 1537 02e9 6666745F 		.ascii	"fft_iter\000"
 1537      69746572 
 1537      00
 1538              	.LASF53:
 1539 02f2 73656E64 		.ascii	"sendCFARData\000"
 1539      43464152 
 1539      44617461 
 1539      00
 1540              	.LASF6:
 1541 02ff 5F5F696E 		.ascii	"__int32_t\000"
 1541      7433325F 
 1541      7400
 1542              	.LASF23:
 1543 0309 74687265 		.ascii	"threshold_m\000"
 1543      73686F6C 
 1543      645F6D00 
 1544              	.LASF35:
 1545 0315 73616D70 		.ascii	"sampleCount\000"
 1545      6C65436F 
 1545      756E7400 
 1546              	.LASF45:
 1547 0321 59656C6C 		.ascii	"Yellow_LED_Write\000"
 1547      6F775F4C 
 1547      45445F57 
 1547      72697465 
 1547      00
 1548              	.LASF49:
 1549 0332 4144435F 		.ascii	"ADC_StartConvert\000"
 1549      53746172 
 1549      74436F6E 
 1549      76657274 
 1549      00
 1550              	.LASF57:
 1551 0343 49544D5F 		.ascii	"ITM_RxBuffer\000"
 1551      52784275 
 1551      66666572 
 1551      00
 1552              	.LASF54:
 1553 0350 474E5520 		.ascii	"GNU C11 5.4.1 20160609 (release) [ARM/embedded-5-br"
 1553      43313120 
ARM GAS  C:\Users\HP\AppData\Local\Temp\ccIyAK7K.s 			page 35


 1553      352E342E 
 1553      31203230 
 1553      31363036 
 1554 0383 616E6368 		.ascii	"anch revision 237715] -mcpu=cortex-m3 -mthumb -g -O"
 1554      20726576 
 1554      6973696F 
 1554      6E203233 
 1554      37373135 
 1555 03b6 67202D66 		.ascii	"g -ffunction-sections -ffat-lto-objects\000"
 1555      66756E63 
 1555      74696F6E 
 1555      2D736563 
 1555      74696F6E 
 1556              	.LASF44:
 1557 03de 5265645F 		.ascii	"Red_LED_Write\000"
 1557      4C45445F 
 1557      57726974 
 1557      6500
 1558              	.LASF27:
 1559 03ec 53544154 		.ascii	"STATE_IDLE\000"
 1559      455F4944 
 1559      4C4500
 1560              		.ident	"GCC: (GNU Tools for ARM Embedded Processors) 5.4.1 20160609 (release) [ARM/embedded-5-bran
